TpTrace Verbose: 0 : 65056, 1, 2021/06/22, 20:50:35.832, 8107831458657, vstest.console.dll, Version: 16.8.3
TpTrace Information: 0 : 65056, 1, 2021/06/22, 20:50:35.855, 8107831596082, vstest.console.dll, FilePatternParser: The given file C:\Users\45501\Desktop\REST\MandatoryAssignment1\SudokuSolver\SudokuTestsNUnit\bin\Debug\netcoreapp3.1\fine-code-coverage\build-output\SudokuTestsNUnit.dll is a full path.
TpTrace Verbose: 0 : 65056, 1, 2021/06/22, 20:50:35.865, 8107831699227, vstest.console.dll, TestPluginCache.DiscoverTestExtensions: finding test extensions in assemblies ends with: RuntimeProvider.dll TPluginInfo: Microsoft.VisualStudio.TestPlatform.Common.ExtensionFramework.Utilities.TestRuntimePluginInformation TExtension: Microsoft.VisualStudio.TestPlatform.ObjectModel.Host.ITestRuntimeProvider
TpTrace Verbose: 0 : 65056, 1, 2021/06/22, 20:50:35.866, 8107831706440, vstest.console.dll, TestPluginCache.GetExtensionPaths: Filtered extension paths: 
TpTrace Verbose: 0 : 65056, 1, 2021/06/22, 20:50:35.866, 8107831708418, vstest.console.dll, TestPluginCache.GetExtensionPaths: Added default extension paths: C:\Program Files\dotnet\sdk\5.0.103\Extensions\Microsoft.Diagnostics.NETCore.Client.dll
C:\Program Files\dotnet\sdk\5.0.103\Extensions\Microsoft.TestPlatform.Extensions.BlameDataCollector.dll
C:\Program Files\dotnet\sdk\5.0.103\Extensions\Microsoft.TestPlatform.Extensions.EventLogCollector.dll
C:\Program Files\dotnet\sdk\5.0.103\Extensions\Microsoft.TestPlatform.TestHostRuntimeProvider.dll
C:\Program Files\dotnet\sdk\5.0.103\Extensions\Microsoft.VisualStudio.TestPlatform.Extensions.Html.TestLogger.dll
C:\Program Files\dotnet\sdk\5.0.103\Extensions\Microsoft.VisualStudio.TestPlatform.Extensions.Trx.TestLogger.dll
TpTrace Verbose: 0 : 65056, 1, 2021/06/22, 20:50:35.866, 8107831709261, vstest.console.dll, TestPluginCache.GetExtensionPaths: Added unfilterableExtensionPaths: 
TpTrace Information: 0 : 65056, 1, 2021/06/22, 20:50:35.867, 8107831724261, vstest.console.dll, AssemblyResolver.ctor: Creating AssemblyResolver with searchDirectories C:\Program Files\dotnet\sdk\5.0.103\Extensions,C:\Program Files\dotnet\sdk\5.0.103
TpTrace Verbose: 0 : 65056, 1, 2021/06/22, 20:50:35.869, 8107831742549, vstest.console.dll, TestPluginCache.DiscoverTestExtensions: Discovering the extensions using extension path.
TpTrace Verbose: 0 : 65056, 1, 2021/06/22, 20:50:35.869, 8107831744408, vstest.console.dll, TestPluginCache.GetExtensionPaths: Filtered extension paths: 
TpTrace Verbose: 0 : 65056, 1, 2021/06/22, 20:50:35.869, 8107831745035, vstest.console.dll, TestPluginCache.GetExtensionPaths: Added default extension paths: C:\Program Files\dotnet\sdk\5.0.103\Extensions\Microsoft.Diagnostics.NETCore.Client.dll
C:\Program Files\dotnet\sdk\5.0.103\Extensions\Microsoft.TestPlatform.Extensions.BlameDataCollector.dll
C:\Program Files\dotnet\sdk\5.0.103\Extensions\Microsoft.TestPlatform.Extensions.EventLogCollector.dll
C:\Program Files\dotnet\sdk\5.0.103\Extensions\Microsoft.TestPlatform.TestHostRuntimeProvider.dll
C:\Program Files\dotnet\sdk\5.0.103\Extensions\Microsoft.VisualStudio.TestPlatform.Extensions.Html.TestLogger.dll
C:\Program Files\dotnet\sdk\5.0.103\Extensions\Microsoft.VisualStudio.TestPlatform.Extensions.Trx.TestLogger.dll
TpTrace Verbose: 0 : 65056, 1, 2021/06/22, 20:50:35.869, 8107831745435, vstest.console.dll, TestPluginCache.GetExtensionPaths: Added unfilterableExtensionPaths: 
TpTrace Verbose: 0 : 65056, 1, 2021/06/22, 20:50:35.870, 8107831746254, vstest.console.dll, TestPluginCache.DiscoverTestExtensions: Discovering the extensions using allExtensionPaths: C:\Program Files\dotnet\sdk\5.0.103\Extensions\Microsoft.Diagnostics.NETCore.Client.dll
C:\Program Files\dotnet\sdk\5.0.103\Extensions\Microsoft.TestPlatform.Extensions.BlameDataCollector.dll
C:\Program Files\dotnet\sdk\5.0.103\Extensions\Microsoft.TestPlatform.Extensions.EventLogCollector.dll
C:\Program Files\dotnet\sdk\5.0.103\Extensions\Microsoft.TestPlatform.TestHostRuntimeProvider.dll
C:\Program Files\dotnet\sdk\5.0.103\Extensions\Microsoft.VisualStudio.TestPlatform.Extensions.Html.TestLogger.dll
C:\Program Files\dotnet\sdk\5.0.103\Extensions\Microsoft.VisualStudio.TestPlatform.Extensions.Trx.TestLogger.dll
TpTrace Information: 0 : 65056, 1, 2021/06/22, 20:50:35.870, 8107831748363, vstest.console.dll, AssemblyResolver.AddSearchDirectories: Adding more searchDirectories C:\Program Files\dotnet\sdk\5.0.103\Extensions,C:\Program Files\dotnet\sdk\5.0.103
TpTrace Information: 0 : 65056, 1, 2021/06/22, 20:50:35.870, 8107831749139, vstest.console.dll, AssemblyResolver.AddSearchDirectories: Adding more searchDirectories C:\Program Files\dotnet\sdk\5.0.103\Extensions,C:\Program Files\dotnet\sdk\5.0.103
TpTrace Information: 0 : 65056, 1, 2021/06/22, 20:50:35.870, 8107831749906, vstest.console.dll, AssemblyResolver.AddSearchDirectories: Adding more searchDirectories C:\Program Files\dotnet\sdk\5.0.103\Extensions,C:\Program Files\dotnet\sdk\5.0.103
TpTrace Information: 0 : 65056, 1, 2021/06/22, 20:50:35.870, 8107831750869, vstest.console.dll, AssemblyResolver.AddSearchDirectories: Adding more searchDirectories C:\Program Files\dotnet\sdk\5.0.103\Extensions,C:\Program Files\dotnet\sdk\5.0.103
TpTrace Information: 0 : 65056, 1, 2021/06/22, 20:50:35.870, 8107831751541, vstest.console.dll, AssemblyResolver.AddSearchDirectories: Adding more searchDirectories C:\Program Files\dotnet\sdk\5.0.103\Extensions,C:\Program Files\dotnet\sdk\5.0.103
TpTrace Information: 0 : 65056, 1, 2021/06/22, 20:50:35.870, 8107831752302, vstest.console.dll, AssemblyResolver.AddSearchDirectories: Adding more searchDirectories C:\Program Files\dotnet\sdk\5.0.103\Extensions,C:\Program Files\dotnet\sdk\5.0.103
TpTrace Information: 0 : 65056, 1, 2021/06/22, 20:50:35.871, 8107831756221, vstest.console.dll, AssemblyResolver.OnResolve: Microsoft.Diagnostics.NETCore.Client: Resolving assembly.
TpTrace Information: 0 : 65056, 1, 2021/06/22, 20:50:35.872, 8107831771993, vstest.console.dll, AssemblyResolver.OnResolve: Resolved assembly: Microsoft.Diagnostics.NETCore.Client, from path: C:\Program Files\dotnet\sdk\5.0.103\Extensions\Microsoft.Diagnostics.NETCore.Client.dll
TpTrace Information: 0 : 65056, 1, 2021/06/22, 20:50:35.874, 8107831795288, vstest.console.dll, AssemblyResolver.OnResolve: Microsoft.Bcl.AsyncInterfaces: Resolving assembly.
TpTrace Information: 0 : 65056, 1, 2021/06/22, 20:50:35.875, 8107831797649, vstest.console.dll, AssemblyResolver.OnResolve: Microsoft.Bcl.AsyncInterfaces: Failed to load assembly.
TpTrace Verbose: 0 : 65056, 1, 2021/06/22, 20:50:35.875, 8107831798285, vstest.console.dll, CurrentDomain_AssemblyResolve: Resolving assembly 'Microsoft.Bcl.AsyncInterfaces'.
TpTrace Information: 0 : 65056, 1, 2021/06/22, 20:50:35.875, 8107831799453, vstest.console.dll, AssemblyResolver.OnResolve: Microsoft.Bcl.AsyncInterfaces: Resolving assembly.
TpTrace Information: 0 : 65056, 1, 2021/06/22, 20:50:35.875, 8107831800043, vstest.console.dll, AssemblyResolver.OnResolve: Microsoft.Bcl.AsyncInterfaces: Resolved from cache.
TpTrace Verbose: 0 : 65056, 1, 2021/06/22, 20:50:35.875, 8107831800941, vstest.console.dll, CurrentDomain_AssemblyResolve: Resolving assembly 'Microsoft.Bcl.AsyncInterfaces'.
TpTrace Verbose: 0 : 65056, 1, 2021/06/22, 20:50:35.875, 8107831801803, vstest.console.dll, CurrentDomainAssemblyResolve: Failed to resolve assembly 'Microsoft.Bcl.AsyncInterfaces'.
TpTrace Verbose: 0 : 65056, 1, 2021/06/22, 20:50:35.876, 8107831806407, vstest.console.dll, CurrentDomainAssemblyResolve: Failed to resolve assembly 'Microsoft.Bcl.AsyncInterfaces'.
TpTrace Warning: 0 : 65056, 1, 2021/06/22, 20:50:35.893, 8107831981608, vstest.console.dll, TestPluginDiscoverer: Failed to get types from assembly 'Microsoft.Diagnostics.NETCore.Client, Version=0.2.2.41902, Culture=neutral, PublicKeyToken=31bf3856ad364e35'.  Skipping test extension scan for this assembly.  Error: System.Reflection.ReflectionTypeLoadException: Unable to load one or more of the requested types.
Could not load file or assembly 'Microsoft.Bcl.AsyncInterfaces, Version=1.0.0.0, Culture=neutral, PublicKeyToken=cc7b13ffcd2ddd51'. The system cannot find the file specified.
   at System.Reflection.RuntimeModule.GetTypes(RuntimeModule module)
   at System.Reflection.RuntimeModule.GetTypes()
   at System.Reflection.Assembly.GetTypes()
   at Microsoft.VisualStudio.TestPlatform.Common.ExtensionFramework.TestPluginDiscoverer.GetTestExtensionsFromAssembly[TPluginInfo,TExtension](Assembly assembly, Dictionary`2 pluginInfos)
System.IO.FileNotFoundException: Could not load file or assembly 'Microsoft.Bcl.AsyncInterfaces, Version=1.0.0.0, Culture=neutral, PublicKeyToken=cc7b13ffcd2ddd51'. The system cannot find the file specified.
File name: 'Microsoft.Bcl.AsyncInterfaces, Version=1.0.0.0, Culture=neutral, PublicKeyToken=cc7b13ffcd2ddd51'
TpTrace Warning: 0 : 65056, 1, 2021/06/22, 20:50:35.893, 8107831983678, vstest.console.dll, LoaderExceptions: System.IO.FileNotFoundException: Could not load file or assembly 'Microsoft.Bcl.AsyncInterfaces, Version=1.0.0.0, Culture=neutral, PublicKeyToken=cc7b13ffcd2ddd51'. The system cannot find the file specified.
File name: 'Microsoft.Bcl.AsyncInterfaces, Version=1.0.0.0, Culture=neutral, PublicKeyToken=cc7b13ffcd2ddd51'
TpTrace Information: 0 : 65056, 1, 2021/06/22, 20:50:35.893, 8107831984849, vstest.console.dll, AssemblyResolver.OnResolve: Microsoft.TestPlatform.Extensions.BlameDataCollector: Resolving assembly.
TpTrace Information: 0 : 65056, 1, 2021/06/22, 20:50:35.894, 8107831993036, vstest.console.dll, AssemblyResolver.OnResolve: Resolved assembly: Microsoft.TestPlatform.Extensions.BlameDataCollector, from path: C:\Program Files\dotnet\sdk\5.0.103\Extensions\Microsoft.TestPlatform.Extensions.BlameDataCollector.dll
TpTrace Information: 0 : 65056, 1, 2021/06/22, 20:50:35.895, 8107831999772, vstest.console.dll, AssemblyResolver.OnResolve: Microsoft.TestPlatform.Extensions.EventLogCollector: Resolving assembly.
TpTrace Information: 0 : 65056, 1, 2021/06/22, 20:50:35.896, 8107832006268, vstest.console.dll, AssemblyResolver.OnResolve: Resolved assembly: Microsoft.TestPlatform.Extensions.EventLogCollector, from path: C:\Program Files\dotnet\sdk\5.0.103\Extensions\Microsoft.TestPlatform.Extensions.EventLogCollector.dll
TpTrace Information: 0 : 65056, 1, 2021/06/22, 20:50:35.897, 8107832024167, vstest.console.dll, AssemblyResolver.OnResolve: Microsoft.TestPlatform.TestHostRuntimeProvider: Resolving assembly.
TpTrace Information: 0 : 65056, 1, 2021/06/22, 20:50:35.898, 8107832031252, vstest.console.dll, AssemblyResolver.OnResolve: Resolved assembly: Microsoft.TestPlatform.TestHostRuntimeProvider, from path: C:\Program Files\dotnet\sdk\5.0.103\Extensions\Microsoft.TestPlatform.TestHostRuntimeProvider.dll
TpTrace Information: 0 : 65056, 1, 2021/06/22, 20:50:35.899, 8107832044721, vstest.console.dll, AssemblyResolver.OnResolve: Microsoft.VisualStudio.TestPlatform.Extensions.Html.TestLogger: Resolving assembly.
TpTrace Information: 0 : 65056, 1, 2021/06/22, 20:50:35.900, 8107832054432, vstest.console.dll, AssemblyResolver.OnResolve: Resolved assembly: Microsoft.VisualStudio.TestPlatform.Extensions.Html.TestLogger, from path: C:\Program Files\dotnet\sdk\5.0.103\Extensions\Microsoft.VisualStudio.TestPlatform.Extensions.Html.TestLogger.dll
TpTrace Information: 0 : 65056, 1, 2021/06/22, 20:50:35.901, 8107832058957, vstest.console.dll, AssemblyResolver.OnResolve: Microsoft.VisualStudio.TestPlatform.Extensions.Trx.TestLogger: Resolving assembly.
TpTrace Information: 0 : 65056, 1, 2021/06/22, 20:50:35.902, 8107832068693, vstest.console.dll, AssemblyResolver.OnResolve: Resolved assembly: Microsoft.VisualStudio.TestPlatform.Extensions.Trx.TestLogger, from path: C:\Program Files\dotnet\sdk\5.0.103\Extensions\Microsoft.VisualStudio.TestPlatform.Extensions.Trx.TestLogger.dll
TpTrace Verbose: 0 : 65056, 1, 2021/06/22, 20:50:35.903, 8107832081924, vstest.console.dll, TestPluginCache: Discovered the extensions using extension path ''.
TpTrace Verbose: 0 : 65056, 1, 2021/06/22, 20:50:35.903, 8107832082861, vstest.console.dll, TestPluginCache: Discoverers are ''.
TpTrace Verbose: 0 : 65056, 1, 2021/06/22, 20:50:35.903, 8107832083212, vstest.console.dll, TestPluginCache: Executors are ''.
TpTrace Verbose: 0 : 65056, 1, 2021/06/22, 20:50:35.903, 8107832083557, vstest.console.dll, TestPluginCache: Executors2 are ''.
TpTrace Verbose: 0 : 65056, 1, 2021/06/22, 20:50:35.903, 8107832083960, vstest.console.dll, TestPluginCache: Setting providers are ''.
TpTrace Verbose: 0 : 65056, 1, 2021/06/22, 20:50:35.903, 8107832084268, vstest.console.dll, TestPluginCache: Loggers are ''.
TpTrace Information: 0 : 65056, 1, 2021/06/22, 20:50:35.908, 8107832132824, vstest.console.dll, RunTestsArgumentProcessor:Execute: Test run is starting.
TpTrace Verbose: 0 : 65056, 1, 2021/06/22, 20:50:35.908, 8107832133777, vstest.console.dll, RunTestsArgumentProcessor:Execute: Queuing Test run.
TpTrace Information: 0 : 65056, 1, 2021/06/22, 20:50:35.908, 8107832135549, vstest.console.dll, TestRequestManager.RunTests: run tests started.
TpTrace Information: 0 : 65056, 1, 2021/06/22, 20:50:35.921, 8107832258334, vstest.console.dll, AssemblyMetadataProvider.GetFrameWork: Determined framework:'.NETCoreApp,Version=v3.1' for source: 'C:\Users\45501\Desktop\REST\MandatoryAssignment1\SudokuSolver\SudokuTestsNUnit\bin\Debug\netcoreapp3.1\fine-code-coverage\build-output\SudokuTestsNUnit.dll'
TpTrace Information: 0 : 65056, 1, 2021/06/22, 20:50:35.921, 8107832260149, vstest.console.dll, Determined framework for all sources: .NETCoreApp,Version=v3.1
TpTrace Information: 0 : 65056, 1, 2021/06/22, 20:50:35.921, 8107832264413, vstest.console.dll, AssemblyMetadataProvider.GetArchitecture: Determined architecture:AnyCPU info for assembly: C:\Users\45501\Desktop\REST\MandatoryAssignment1\SudokuSolver\SudokuTestsNUnit\bin\Debug\netcoreapp3.1\fine-code-coverage\build-output\SudokuTestsNUnit.dll
TpTrace Information: 0 : 65056, 1, 2021/06/22, 20:50:35.923, 8107832281835, vstest.console.dll, Determined platform for all sources: X64
TpTrace Information: 0 : 65056, 1, 2021/06/22, 20:50:35.927, 8107832316205, vstest.console.dll, Compatible sources list : 
TpTrace Information: 0 : 65056, 1, 2021/06/22, 20:50:35.927, 8107832317354, vstest.console.dll, C:\Users\45501\Desktop\REST\MandatoryAssignment1\SudokuSolver\SudokuTestsNUnit\bin\Debug\netcoreapp3.1\fine-code-coverage\build-output\SudokuTestsNUnit.dll
TpTrace Information: 0 : 65056, 1, 2021/06/22, 20:50:35.929, 8107832337995, vstest.console.dll, InferRunSettingsHelper.IsTestSettingsEnabled: Unable to navigate to RunSettings/MSTest. Current node: RunSettings
TpTrace Information: 0 : 65056, 1, 2021/06/22, 20:50:35.930, 8107832347367, vstest.console.dll, AssemblyResolver.OnResolve: Microsoft.VisualStudio.TestPlatform.Fakes: Resolving assembly.
TpTrace Information: 0 : 65056, 1, 2021/06/22, 20:50:35.930, 8107832350043, vstest.console.dll, AssemblyResolver.OnResolve: Microsoft.VisualStudio.TestPlatform.Fakes: Failed to load assembly.
TpTrace Information: 0 : 65056, 1, 2021/06/22, 20:50:35.930, 8107832353631, vstest.console.dll, Failed to create newly implemented Fakes Configurator. Reason:System.IO.FileNotFoundException: Could not load file or assembly 'Microsoft.VisualStudio.TestPlatform.Fakes, Version=16.0.0.0, Culture=neutral, PublicKeyToken=null'. The system cannot find the file specified.
File name: 'Microsoft.VisualStudio.TestPlatform.Fakes, Version=16.0.0.0, Culture=neutral, PublicKeyToken=null'
   at System.Reflection.RuntimeAssembly.InternalLoad(ObjectHandleOnStack assemblyName, ObjectHandleOnStack requestingAssembly, StackCrawlMarkHandle stackMark, Boolean throwOnFileNotFound, ObjectHandleOnStack assemblyLoadContext, ObjectHandleOnStack retAssembly)
   at System.Reflection.RuntimeAssembly.InternalLoad(AssemblyName assemblyName, RuntimeAssembly requestingAssembly, StackCrawlMark& stackMark, Boolean throwOnFileNotFound, AssemblyLoadContext assemblyLoadContext)
   at System.Reflection.Assembly.Load(String assemblyString)
   at Microsoft.VisualStudio.TestPlatform.Common.Utilities.FakesUtilities.TryGetFakesCrossPlatformDataCollectorConfigurator() 
TpTrace Verbose: 0 : 65056, 1, 2021/06/22, 20:50:35.935, 8107832396090, vstest.console.dll, TestPluginCache.DiscoverTestExtensions: finding test extensions in assemblies ends with: TestLogger.dll TPluginInfo: Microsoft.VisualStudio.TestPlatform.Common.ExtensionFramework.Utilities.TestLoggerPluginInformation TExtension: Microsoft.VisualStudio.TestPlatform.ObjectModel.Client.ITestLogger
TpTrace Verbose: 0 : 65056, 1, 2021/06/22, 20:50:35.935, 8107832397536, vstest.console.dll, TestPluginCache.GetExtensionPaths: Filtered extension paths: 
TpTrace Verbose: 0 : 65056, 1, 2021/06/22, 20:50:35.935, 8107832398013, vstest.console.dll, TestPluginCache.GetExtensionPaths: Added default extension paths: C:\Program Files\dotnet\sdk\5.0.103\Extensions\Microsoft.Diagnostics.NETCore.Client.dll
C:\Program Files\dotnet\sdk\5.0.103\Extensions\Microsoft.TestPlatform.Extensions.BlameDataCollector.dll
C:\Program Files\dotnet\sdk\5.0.103\Extensions\Microsoft.TestPlatform.Extensions.EventLogCollector.dll
C:\Program Files\dotnet\sdk\5.0.103\Extensions\Microsoft.TestPlatform.TestHostRuntimeProvider.dll
C:\Program Files\dotnet\sdk\5.0.103\Extensions\Microsoft.VisualStudio.TestPlatform.Extensions.Html.TestLogger.dll
C:\Program Files\dotnet\sdk\5.0.103\Extensions\Microsoft.VisualStudio.TestPlatform.Extensions.Trx.TestLogger.dll
TpTrace Verbose: 0 : 65056, 1, 2021/06/22, 20:50:35.935, 8107832398434, vstest.console.dll, TestPluginCache.GetExtensionPaths: Added unfilterableExtensionPaths: 
TpTrace Information: 0 : 65056, 1, 2021/06/22, 20:50:35.935, 8107832400001, vstest.console.dll, AssemblyResolver.AddSearchDirectories: Adding more searchDirectories C:\Program Files\dotnet\sdk\5.0.103\Extensions,C:\Program Files\dotnet\sdk\5.0.103
TpTrace Verbose: 0 : 65056, 1, 2021/06/22, 20:50:35.935, 8107832400672, vstest.console.dll, TestPluginCache.DiscoverTestExtensions: Discovering the extensions using extension path.
TpTrace Verbose: 0 : 65056, 1, 2021/06/22, 20:50:35.935, 8107832401044, vstest.console.dll, TestPluginCache.GetExtensionPaths: Filtered extension paths: 
TpTrace Verbose: 0 : 65056, 1, 2021/06/22, 20:50:35.935, 8107832401386, vstest.console.dll, TestPluginCache.GetExtensionPaths: Added default extension paths: C:\Program Files\dotnet\sdk\5.0.103\Extensions\Microsoft.Diagnostics.NETCore.Client.dll
C:\Program Files\dotnet\sdk\5.0.103\Extensions\Microsoft.TestPlatform.Extensions.BlameDataCollector.dll
C:\Program Files\dotnet\sdk\5.0.103\Extensions\Microsoft.TestPlatform.Extensions.EventLogCollector.dll
C:\Program Files\dotnet\sdk\5.0.103\Extensions\Microsoft.TestPlatform.TestHostRuntimeProvider.dll
C:\Program Files\dotnet\sdk\5.0.103\Extensions\Microsoft.VisualStudio.TestPlatform.Extensions.Html.TestLogger.dll
C:\Program Files\dotnet\sdk\5.0.103\Extensions\Microsoft.VisualStudio.TestPlatform.Extensions.Trx.TestLogger.dll
TpTrace Verbose: 0 : 65056, 1, 2021/06/22, 20:50:35.935, 8107832401787, vstest.console.dll, TestPluginCache.GetExtensionPaths: Added unfilterableExtensionPaths: 
TpTrace Verbose: 0 : 65056, 1, 2021/06/22, 20:50:35.935, 8107832402144, vstest.console.dll, TestPluginCache.DiscoverTestExtensions: Discovering the extensions using allExtensionPaths: C:\Program Files\dotnet\sdk\5.0.103\Extensions\Microsoft.Diagnostics.NETCore.Client.dll
C:\Program Files\dotnet\sdk\5.0.103\Extensions\Microsoft.TestPlatform.Extensions.BlameDataCollector.dll
C:\Program Files\dotnet\sdk\5.0.103\Extensions\Microsoft.TestPlatform.Extensions.EventLogCollector.dll
C:\Program Files\dotnet\sdk\5.0.103\Extensions\Microsoft.TestPlatform.TestHostRuntimeProvider.dll
C:\Program Files\dotnet\sdk\5.0.103\Extensions\Microsoft.VisualStudio.TestPlatform.Extensions.Html.TestLogger.dll
C:\Program Files\dotnet\sdk\5.0.103\Extensions\Microsoft.VisualStudio.TestPlatform.Extensions.Trx.TestLogger.dll
TpTrace Information: 0 : 65056, 1, 2021/06/22, 20:50:35.935, 8107832402687, vstest.console.dll, AssemblyResolver.AddSearchDirectories: Adding more searchDirectories C:\Program Files\dotnet\sdk\5.0.103\Extensions,C:\Program Files\dotnet\sdk\5.0.103
TpTrace Information: 0 : 65056, 1, 2021/06/22, 20:50:35.935, 8107832403086, vstest.console.dll, AssemblyResolver.AddSearchDirectories: Adding more searchDirectories C:\Program Files\dotnet\sdk\5.0.103\Extensions,C:\Program Files\dotnet\sdk\5.0.103
TpTrace Information: 0 : 65056, 1, 2021/06/22, 20:50:35.935, 8107832403474, vstest.console.dll, AssemblyResolver.AddSearchDirectories: Adding more searchDirectories C:\Program Files\dotnet\sdk\5.0.103\Extensions,C:\Program Files\dotnet\sdk\5.0.103
TpTrace Information: 0 : 65056, 1, 2021/06/22, 20:50:35.935, 8107832403905, vstest.console.dll, AssemblyResolver.AddSearchDirectories: Adding more searchDirectories C:\Program Files\dotnet\sdk\5.0.103\Extensions,C:\Program Files\dotnet\sdk\5.0.103
TpTrace Information: 0 : 65056, 1, 2021/06/22, 20:50:35.935, 8107832404263, vstest.console.dll, AssemblyResolver.AddSearchDirectories: Adding more searchDirectories C:\Program Files\dotnet\sdk\5.0.103\Extensions,C:\Program Files\dotnet\sdk\5.0.103
TpTrace Information: 0 : 65056, 1, 2021/06/22, 20:50:35.935, 8107832404612, vstest.console.dll, AssemblyResolver.AddSearchDirectories: Adding more searchDirectories C:\Program Files\dotnet\sdk\5.0.103\Extensions,C:\Program Files\dotnet\sdk\5.0.103
TpTrace Information: 0 : 65056, 1, 2021/06/22, 20:50:35.936, 8107832406576, vstest.console.dll, AssemblyResolver.OnResolve: Microsoft.Bcl.AsyncInterfaces: Resolving assembly.
TpTrace Information: 0 : 65056, 1, 2021/06/22, 20:50:35.936, 8107832407059, vstest.console.dll, AssemblyResolver.OnResolve: Microsoft.Bcl.AsyncInterfaces: Resolved from cache.
TpTrace Verbose: 0 : 65056, 1, 2021/06/22, 20:50:35.936, 8107832407430, vstest.console.dll, CurrentDomain_AssemblyResolve: Resolving assembly 'Microsoft.Bcl.AsyncInterfaces'.
TpTrace Information: 0 : 65056, 1, 2021/06/22, 20:50:35.936, 8107832407984, vstest.console.dll, AssemblyResolver.OnResolve: Microsoft.Bcl.AsyncInterfaces: Resolving assembly.
TpTrace Information: 0 : 65056, 1, 2021/06/22, 20:50:35.936, 8107832408332, vstest.console.dll, AssemblyResolver.OnResolve: Microsoft.Bcl.AsyncInterfaces: Resolved from cache.
TpTrace Verbose: 0 : 65056, 1, 2021/06/22, 20:50:35.936, 8107832408723, vstest.console.dll, CurrentDomain_AssemblyResolve: Resolving assembly 'Microsoft.Bcl.AsyncInterfaces'.
TpTrace Verbose: 0 : 65056, 1, 2021/06/22, 20:50:35.936, 8107832409044, vstest.console.dll, CurrentDomainAssemblyResolve: Failed to resolve assembly 'Microsoft.Bcl.AsyncInterfaces'.
TpTrace Verbose: 0 : 65056, 1, 2021/06/22, 20:50:35.936, 8107832410537, vstest.console.dll, CurrentDomainAssemblyResolve: Failed to resolve assembly 'Microsoft.Bcl.AsyncInterfaces'.
TpTrace Warning: 0 : 65056, 1, 2021/06/22, 20:50:35.936, 8107832413184, vstest.console.dll, TestPluginDiscoverer: Failed to get types from assembly 'Microsoft.Diagnostics.NETCore.Client, Version=0.2.2.41902, Culture=neutral, PublicKeyToken=31bf3856ad364e35'.  Skipping test extension scan for this assembly.  Error: System.Reflection.ReflectionTypeLoadException: Unable to load one or more of the requested types.
Could not load file or assembly 'Microsoft.Bcl.AsyncInterfaces, Version=1.0.0.0, Culture=neutral, PublicKeyToken=cc7b13ffcd2ddd51'. The system cannot find the file specified.
   at System.Reflection.RuntimeModule.GetTypes(RuntimeModule module)
   at System.Reflection.RuntimeModule.GetTypes()
   at System.Reflection.Assembly.GetTypes()
   at Microsoft.VisualStudio.TestPlatform.Common.ExtensionFramework.TestPluginDiscoverer.GetTestExtensionsFromAssembly[TPluginInfo,TExtension](Assembly assembly, Dictionary`2 pluginInfos)
System.IO.FileNotFoundException: Could not load file or assembly 'Microsoft.Bcl.AsyncInterfaces, Version=1.0.0.0, Culture=neutral, PublicKeyToken=cc7b13ffcd2ddd51'. The system cannot find the file specified.
File name: 'Microsoft.Bcl.AsyncInterfaces, Version=1.0.0.0, Culture=neutral, PublicKeyToken=cc7b13ffcd2ddd51'
TpTrace Warning: 0 : 65056, 1, 2021/06/22, 20:50:35.936, 8107832413707, vstest.console.dll, LoaderExceptions: System.IO.FileNotFoundException: Could not load file or assembly 'Microsoft.Bcl.AsyncInterfaces, Version=1.0.0.0, Culture=neutral, PublicKeyToken=cc7b13ffcd2ddd51'. The system cannot find the file specified.
File name: 'Microsoft.Bcl.AsyncInterfaces, Version=1.0.0.0, Culture=neutral, PublicKeyToken=cc7b13ffcd2ddd51'
TpTrace Verbose: 0 : 65056, 1, 2021/06/22, 20:50:35.937, 8107832416696, vstest.console.dll, TestPluginCache: Discovered the extensions using extension path ''.
TpTrace Verbose: 0 : 65056, 1, 2021/06/22, 20:50:35.937, 8107832417176, vstest.console.dll, TestPluginCache: Discoverers are ''.
TpTrace Verbose: 0 : 65056, 1, 2021/06/22, 20:50:35.937, 8107832417503, vstest.console.dll, TestPluginCache: Executors are ''.
TpTrace Verbose: 0 : 65056, 1, 2021/06/22, 20:50:35.937, 8107832417803, vstest.console.dll, TestPluginCache: Executors2 are ''.
TpTrace Verbose: 0 : 65056, 1, 2021/06/22, 20:50:35.937, 8107832418096, vstest.console.dll, TestPluginCache: Setting providers are ''.
TpTrace Verbose: 0 : 65056, 1, 2021/06/22, 20:50:35.937, 8107832418821, vstest.console.dll, TestPluginCache: Loggers are 'logger://Microsoft/TestPlatform/Extensions/Blame/v1,logger://Microsoft/TestPlatform/HtmlLogger/v1,logger://Microsoft/TestPlatform/TrxLogger/v1'.
TpTrace Information: 0 : 65056, 1, 2021/06/22, 20:50:35.937, 8107832425160, vstest.console.dll, TestPluginManager.CreateTestExtension: Attempting to load test extension: Microsoft.TestPlatform.Extensions.BlameDataCollector.BlameLogger
TpTrace Information: 0 : 65056, 1, 2021/06/22, 20:50:35.947, 8107832517685, vstest.console.dll, TestPluginManager.CreateTestExtension: Attempting to load test extension: Microsoft.VisualStudio.TestPlatform.CrossPlatEngine.Hosting.DefaultTestHostManager
TpTrace Information: 0 : 65056, 1, 2021/06/22, 20:50:35.947, 8107832522480, vstest.console.dll, TestPluginManager.CreateTestExtension: Attempting to load test extension: Microsoft.VisualStudio.TestPlatform.CrossPlatEngine.Hosting.DotnetTestHostManager
TpTrace Verbose: 0 : 65056, 1, 2021/06/22, 20:50:35.948, 8107832534010, vstest.console.dll, TestEngine: Initializing Parallel Execution as MaxCpuCount is set to: 1
TpTrace Information: 0 : 65056, 1, 2021/06/22, 20:50:35.949, 8107832541277, vstest.console.dll, InferRunSettingsHelper.IsTestSettingsEnabled: Unable to navigate to RunSettings/MSTest. Current node: RunSettings
TpTrace Verbose: 0 : 65056, 1, 2021/06/22, 20:50:35.964, 8107832690791, vstest.console.dll, TestRequestSender is acting as server
TpTrace Verbose: 0 : 65056, 4, 2021/06/22, 20:50:35.968, 8107832727605, vstest.console.dll, DataCollectionRequestSender.InitializeCommunication : Initialize communication. 
TpTrace Information: 0 : 65056, 4, 2021/06/22, 20:50:35.982, 8107832869173, vstest.console.dll, Listening on Endpoint : 127.0.0.1:20346
TpTrace Verbose: 0 : 65056, 4, 2021/06/22, 20:50:35.994, 8107832986237, vstest.console.dll, DotnetDataCollectionLauncher: Full path of dotnet.exe is C:\Program Files\dotnet\dotnet.exe
TpTrace Verbose: 0 : 65056, 4, 2021/06/22, 20:50:35.994, 8107832987739, vstest.console.dll, DotnetDataCollectionLauncher: Adding  --runtimeconfig "C:\Program Files\dotnet\sdk\5.0.103\datacollector.runtimeconfig.json" in args
TpTrace Verbose: 0 : 65056, 4, 2021/06/22, 20:50:35.994, 8107832988532, vstest.console.dll, DotnetDataCollectionLauncher: Adding  --depsfile "C:\Program Files\dotnet\sdk\5.0.103\datacollector.deps.json" in args
TpTrace Information: 0 : 65056, 4, 2021/06/22, 20:50:36.008, 8107833126078, vstest.console.dll, ProxyDataCollectionManager.Initialize: Launched datacollector processId: 7612 port: 20346
TpTrace Information: 0 : 65056, 4, 2021/06/22, 20:50:36.008, 8107833127801, vstest.console.dll, ProxyDataCollectionManager.Initialize: waiting for connection with timeout: 90 seconds
TpTrace Verbose: 0 : 65056, 4, 2021/06/22, 20:50:36.008, 8107833128533, vstest.console.dll, DataCollectionRequestSender.WaitForRequestHandlerConnection : Waiting for connection with timeout: 90000
TpTrace Information: 0 : 65056, 7, 2021/06/22, 20:50:36.195, 8107835002892, vstest.console.dll, Using the buffer size of 16384 bytes
TpTrace Information: 0 : 65056, 7, 2021/06/22, 20:50:36.195, 8107835004325, vstest.console.dll, Accepted Client request and set the flag
TpTrace Verbose: 0 : 65056, 4, 2021/06/22, 20:50:36.195, 8107835003522, vstest.console.dll, ProxyDataCollectionManager.InvokeDataCollectionServiceAction: Starting.
TpTrace Information: 0 : 65056, 4, 2021/06/22, 20:50:36.196, 8107835008175, vstest.console.dll, ProxyDataCollectionManager.BeforeTestRunStart: Get environment variable and port for datacollector processId: 7612 port: 20346
TpTrace Verbose: 0 : 65056, 4, 2021/06/22, 20:50:36.196, 8107835009335, vstest.console.dll, DataCollectionRequestSender.SendBeforeTestRunStartAndGetResult : Send BeforeTestRunStart message with settingsXml <RunSettings><RunConfiguration><ResultsDirectory>C:\Users\45501\Desktop\REST\MandatoryAssignment1\SudokuSolver\SudokuTestsNUnit\bin\Debug\netcoreapp3.1\fine-code-coverage\coverage-tool-output</ResultsDirectory><TargetPlatform>X64</TargetPlatform><TargetFrameworkVersion>.NETCoreApp,Version=v3.1</TargetFrameworkVersion><DesignMode>False</DesignMode><CollectSourceInformation>False</CollectSourceInformation><TestAdaptersPaths>C:\Program Files\dotnet\sdk\5.0.103\Extensions</TestAdaptersPaths></RunConfiguration><LoggerRunSettings><Loggers><Logger friendlyName="blame" enabled="True" /><Logger friendlyName="Console" uri="logger://microsoft/TestPlatform/ConsoleLogger/v1" assemblyQualifiedName="Microsoft.VisualStudio.TestPlatform.CommandLine.Internal.ConsoleLogger, vstest.console, Version=15.0.0.0, Culture=neutral, PublicKeyToken=b03f5f7f11d50a3a" codeBase="C:\Program Files\dotnet\sdk\5.0.103\vstest.console.dll" enabled="True" /></Loggers></LoggerRunSettings><DataCollectionRunSettings><DataCollectors><DataCollector friendlyName="blame" enabled="True"><Configuration><ResultsDirectory>C:\Users\45501\Desktop\REST\MandatoryAssignment1\SudokuSolver\SudokuTestsNUnit\bin\Debug\netcoreapp3.1\fine-code-coverage\coverage-tool-output</ResultsDirectory></Configuration></DataCollector></DataCollectors></DataCollectionRunSettings></RunSettings> and sources System.Linq.Enumerable+Concat2Iterator`1[System.String]: 
TpTrace Verbose: 0 : 65056, 4, 2021/06/22, 20:50:36.275, 8107835801574, vstest.console.dll, DataCollectionRequestSender.SendBeforeTestRunStartAndGetResult : Received message: (DataCollection.SendMessage) -> {
  "FriendlyName": null,
  "Uri": null,
  "TestCaseId": "00000000-0000-0000-0000-000000000000",
  "Message": "Logging DataCollector Diagnostics in file: C:\\Users\\45501\\Desktop\\REST\\MandatoryAssignment1\\SudokuSolver\\SudokuTestsNUnit\\bin\\Debug\\netcoreapp3.1\\fine-code-coverage\\coverage-tool-output\\diagnostics.datacollector.21-06-22_20-50-35_98886_4.log",
  "Level": 0
}
TpTrace Verbose: 0 : 65056, 4, 2021/06/22, 20:50:36.339, 8107836441211, vstest.console.dll, DataCollectionRequestSender.SendBeforeTestRunStartAndGetResult : Received message: (DataCollection.BeforeTestRunStartResult) -> {
  "EnvironmentVariables": {},
  "DataCollectionEventsPort": 20348
}
TpTrace Information: 0 : 65056, 4, 2021/06/22, 20:50:36.343, 8107836483548, vstest.console.dll, ProxyDataCollectionManager.BeforeTestRunStart: SendBeforeTestRunStartAndGetResult successful, env variable from datacollector:   and testhost port: 20348
TpTrace Information: 0 : 65056, 4, 2021/06/22, 20:50:36.343, 8107836484581, vstest.console.dll, ProxyDataCollectionManager.InvokeDataCollectionServiceAction: Completed.
TpTrace Verbose: 0 : 65056, 1, 2021/06/22, 20:50:36.344, 8107836486118, vstest.console.dll, TestRunRequest.ExecuteAsync: Creating test run request.
TpTrace Verbose: 0 : 65056, 1, 2021/06/22, 20:50:36.344, 8107836488439, vstest.console.dll, TestRunRequest.ExecuteAsync: Starting.
TpTrace Information: 0 : 65056, 1, 2021/06/22, 20:50:36.344, 8107836490934, vstest.console.dll, TestRunRequest.ExecuteAsync: Starting run with settings:TestRunCriteria:
   KeepAlive=False,FrequencyOfRunStatsChangeEvent=10,RunStatsChangeEventTimeout=00:00:01.5000000,TestCaseFilter=,TestExecutorLauncher=
   Settingsxml=<RunSettings>
  <RunConfiguration>
    <ResultsDirectory>C:\Users\45501\Desktop\REST\MandatoryAssignment1\SudokuSolver\SudokuTestsNUnit\bin\Debug\netcoreapp3.1\fine-code-coverage\coverage-tool-output</ResultsDirectory>
    <TargetPlatform>X64</TargetPlatform>
    <TargetFrameworkVersion>.NETCoreApp,Version=v3.1</TargetFrameworkVersion>
    <DesignMode>False</DesignMode>
    <CollectSourceInformation>False</CollectSourceInformation>
  </RunConfiguration>
  <LoggerRunSettings>
    <Loggers>
      <Logger friendlyName="blame" enabled="True" />
      <Logger friendlyName="Console" uri="logger://microsoft/TestPlatform/ConsoleLogger/v1" assemblyQualifiedName="Microsoft.VisualStudio.TestPlatform.CommandLine.Internal.ConsoleLogger, vstest.console, Version=15.0.0.0, Culture=neutral, PublicKeyToken=b03f5f7f11d50a3a" codeBase="C:\Program Files\dotnet\sdk\5.0.103\vstest.console.dll" enabled="True" />
    </Loggers>
  </LoggerRunSettings>
  <DataCollectionRunSettings>
    <DataCollectors>
      <DataCollector friendlyName="blame" enabled="True">
        <Configuration>
          <ResultsDirectory>C:\Users\45501\Desktop\REST\MandatoryAssignment1\SudokuSolver\SudokuTestsNUnit\bin\Debug\netcoreapp3.1\fine-code-coverage\coverage-tool-output</ResultsDirectory>
        </Configuration>
      </DataCollector>
    </DataCollectors>
  </DataCollectionRunSettings>
</RunSettings>

TpTrace Verbose: 0 : 65056, 1, 2021/06/22, 20:50:36.344, 8107836492207, vstest.console.dll, TestRunRequest.ExecuteAsync: Wait for the first run request is over.
TpTrace Verbose: 0 : 65056, 1, 2021/06/22, 20:50:36.344, 8107836495671, vstest.console.dll, ParallelProxyExecutionManager: Start execution. Total sources: 1
TpTrace Information: 0 : 65056, 1, 2021/06/22, 20:50:36.345, 8107836504090, vstest.console.dll, ProxyParallelExecutionManager: Triggering test run for next source: C:\Users\45501\Desktop\REST\MandatoryAssignment1\SudokuSolver\SudokuTestsNUnit\bin\Debug\netcoreapp3.1\fine-code-coverage\build-output\SudokuTestsNUnit.dll
TpTrace Verbose: 0 : 65056, 4, 2021/06/22, 20:50:36.345, 8107836505977, vstest.console.dll, ParallelProxyExecutionManager: Execution started. Started clients: 1
TpTrace Verbose: 0 : 65056, 1, 2021/06/22, 20:50:36.346, 8107836506160, vstest.console.dll, ProxyParallelExecutionManager: No sources available for execution.
TpTrace Information: 0 : 65056, 1, 2021/06/22, 20:50:36.346, 8107836507597, vstest.console.dll, TestRunRequest.ExecuteAsync: Started.
TpTrace Verbose: 0 : 65056, 1, 2021/06/22, 20:50:36.346, 8107836508429, vstest.console.dll, TestRunRequest.WaitForCompletion: Waiting with timeout -1.
TpTrace Verbose: 0 : 65056, 4, 2021/06/22, 20:50:36.346, 8107836509683, vstest.console.dll, TestRunRequest:SendTestRunMessage: Starting.
TpTrace Information: 0 : 65056, 4, 2021/06/22, 20:50:36.346, 8107836511244, vstest.console.dll, TestRunRequest:SendTestRunMessage: Completed.
TpTrace Verbose: 0 : 65056, 4, 2021/06/22, 20:50:36.346, 8107836513108, vstest.console.dll, ProxyExecutionManager: Test host is always Lazy initialize.
TpTrace Verbose: 0 : 65056, 4, 2021/06/22, 20:50:36.346, 8107836515543, vstest.console.dll, TestRequestSender.InitializeCommunication: initialize communication. 
TpTrace Information: 0 : 65056, 4, 2021/06/22, 20:50:36.347, 8107836520126, vstest.console.dll, SocketServer.Start: Listening on endpoint : 127.0.0.1:20349
TpTrace Verbose: 0 : 65056, 4, 2021/06/22, 20:50:36.348, 8107836527091, vstest.console.dll, DotnetTestHostmanager: Adding  --runtimeconfig "C:\Users\45501\Desktop\REST\MandatoryAssignment1\SudokuSolver\SudokuTestsNUnit\bin\Debug\netcoreapp3.1\fine-code-coverage\build-output\SudokuTestsNUnit.runtimeconfig.json" in args
TpTrace Verbose: 0 : 65056, 4, 2021/06/22, 20:50:36.348, 8107836528046, vstest.console.dll, DotnetTestHostmanager: Adding  --depsfile "C:\Users\45501\Desktop\REST\MandatoryAssignment1\SudokuSolver\SudokuTestsNUnit\bin\Debug\netcoreapp3.1\fine-code-coverage\build-output\SudokuTestsNUnit.deps.json" in args
TpTrace Information: 0 : 65056, 4, 2021/06/22, 20:50:36.348, 8107836530374, vstest.console.dll, AssemblyResolver.OnResolve: Microsoft.Extensions.DependencyModel: Resolving assembly.
TpTrace Information: 0 : 65056, 4, 2021/06/22, 20:50:36.349, 8107836538782, vstest.console.dll, AssemblyResolver.OnResolve: Resolved assembly: Microsoft.Extensions.DependencyModel, from path: C:\Program Files\dotnet\sdk\5.0.103\Microsoft.Extensions.DependencyModel.dll
TpTrace Verbose: 0 : 65056, 4, 2021/06/22, 20:50:36.349, 8107836541867, vstest.console.dll, DotnetTestHostmanager: Reading file C:\Users\45501\Desktop\REST\MandatoryAssignment1\SudokuSolver\SudokuTestsNUnit\bin\Debug\netcoreapp3.1\fine-code-coverage\build-output\SudokuTestsNUnit.deps.json to get path of testhost.dll
TpTrace Verbose: 0 : 65056, 4, 2021/06/22, 20:50:36.369, 8107836743696, vstest.console.dll, DotnetTestHostmanager: Relative path of testhost.dll with respect to package folder is microsoft.testplatform.testhost/16.5.0\lib/netcoreapp2.1/testhost.dll
TpTrace Verbose: 0 : 65056, 4, 2021/06/22, 20:50:36.370, 8107836751144, vstest.console.dll, DotnetTestHostmanager: Looking for path microsoft.testplatform.testhost/16.5.0\lib/netcoreapp2.1/testhost.dll in folder C:\Users\45501\.dotnet\store\|arch|\|tfm|
TpTrace Verbose: 0 : 65056, 4, 2021/06/22, 20:50:36.370, 8107836752635, vstest.console.dll, DotnetTestHostmanager: Looking for path microsoft.testplatform.testhost/16.5.0\lib/netcoreapp2.1/testhost.dll in folder C:\Users\45501\.nuget\packages
TpTrace Verbose: 0 : 65056, 4, 2021/06/22, 20:50:36.370, 8107836754703, vstest.console.dll, DotnetTestHostManager: Testhost.exe/testhost.x86.exe found at path: C:\Users\45501\.nuget\packages\microsoft.testplatform.testhost\16.5.0\build\netcoreapp2.1\x64\testhost.exe
TpTrace Verbose: 0 : 65056, 4, 2021/06/22, 20:50:36.370, 8107836755202, vstest.console.dll, DotnetTestHostmanager: Full path of host exe is C:\Users\45501\.nuget\packages\microsoft.testplatform.testhost\16.5.0\build\netcoreapp2.1\x64\testhost.exe
TpTrace Verbose: 0 : 65056, 6, 2021/06/22, 20:50:36.371, 8107836764608, vstest.console.dll, DotnetTestHostManager: Starting process 'C:\Users\45501\.nuget\packages\microsoft.testplatform.testhost\16.5.0\build\netcoreapp2.1\x64\testhost.exe' with command line ' --runtimeconfig "C:\Users\45501\Desktop\REST\MandatoryAssignment1\SudokuSolver\SudokuTestsNUnit\bin\Debug\netcoreapp3.1\fine-code-coverage\build-output\SudokuTestsNUnit.runtimeconfig.json" --depsfile "C:\Users\45501\Desktop\REST\MandatoryAssignment1\SudokuSolver\SudokuTestsNUnit\bin\Debug\netcoreapp3.1\fine-code-coverage\build-output\SudokuTestsNUnit.deps.json" --port 20349 --endpoint 127.0.0.1:020349 --role client --parentprocessid 65056 --diag "C:\Users\45501\Desktop\REST\MandatoryAssignment1\SudokuSolver\SudokuTestsNUnit\bin\Debug\netcoreapp3.1\fine-code-coverage\coverage-tool-output\diagnostics.host.21-06-22_20-50-36_34778_4.log" --tracelevel 4 --datacollectionport 20348 --telemetryoptedin false'
TpTrace Verbose: 0 : 65056, 6, 2021/06/22, 20:50:36.383, 8107836882137, vstest.console.dll, Test Runtime launched
TpTrace Verbose: 0 : 65056, 4, 2021/06/22, 20:50:36.384, 8107836892105, vstest.console.dll, TestRequestSender.WaitForRequestHandlerConnection: waiting for connection with timeout: 90000
TpTrace Verbose: 0 : 65056, 6, 2021/06/22, 20:50:36.583, 8107838880914, vstest.console.dll, SocketServer.OnClientConnected: Client connected for endPoint: 127.0.0.1:20349, starting MessageLoopAsync:
TpTrace Verbose: 0 : 65056, 14, 2021/06/22, 20:50:36.583, 8107838884262, vstest.console.dll, TcpClientExtensions.MessageLoopAsync: Polling on remoteEndPoint: 127.0.0.1:20350 localEndPoint: 127.0.0.1:20349
TpTrace Verbose: 0 : 65056, 14, 2021/06/22, 20:50:36.758, 8107840627155, vstest.console.dll, TcpClientExtensions.MessageLoopAsync: NotifyDataAvailable remoteEndPoint: 127.0.0.1:20350 localEndPoint: 127.0.0.1:20349
TpTrace Verbose: 0 : 65056, 14, 2021/06/22, 20:50:36.758, 8107840629550, vstest.console.dll, TestRequestSender.CheckVersionWithTestHost: onMessageReceived received message: (ProtocolVersion) -> 2
TpTrace Verbose: 0 : 65056, 14, 2021/06/22, 20:50:36.758, 8107840635602, vstest.console.dll, TcpClientExtensions.MessageLoopAsync: Polling on remoteEndPoint: 127.0.0.1:20350 localEndPoint: 127.0.0.1:20349
TpTrace Verbose: 0 : 65056, 4, 2021/06/22, 20:50:36.759, 8107840637044, vstest.console.dll, TestPluginCache.GetExtensionPaths: Filtered extension paths: 
TpTrace Verbose: 0 : 65056, 4, 2021/06/22, 20:50:36.759, 8107840638169, vstest.console.dll, TestPluginCache.GetExtensionPaths: Added default extension paths: C:\Program Files\dotnet\sdk\5.0.103\Extensions\Microsoft.Diagnostics.NETCore.Client.dll
C:\Program Files\dotnet\sdk\5.0.103\Extensions\Microsoft.TestPlatform.Extensions.BlameDataCollector.dll
C:\Program Files\dotnet\sdk\5.0.103\Extensions\Microsoft.TestPlatform.Extensions.EventLogCollector.dll
C:\Program Files\dotnet\sdk\5.0.103\Extensions\Microsoft.TestPlatform.TestHostRuntimeProvider.dll
C:\Program Files\dotnet\sdk\5.0.103\Extensions\Microsoft.VisualStudio.TestPlatform.Extensions.Html.TestLogger.dll
C:\Program Files\dotnet\sdk\5.0.103\Extensions\Microsoft.VisualStudio.TestPlatform.Extensions.Trx.TestLogger.dll
TpTrace Verbose: 0 : 65056, 4, 2021/06/22, 20:50:36.759, 8107840638999, vstest.console.dll, TestPluginCache.GetExtensionPaths: Added unfilterableExtensionPaths: 
TpTrace Verbose: 0 : 65056, 4, 2021/06/22, 20:50:36.766, 8107840707004, vstest.console.dll, TestRequestSender.InitializeExecution: Sending initializing execution with message: {"Version":2,"MessageType":"TestExecution.Initialize","Payload":["C:\\Users\\45501\\Desktop\\REST\\MandatoryAssignment1\\SudokuSolver\\SudokuTestsNUnit\\bin\\Debug\\netcoreapp3.1\\fine-code-coverage\\build-output\\NUnit3.TestAdapter.dll"]}
TpTrace Verbose: 0 : 65056, 14, 2021/06/22, 20:50:36.777, 8107840822251, vstest.console.dll, TcpClientExtensions.MessageLoopAsync: NotifyDataAvailable remoteEndPoint: 127.0.0.1:20350 localEndPoint: 127.0.0.1:20349
TpTrace Verbose: 0 : 65056, 14, 2021/06/22, 20:50:36.777, 8107840823902, vstest.console.dll, TestRequestSender.OnExecutionMessageReceived: Received message: {"Version":2,"MessageType":"TestSession.Message","Payload":{"MessageLevel":0,"Message":"Logging TestHost Diagnostics in file: C:\\Users\\45501\\Desktop\\REST\\MandatoryAssignment1\\SudokuSolver\\SudokuTestsNUnit\\bin\\Debug\\netcoreapp3.1\\fine-code-coverage\\coverage-tool-output\\diagnostics.host.21-06-22_20-50-36_34778_4.log"}}
TpTrace Verbose: 0 : 65056, 4, 2021/06/22, 20:50:36.779, 8107840839343, vstest.console.dll, TestRequestSender.StartTestRun: Sending test run with message: {"Version":2,"MessageType":"TestExecution.StartWithSources","Payload":{"AdapterSourceMap":{"_none_":["C:\\Users\\45501\\Desktop\\REST\\MandatoryAssignment1\\SudokuSolver\\SudokuTestsNUnit\\bin\\Debug\\netcoreapp3.1\\fine-code-coverage\\build-output\\SudokuTestsNUnit.dll"]},"RunSettings":"<RunSettings>\r\n  <RunConfiguration>\r\n    <ResultsDirectory>C:\\Users\\45501\\Desktop\\REST\\MandatoryAssignment1\\SudokuSolver\\SudokuTestsNUnit\\bin\\Debug\\netcoreapp3.1\\fine-code-coverage\\coverage-tool-output</ResultsDirectory>\r\n    <TargetPlatform>X64</TargetPlatform>\r\n    <TargetFrameworkVersion>.NETCoreApp,Version=v3.1</TargetFrameworkVersion>\r\n    <DesignMode>False</DesignMode>\r\n    <CollectSourceInformation>False</CollectSourceInformation>\r\n  </RunConfiguration>\r\n  <LoggerRunSettings>\r\n    <Loggers>\r\n      <Logger friendlyName=\"blame\" enabled=\"True\" />\r\n      <Logger friendlyName=\"Console\" uri=\"logger://microsoft/TestPlatform/ConsoleLogger/v1\" assemblyQualifiedName=\"Microsoft.VisualStudio.TestPlatform.CommandLine.Internal.ConsoleLogger, vstest.console, Version=15.0.0.0, Culture=neutral, PublicKeyToken=b03f5f7f11d50a3a\" codeBase=\"C:\\Program Files\\dotnet\\sdk\\5.0.103\\vstest.console.dll\" enabled=\"True\" />\r\n    </Loggers>\r\n  </LoggerRunSettings>\r\n  <DataCollectionRunSettings>\r\n    <DataCollectors>\r\n      <DataCollector friendlyName=\"blame\" enabled=\"True\">\r\n        <Configuration>\r\n          <ResultsDirectory>C:\\Users\\45501\\Desktop\\REST\\MandatoryAssignment1\\SudokuSolver\\SudokuTestsNUnit\\bin\\Debug\\netcoreapp3.1\\fine-code-coverage\\coverage-tool-output</ResultsDirectory>\r\n        </Configuration>\r\n      </DataCollector>\r\n    </DataCollectors>\r\n  </DataCollectionRunSettings>\r\n</RunSettings>","TestExecutionContext":{"FrequencyOfRunStatsChangeEvent":10,"RunStatsChangeEventTimeout":"00:00:01.5000000","InIsolation":false,"KeepAlive":false,"AreTestCaseLevelEventsRequired":false,"IsDebug":false,"TestCaseFilter":null,"FilterOptions":null},"Package":null}}
TpTrace Verbose: 0 : 65056, 14, 2021/06/22, 20:50:36.780, 8107840855732, vstest.console.dll, TestRunRequest:SendTestRunMessage: Starting.
TpTrace Information: 0 : 65056, 14, 2021/06/22, 20:50:36.781, 8107840859250, vstest.console.dll, TestRunRequest:SendTestRunMessage: Completed.
TpTrace Verbose: 0 : 65056, 14, 2021/06/22, 20:50:36.781, 8107840860274, vstest.console.dll, TcpClientExtensions.MessageLoopAsync: Polling on remoteEndPoint: 127.0.0.1:20350 localEndPoint: 127.0.0.1:20349
TpTrace Verbose: 0 : 65056, 14, 2021/06/22, 20:50:36.963, 8107842680145, vstest.console.dll, TcpClientExtensions.MessageLoopAsync: NotifyDataAvailable remoteEndPoint: 127.0.0.1:20350 localEndPoint: 127.0.0.1:20349
TpTrace Verbose: 0 : 65056, 14, 2021/06/22, 20:50:36.963, 8107842681520, vstest.console.dll, TestRequestSender.OnExecutionMessageReceived: Received message: {"Version":2,"MessageType":"TestSession.Message","Payload":{"MessageLevel":0,"Message":"NUnit Adapter 3.16.1.0: Test execution started"}}
TpTrace Verbose: 0 : 65056, 14, 2021/06/22, 20:50:36.963, 8107842683880, vstest.console.dll, TestRunRequest:SendTestRunMessage: Starting.
TpTrace Information: 0 : 65056, 14, 2021/06/22, 20:50:36.963, 8107842684621, vstest.console.dll, TestRunRequest:SendTestRunMessage: Completed.
TpTrace Verbose: 0 : 65056, 14, 2021/06/22, 20:50:36.963, 8107842685039, vstest.console.dll, TcpClientExtensions.MessageLoopAsync: Polling on remoteEndPoint: 127.0.0.1:20350 localEndPoint: 127.0.0.1:20349
TpTrace Verbose: 0 : 65056, 14, 2021/06/22, 20:50:36.972, 8107842773617, vstest.console.dll, TcpClientExtensions.MessageLoopAsync: NotifyDataAvailable remoteEndPoint: 127.0.0.1:20350 localEndPoint: 127.0.0.1:20349
TpTrace Verbose: 0 : 65056, 14, 2021/06/22, 20:50:36.972, 8107842775070, vstest.console.dll, TestRequestSender.OnExecutionMessageReceived: Received message: {"Version":2,"MessageType":"TestSession.Message","Payload":{"MessageLevel":0,"Message":"Running all tests in C:\\Users\\45501\\Desktop\\REST\\MandatoryAssignment1\\SudokuSolver\\SudokuTestsNUnit\\bin\\Debug\\netcoreapp3.1\\fine-code-coverage\\build-output\\SudokuTestsNUnit.dll"}}
TpTrace Verbose: 0 : 65056, 14, 2021/06/22, 20:50:36.973, 8107842776861, vstest.console.dll, TestRunRequest:SendTestRunMessage: Starting.
TpTrace Information: 0 : 65056, 14, 2021/06/22, 20:50:36.973, 8107842777670, vstest.console.dll, TestRunRequest:SendTestRunMessage: Completed.
TpTrace Verbose: 0 : 65056, 14, 2021/06/22, 20:50:36.973, 8107842778065, vstest.console.dll, TcpClientExtensions.MessageLoopAsync: Polling on remoteEndPoint: 127.0.0.1:20350 localEndPoint: 127.0.0.1:20349
TpTrace Verbose: 0 : 65056, 14, 2021/06/22, 20:50:37.211, 8107845158819, vstest.console.dll, TcpClientExtensions.MessageLoopAsync: NotifyDataAvailable remoteEndPoint: 127.0.0.1:20350 localEndPoint: 127.0.0.1:20349
TpTrace Verbose: 0 : 65056, 14, 2021/06/22, 20:50:37.211, 8107845160115, vstest.console.dll, TestRequestSender.OnExecutionMessageReceived: Received message: {"Version":2,"MessageType":"TestSession.Message","Payload":{"MessageLevel":0,"Message":"   NUnit3TestExecutor converted 41 of 41 NUnit test cases"}}
TpTrace Verbose: 0 : 65056, 14, 2021/06/22, 20:50:37.211, 8107845162411, vstest.console.dll, TestRunRequest:SendTestRunMessage: Starting.
TpTrace Information: 0 : 65056, 14, 2021/06/22, 20:50:37.211, 8107845163300, vstest.console.dll, TestRunRequest:SendTestRunMessage: Completed.
TpTrace Verbose: 0 : 65056, 14, 2021/06/22, 20:50:37.211, 8107845163958, vstest.console.dll, TcpClientExtensions.MessageLoopAsync: Polling on remoteEndPoint: 127.0.0.1:20350 localEndPoint: 127.0.0.1:20349
TpTrace Verbose: 0 : 65056, 14, 2021/06/22, 20:50:37.475, 8107847800671, vstest.console.dll, TcpClientExtensions.MessageLoopAsync: NotifyDataAvailable remoteEndPoint: 127.0.0.1:20350 localEndPoint: 127.0.0.1:20349
TpTrace Verbose: 0 : 65056, 14, 2021/06/22, 20:50:37.475, 8107847803446, vstest.console.dll, TestRequestSender.OnExecutionMessageReceived: Received message: {"Version":2,"MessageType":"TestExecution.StatsChange","Payload":{"NewTestResults":[{"TestCase":{"Id":"1a97b820-3ae2-ebf6-de10-c06d6c5bf757","FullyQualifiedName":"SudokuTestsNUnit.SudokuBoardDisplayerTest.CheckInsideBoardMapIfColumnsAreLessThan9InsideBoard","DisplayName":"CheckInsideBoardMapIfColumnsAreLessThan9InsideBoard","ExecutorUri":"executor://NUnit3TestExecutor","Source":"C:\\Users\\45501\\Desktop\\REST\\MandatoryAssignment1\\SudokuSolver\\SudokuTestsNUnit\\bin\\Debug\\netcoreapp3.1\\fine-code-coverage\\build-output\\SudokuTestsNUnit.dll","CodeFilePath":null,"LineNumber":0,"Properties":[]},"Attachments":[],"Outcome":1,"ErrorMessage":null,"ErrorStackTrace":null,"DisplayName":"CheckInsideBoardMapIfColumnsAreLessThan9InsideBoard","Messages":[{"Category":"StdOutMsgs","Text":"\r\n3|0|6|5|0|8|4|0|"}],"ComputerName":"DESKTOP-6667IT4","Duration":"00:00:00.0143900","StartTime":"2021-06-22T18:50:37+00:00","EndTime":"2021-06-22T18:50:37+00:00","Properties":[]},{"TestCase":{"Id":"ee94dad0-ad03-00e2-dbef-60fd0c866b69","FullyQualifiedName":"SudokuTestsNUnit.SudokuBoardDisplayerTest.CheckInsideBoardMapIfRowssAreLessThan9","DisplayName":"CheckInsideBoardMapIfRowssAreLessThan9","ExecutorUri":"executor://NUnit3TestExecutor","Source":"C:\\Users\\45501\\Desktop\\REST\\MandatoryAssignment1\\SudokuSolver\\SudokuTestsNUnit\\bin\\Debug\\netcoreapp3.1\\fine-code-coverage\\build-output\\SudokuTestsNUnit.dll","CodeFilePath":null,"LineNumber":0,"Properties":[]},"Attachments":[],"Outcome":1,"ErrorMessage":null,"ErrorStackTrace":null,"DisplayName":"CheckInsideBoardMapIfRowssAreLessThan9","Messages":[{"Category":"StdOutMsgs","Text":"\r\n3|0|6|5|0|8|4|0|0 \r\n5|2|0|0|0|0|0|0|0 \r\n0|8|7|0|0|0|0|3|1 \r\n0|0|3|0|1|0|0|8|0 \r\n9|0|0|8|6|3|0|0|5 \r\n0|5|0|0|9|0|6|0|0 \r\n1|3|0|0|0|0|2|5|0 \r\n0|0|0|0|0|0|0|7|4 \r\n"}],"ComputerName":"DESKTOP-6667IT4","Duration":"00:00:00.0013490","StartTime":"2021-06-22T18:50:37+00:00","EndTime":"2021-06-22T18:50:37+00:00","Properties":[]},{"TestCase":{"Id":"267754ae-ecc0-6d91-d259-5db63fe372bd","FullyQualifiedName":"SudokuTestsNUnit.SudokuBoardDisplayerTest.CheckLengthOfBoardMapIColAreLessThan9AndReturnTrue","DisplayName":"CheckLengthOfBoardMapIColAreLessThan9AndReturnTrue","ExecutorUri":"executor://NUnit3TestExecutor","Source":"C:\\Users\\45501\\Desktop\\REST\\MandatoryAssignment1\\SudokuSolver\\SudokuTestsNUnit\\bin\\Debug\\netcoreapp3.1\\fine-code-coverage\\build-output\\SudokuTestsNUnit.dll","CodeFilePath":null,"LineNumber":0,"Properties":[]},"Attachments":[],"Outcome":1,"ErrorMessage":null,"ErrorStackTrace":null,"DisplayName":"CheckLengthOfBoardMapIColAreLessThan9AndReturnTrue","Messages":[{"Category":"StdOutMsgs","Text":"\r\n0|4|0|0|0|0|1|7 \r\n0|0|2|0|0|8|0|5 \r\n0|0|6|0|0|5|0|0 \r\n0|8|0|0|7|0|9|1 \r\n0|5|0|0|9|0|0|3 \r\n0|1|9|0|6|0|0|4 \r\n3|0|0|4|0|0|7|0 \r\n5|7|0|1|0|0|2|0\r\n"}],"ComputerName":"DESKTOP-6667IT4","Duration":"00:00:00.0011869","StartTime":"2021-06-22T18:50:37+00:00","EndTime":"2021-06-22T18:50:37+00:00","Properties":[]},{"TestCase":{"Id":"218ff36e-8ade-c4dc-8ae1-3f4ee8240185","FullyQualifiedName":"SudokuTestsNUnit.SudokuBoardDisplayerTest.CheckLengthOfBoardMapIfRowAreLessThan1","DisplayName":"CheckLengthOfBoardMapIfRowAreLessThan1","ExecutorUri":"executor://NUnit3TestExecutor","Source":"C:\\Users\\45501\\Desktop\\REST\\MandatoryAssignment1\\SudokuSolver\\SudokuTestsNUnit\\bin\\Debug\\netcoreapp3.1\\fine-code-coverage\\build-output\\SudokuTestsNUnit.dll","CodeFilePath":null,"LineNumber":0,"Properties":[]},"Attachments":[],"Outcome":1,"ErrorMessage":null,"ErrorStackTrace":null,"DisplayName":"CheckLengthOfBoardMapIfRowAreLessThan1","Messages":[{"Category":"StdOutMsgs","Text":"\r\n0|4|0|0|0|0|1|7 \r\n0|0|2|0|0|8|0|5 \r\n0|0|6|0|0|5|0|0 \r\n0|8|0|0|7|0|9|1 \r\n0|5|0|0|9|0|0|3 \r\n0|1|9|0|6|0|0|4 \r\n3|0|0|4|0|0|7|0 \r\n5|7|0|1|0|0|2|0\r\n"}],"ComputerName":"DESKTOP-6667IT4","Duration":"00:00:00.0003510","StartTime":"2021-06-22T18:50:37+00:00","EndTime":"2021-06-22T18:50:37+00:00","Properties":[]},{"TestCase":{"Id":"9ddebeb8-0ccf-3cac-a36e-a742cba51ae0","FullyQualifiedName":"SudokuTestsNUnit.SudokuBoardDisplayerTest.CheckTheMaxDepthOfBoard","DisplayName":"CheckTheMaxDepthOfBoard","ExecutorUri":"executor://NUnit3TestExecutor","Source":"C:\\Users\\45501\\Desktop\\REST\\MandatoryAssignment1\\SudokuSolver\\SudokuTestsNUnit\\bin\\Debug\\netcoreapp3.1\\fine-code-coverage\\build-output\\SudokuTestsNUnit.dll","CodeFilePath":null,"LineNumber":0,"Properties":[]},"Attachments":[],"Outcome":1,"ErrorMessage":null,"ErrorStackTrace":null,"DisplayName":"CheckTheMaxDepthOfBoard","Messages":[{"Category":"StdOutMsgs","Text":"\r\n"}],"ComputerName":"DESKTOP-6667IT4","Duration":"00:00:00.0016880","StartTime":"2021-06-22T18:50:37+00:00","EndTime":"2021-06-22T18:50:37+00:00","Properties":[]},{"TestCase":{"Id":"d3565b59-3eed-7893-f331-1c0f398bdb0a","FullyQualifiedName":"SudokuTestsNUnit.SudokuBoardDisplayerTest.GenerateMap","DisplayName":"GenerateMap","ExecutorUri":"executor://NUnit3TestExecutor","Source":"C:\\Users\\45501\\Desktop\\REST\\MandatoryAssignment1\\SudokuSolver\\SudokuTestsNUnit\\bin\\Debug\\netcoreapp3.1\\fine-code-coverage\\build-output\\SudokuTestsNUnit.dll","CodeFilePath":null,"LineNumber":0,"Properties":[]},"Attachments":[],"Outcome":1,"ErrorMessage":null,"ErrorStackTrace":null,"DisplayName":"GenerateMap","Messages":[{"Category":"StdOutMsgs","Text":"\r\n0|4|0|0|0|0|1|7|9 \r\n0|0|2|0|0|8|0|5|4 \r\n0|0|6|0|0|5|0|0|8 \r\n0|8|0|0|7|0|9|1|0 \r\n0|5|0|0|9|0|0|3|0 \r\n0|1|9|0|6|0|0|4|0 \r\n3|0|0|4|0|0|7|0|0 \r\n5|7|0|1|0|0|2|0|0 \r\n9|2|8|0|0|0|0|6|0\r\n"}],"ComputerName":"DESKTOP-6667IT4","Duration":"00:00:00.0004610","StartTime":"2021-06-22T18:50:37+00:00","EndTime":"2021-06-22T18:50:37+00:00","Properties":[]},{"TestCase":{"Id":"bee42798-ac21-ff24-92d1-0cc02407f51c","FullyQualifiedName":"SudokuTestsNUnit.SudokuControlsTest.CheckRightAnswerSudokuTest","DisplayName":"CheckRightAnswerSudokuTest","ExecutorUri":"executor://NUnit3TestExecutor","Source":"C:\\Users\\45501\\Desktop\\REST\\MandatoryAssignment1\\SudokuSolver\\SudokuTestsNUnit\\bin\\Debug\\netcoreapp3.1\\fine-code-coverage\\build-output\\SudokuTestsNUnit.dll","CodeFilePath":null,"LineNumber":0,"Properties":[]},"Attachments":[],"Outcome":1,"ErrorMessage":null,"ErrorStackTrace":null,"DisplayName":"CheckRightAnswerSudokuTest","Messages":[],"ComputerName":"DESKTOP-6667IT4","Duration":"00:00:00.0005010","StartTime":"2021-06-22T18:50:37+00:00","EndTime":"2021-06-22T18:50:37+00:00","Properties":[]},{"TestCase":{"Id":"eb8feead-7cd6-6dcf-7070-9a532a4609b1","FullyQualifiedName":"SudokuTestsNUnit.SudokuControlsTest.CheckWrongAnserSudokuTest","DisplayName":"CheckWrongAnserSudokuTest","ExecutorUri":"executor://NUnit3TestExecutor","Source":"C:\\Users\\45501\\Desktop\\REST\\MandatoryAssignment1\\SudokuSolver\\SudokuTestsNUnit\\bin\\Debug\\netcoreapp3.1\\fine-code-coverage\\build-output\\SudokuTestsNUnit.dll","CodeFilePath":null,"LineNumber":0,"Properties":[]},"Attachments":[],"Outcome":1,"ErrorMessage":null,"ErrorStackTrace":null,"DisplayName":"CheckWrongAnserSudokuTest","Messages":[{"Category":"StdOutMsgs","Text":"Not right input\r\n"}],"ComputerName":"DESKTOP-6667IT4","Duration":"00:00:00.0002210","StartTime":"2021-06-22T18:50:37+00:00","EndTime":"2021-06-22T18:50:37+00:00","Properties":[]},{"TestCase":{"Id":"8a8de9b7-7201-3750-4f16-48ba70a2e1c1","FullyQualifiedName":"SudokuTestsNUnit.SudokuControlsTest.RunSudokuTestFail","DisplayName":"RunSudokuTestFail","ExecutorUri":"executor://NUnit3TestExecutor","Source":"C:\\Users\\45501\\Desktop\\REST\\MandatoryAssignment1\\SudokuSolver\\SudokuTestsNUnit\\bin\\Debug\\netcoreapp3.1\\fine-code-coverage\\build-output\\SudokuTestsNUnit.dll","CodeFilePath":null,"LineNumber":0,"Properties":[]},"Attachments":[],"Outcome":1,"ErrorMessage":null,"ErrorStackTrace":null,"DisplayName":"RunSudokuTestFail","Messages":[{"Category":"StdOutMsgs","Text":"\r\n0|4|0|0|0|0|1|7|9 \r\n0|0|2|0|0|8|0|5|4 \r\n0|0|6|0|0|5|0|0|8 \r\n0|8|0|0|7|7|9|1|0 \r\n0|5|0|0|9|0|0|3|0 \r\n0|1|9|0|6|0|0|4|0 \r\n3|0|0|4|0|0|7|0|0 \r\n5|7|0|1|0|0|2|0|0 \r\n9|2|8|0|0|0|0|6|0\r\nSudoku was not solved\r\n"}],"ComputerName":"DESKTOP-6667IT4","Duration":"00:00:00.0157910","StartTime":"2021-06-22T18:50:37+00:00","EndTime":"2021-06-22T18:50:37+00:00","Properties":[]}],"TestRunStatistics":{"ExecutedTests":9,"Stats":{"Passed":9}},"ActiveTests":[{"Id":"37b82164-d40e-648b-13e2-e1abeab53d1d","FullyQualifiedName":"SudokuTestsNUnit.SudokuControlsTest.RunSudokuTestPass","DisplayName":"RunSudokuTestPass","ExecutorUri":"executor://NUnit3TestExecutor","Source":"C:\\Users\\45501\\Desktop\\REST\\MandatoryAssignment1\\SudokuSolver\\SudokuTestsNUnit\\bin\\Debug\\netcoreapp3.1\\fine-code-coverage\\build-output\\SudokuTestsNUnit.dll","CodeFilePath":null,"LineNumber":0,"Properties":[]}]}}
TpTrace Verbose: 0 : 65056, 14, 2021/06/22, 20:50:37.508, 8107848134559, vstest.console.dll, TestRunRequest:SendTestRunStatsChange: Starting.
TpTrace Verbose: 0 : 65056, 14, 2021/06/22, 20:50:37.509, 8107848136114, vstest.console.dll, InProgress is RunSudokuTestPass
TpTrace Information: 0 : 65056, 14, 2021/06/22, 20:50:37.509, 8107848138449, vstest.console.dll, TestRunRequest:SendTestRunStatsChange: Completed.
TpTrace Verbose: 0 : 65056, 14, 2021/06/22, 20:50:37.509, 8107848138980, vstest.console.dll, TcpClientExtensions.MessageLoopAsync: Polling on remoteEndPoint: 127.0.0.1:20350 localEndPoint: 127.0.0.1:20349
TpTrace Verbose: 0 : 65056, 14, 2021/06/22, 20:50:37.509, 8107848139504, vstest.console.dll, TcpClientExtensions.MessageLoopAsync: NotifyDataAvailable remoteEndPoint: 127.0.0.1:20350 localEndPoint: 127.0.0.1:20349
TpTrace Verbose: 0 : 65056, 14, 2021/06/22, 20:50:37.509, 8107848141064, vstest.console.dll, TestRequestSender.OnExecutionMessageReceived: Received message: {"Version":2,"MessageType":"TestExecution.StatsChange","Payload":{"NewTestResults":[{"TestCase":{"Id":"37b82164-d40e-648b-13e2-e1abeab53d1d","FullyQualifiedName":"SudokuTestsNUnit.SudokuControlsTest.RunSudokuTestPass","DisplayName":"RunSudokuTestPass","ExecutorUri":"executor://NUnit3TestExecutor","Source":"C:\\Users\\45501\\Desktop\\REST\\MandatoryAssignment1\\SudokuSolver\\SudokuTestsNUnit\\bin\\Debug\\netcoreapp3.1\\fine-code-coverage\\build-output\\SudokuTestsNUnit.dll","CodeFilePath":null,"LineNumber":0,"Properties":[]},"Attachments":[],"Outcome":1,"ErrorMessage":null,"ErrorStackTrace":null,"DisplayName":"RunSudokuTestPass","Messages":[{"Category":"StdOutMsgs","Text":"\r\n0|4|0|0|0|0|1|7|9 \r\n0|0|2|0|0|8|0|5|4 \r\n0|0|6|0|0|5|0|0|8 \r\n0|8|0|0|7|0|9|1|0 \r\n0|5|0|0|9|0|0|3|0 \r\n0|1|9|0|6|0|0|4|0 \r\n3|0|0|4|0|0|7|0|0 \r\n5|7|0|1|0|0|2|0|0 \r\n9|2|8|0|0|0|0|6|0\r\nSudoku was not solved\r\n"}],"ComputerName":"DESKTOP-6667IT4","Duration":"00:00:00.0054160","StartTime":"2021-06-22T18:50:37+00:00","EndTime":"2021-06-22T18:50:37+00:00","Properties":[]},{"TestCase":{"Id":"2fc690be-a20f-ada2-b1bf-1a20bc0a5c1d","FullyQualifiedName":"SudokuTestsNUnit.SudokuControlsTest.RunWrongSudoku","DisplayName":"RunWrongSudoku","ExecutorUri":"executor://NUnit3TestExecutor","Source":"C:\\Users\\45501\\Desktop\\REST\\MandatoryAssignment1\\SudokuSolver\\SudokuTestsNUnit\\bin\\Debug\\netcoreapp3.1\\fine-code-coverage\\build-output\\SudokuTestsNUnit.dll","CodeFilePath":null,"LineNumber":0,"Properties":[]},"Attachments":[],"Outcome":2,"ErrorMessage":"  Expected: an exception to be thrown\r\n  But was:  no exception thrown\r\n","ErrorStackTrace":"   at SudokuTestsNUnit.SudokuControlsTest.RunWrongSudoku() in C:\\Users\\45501\\Desktop\\REST\\MandatoryAssignment1\\SudokuSolver\\SudokuTestsNUnit\\SudokuControlsTest.cs:line 62\r\n","DisplayName":"RunWrongSudoku","Messages":[{"Category":"StdOutMsgs","Text":"\r\n0\r\nSudoku was not solved\r\n"}],"ComputerName":"DESKTOP-6667IT4","Duration":"00:00:00.0913590","StartTime":"2021-06-22T18:50:37+00:00","EndTime":"2021-06-22T18:50:37+00:00","Properties":[]},{"TestCase":{"Id":"eed02539-785d-8829-131b-9d9608a1f914","FullyQualifiedName":"SudokuTestsNUnit.SudokuControlsTest.SelectWrongSudokuBoardAboveRange(4)","DisplayName":"SelectWrongSudokuBoardAboveRange(4)","ExecutorUri":"executor://NUnit3TestExecutor","Source":"C:\\Users\\45501\\Desktop\\REST\\MandatoryAssignment1\\SudokuSolver\\SudokuTestsNUnit\\bin\\Debug\\netcoreapp3.1\\fine-code-coverage\\build-output\\SudokuTestsNUnit.dll","CodeFilePath":null,"LineNumber":0,"Properties":[]},"Attachments":[],"Outcome":1,"ErrorMessage":null,"ErrorStackTrace":null,"DisplayName":"SelectWrongSudokuBoardAboveRange(4)","Messages":[],"ComputerName":"DESKTOP-6667IT4","Duration":"00:00:00.0146660","StartTime":"2021-06-22T18:50:37+00:00","EndTime":"2021-06-22T18:50:37+00:00","Properties":[]},{"TestCase":{"Id":"54390cf7-a111-7347-9466-fbff088e180c","FullyQualifiedName":"SudokuTestsNUnit.SudokuControlsTest.SelectWrongSudokuBoardBelowRange(0)","DisplayName":"SelectWrongSudokuBoardBelowRange(0)","ExecutorUri":"executor://NUnit3TestExecutor","Source":"C:\\Users\\45501\\Desktop\\REST\\MandatoryAssignment1\\SudokuSolver\\SudokuTestsNUnit\\bin\\Debug\\netcoreapp3.1\\fine-code-coverage\\build-output\\SudokuTestsNUnit.dll","CodeFilePath":null,"LineNumber":0,"Properties":[]},"Attachments":[],"Outcome":1,"ErrorMessage":null,"ErrorStackTrace":null,"DisplayName":"SelectWrongSudokuBoardBelowRange(0)","Messages":[],"ComputerName":"DESKTOP-6667IT4","Duration":"00:00:00.0043800","StartTime":"2021-06-22T18:50:37+00:00","EndTime":"2021-06-22T18:50:37+00:00","Properties":[]},{"TestCase":{"Id":"bf840f7d-e50b-b9be-6239-b6ce7b20106e","FullyQualifiedName":"SudokuTestsNUnit.SudokuControlsTest.SelectWrongSudokuBoardNullException(null)","DisplayName":"SelectWrongSudokuBoardNullException(null)","ExecutorUri":"executor://NUnit3TestExecutor","Source":"C:\\Users\\45501\\Desktop\\REST\\MandatoryAssignment1\\SudokuSolver\\SudokuTestsNUnit\\bin\\Debug\\netcoreapp3.1\\fine-code-coverage\\build-output\\SudokuTestsNUnit.dll","CodeFilePath":null,"LineNumber":0,"Properties":[]},"Attachments":[],"Outcome":1,"ErrorMessage":null,"ErrorStackTrace":null,"DisplayName":"SelectWrongSudokuBoardNullException(null)","Messages":[],"ComputerName":"DESKTOP-6667IT4","Duration":"00:00:00.0011730","StartTime":"2021-06-22T18:50:37+00:00","EndTime":"2021-06-22T18:50:37+00:00","Properties":[]},{"TestCase":{"Id":"5ca6264b-01cd-8574-36c9-d215cd6b3157","FullyQualifiedName":"SudokuTestsNUnit.SudokuLogicTest.CompareTwoDifferentSudokus","DisplayName":"CompareTwoDifferentSudokus","ExecutorUri":"executor://NUnit3TestExecutor","Source":"C:\\Users\\45501\\Desktop\\REST\\MandatoryAssignment1\\SudokuSolver\\SudokuTestsNUnit\\bin\\Debug\\netcoreapp3.1\\fine-code-coverage\\build-output\\SudokuTestsNUnit.dll","CodeFilePath":null,"LineNumber":0,"Properties":[]},"Attachments":[],"Outcome":1,"ErrorMessage":null,"ErrorStackTrace":null,"DisplayName":"CompareTwoDifferentSudokus","Messages":[],"ComputerName":"DESKTOP-6667IT4","Duration":"00:00:00.0171560","StartTime":"2021-06-22T18:50:37+00:00","EndTime":"2021-06-22T18:50:37+00:00","Properties":[]},{"TestCase":{"Id":"2b061559-6a3d-d895-01ef-d58f6ffa80b5","FullyQualifiedName":"SudokuTestsNUnit.SudokuLogicTest.CompareTwoSameSudokus","DisplayName":"CompareTwoSameSudokus","ExecutorUri":"executor://NUnit3TestExecutor","Source":"C:\\Users\\45501\\Desktop\\REST\\MandatoryAssignment1\\SudokuSolver\\SudokuTestsNUnit\\bin\\Debug\\netcoreapp3.1\\fine-code-coverage\\build-output\\SudokuTestsNUnit.dll","CodeFilePath":null,"LineNumber":0,"Properties":[]},"Attachments":[],"Outcome":1,"ErrorMessage":null,"ErrorStackTrace":null,"DisplayName":"CompareTwoSameSudokus","Messages":[],"ComputerName":"DESKTOP-6667IT4","Duration":"00:00:00.0006780","StartTime":"2021-06-22T18:50:37+00:00","EndTime":"2021-06-22T18:50:37+00:00","Properties":[]},{"TestCase":{"Id":"e4ea60ed-3022-160c-c160-7657b8f5aef5","FullyQualifiedName":"SudokuTestsNUnit.SudokuLogicTest.SolveSudokuMaxNumberAboveRange(10)","DisplayName":"SolveSudokuMaxNumberAboveRange(10)","ExecutorUri":"executor://NUnit3TestExecutor","Source":"C:\\Users\\45501\\Desktop\\REST\\MandatoryAssignment1\\SudokuSolver\\SudokuTestsNUnit\\bin\\Debug\\netcoreapp3.1\\fine-code-coverage\\build-output\\SudokuTestsNUnit.dll","CodeFilePath":null,"LineNumber":0,"Properties":[]},"Attachments":[],"Outcome":1,"ErrorMessage":null,"ErrorStackTrace":null,"DisplayName":"SolveSudokuMaxNumberAboveRange(10)","Messages":[],"ComputerName":"DESKTOP-6667IT4","Duration":"00:00:00.0012060","StartTime":"2021-06-22T18:50:37+00:00","EndTime":"2021-06-22T18:50:37+00:00","Properties":[]},{"TestCase":{"Id":"5ba33d8e-80b7-062e-60a5-ac417acbd5e7","FullyQualifiedName":"SudokuTestsNUnit.SudokuLogicTest.SolveSudokuMaxNumberBelowRange(0)","DisplayName":"SolveSudokuMaxNumberBelowRange(0)","ExecutorUri":"executor://NUnit3TestExecutor","Source":"C:\\Users\\45501\\Desktop\\REST\\MandatoryAssignment1\\SudokuSolver\\SudokuTestsNUnit\\bin\\Debug\\netcoreapp3.1\\fine-code-coverage\\build-output\\SudokuTestsNUnit.dll","CodeFilePath":null,"LineNumber":0,"Properties":[]},"Attachments":[],"Outcome":1,"ErrorMessage":null,"ErrorStackTrace":null,"DisplayName":"SolveSudokuMaxNumberBelowRange(0)","Messages":[],"ComputerName":"DESKTOP-6667IT4","Duration":"00:00:00.0011310","StartTime":"2021-06-22T18:50:37+00:00","EndTime":"2021-06-22T18:50:37+00:00","Properties":[]}],"TestRunStatistics":{"ExecutedTests":18,"Stats":{"Passed":17,"Failed":1}},"ActiveTests":[{"Id":"5254d108-c8bd-01a0-9310-7ec042d5a1f0","FullyQualifiedName":"SudokuTestsNUnit.SudokuLogicTest.SolveSudokuTest()","DisplayName":"SolveSudokuTest()","ExecutorUri":"executor://NUnit3TestExecutor","Source":"C:\\Users\\45501\\Desktop\\REST\\MandatoryAssignment1\\SudokuSolver\\SudokuTestsNUnit\\bin\\Debug\\netcoreapp3.1\\fine-code-coverage\\build-output\\SudokuTestsNUnit.dll","CodeFilePath":null,"LineNumber":0,"Properties":[]}]}}
TpTrace Verbose: 0 : 65056, 14, 2021/06/22, 20:50:37.511, 8107848160041, vstest.console.dll, TestRunRequest:SendTestRunStatsChange: Starting.
TpTrace Verbose: 0 : 65056, 14, 2021/06/22, 20:50:37.511, 8107848160782, vstest.console.dll, InProgress is SolveSudokuTest()
TpTrace Information: 0 : 65056, 14, 2021/06/22, 20:50:37.511, 8107848161390, vstest.console.dll, TestRunRequest:SendTestRunStatsChange: Completed.
TpTrace Verbose: 0 : 65056, 14, 2021/06/22, 20:50:37.511, 8107848162031, vstest.console.dll, TcpClientExtensions.MessageLoopAsync: Polling on remoteEndPoint: 127.0.0.1:20350 localEndPoint: 127.0.0.1:20349
TpTrace Verbose: 0 : 65056, 14, 2021/06/22, 20:50:37.527, 8107848320290, vstest.console.dll, TcpClientExtensions.MessageLoopAsync: NotifyDataAvailable remoteEndPoint: 127.0.0.1:20350 localEndPoint: 127.0.0.1:20349
TpTrace Verbose: 0 : 65056, 14, 2021/06/22, 20:50:37.527, 8107848322298, vstest.console.dll, TestRequestSender.OnExecutionMessageReceived: Received message: {"Version":2,"MessageType":"TestExecution.StatsChange","Payload":{"NewTestResults":[{"TestCase":{"Id":"5254d108-c8bd-01a0-9310-7ec042d5a1f0","FullyQualifiedName":"SudokuTestsNUnit.SudokuLogicTest.SolveSudokuTest()","DisplayName":"SolveSudokuTest()","ExecutorUri":"executor://NUnit3TestExecutor","Source":"C:\\Users\\45501\\Desktop\\REST\\MandatoryAssignment1\\SudokuSolver\\SudokuTestsNUnit\\bin\\Debug\\netcoreapp3.1\\fine-code-coverage\\build-output\\SudokuTestsNUnit.dll","CodeFilePath":null,"LineNumber":0,"Properties":[]},"Attachments":[],"Outcome":1,"ErrorMessage":null,"ErrorStackTrace":null,"DisplayName":"SolveSudokuTest()","Messages":[],"ComputerName":"DESKTOP-6667IT4","Duration":"00:00:00.0071920","StartTime":"2021-06-22T18:50:37+00:00","EndTime":"2021-06-22T18:50:37+00:00","Properties":[]},{"TestCase":{"Id":"6e1dd65a-2765-3ba4-0d79-66128ef71351","FullyQualifiedName":"SudokuTestsNUnit.SudokuLogicTest.SolveSudokuTestFailDueToWrongSudokuBoard()","DisplayName":"SolveSudokuTestFailDueToWrongSudokuBoard()","ExecutorUri":"executor://NUnit3TestExecutor","Source":"C:\\Users\\45501\\Desktop\\REST\\MandatoryAssignment1\\SudokuSolver\\SudokuTestsNUnit\\bin\\Debug\\netcoreapp3.1\\fine-code-coverage\\build-output\\SudokuTestsNUnit.dll","CodeFilePath":null,"LineNumber":0,"Properties":[]},"Attachments":[],"Outcome":1,"ErrorMessage":null,"ErrorStackTrace":null,"DisplayName":"SolveSudokuTestFailDueToWrongSudokuBoard()","Messages":[],"ComputerName":"DESKTOP-6667IT4","Duration":"00:00:00.0066140","StartTime":"2021-06-22T18:50:37+00:00","EndTime":"2021-06-22T18:50:37+00:00","Properties":[]},{"TestCase":{"Id":"c7fa1636-e86b-041e-658a-0b736d35ea0e","FullyQualifiedName":"SudokuTestsNUnit.SudokuValidationTest.ColParameterAboveRange(10)","DisplayName":"ColParameterAboveRange(10)","ExecutorUri":"executor://NUnit3TestExecutor","Source":"C:\\Users\\45501\\Desktop\\REST\\MandatoryAssignment1\\SudokuSolver\\SudokuTestsNUnit\\bin\\Debug\\netcoreapp3.1\\fine-code-coverage\\build-output\\SudokuTestsNUnit.dll","CodeFilePath":null,"LineNumber":0,"Properties":[]},"Attachments":[],"Outcome":1,"ErrorMessage":null,"ErrorStackTrace":null,"DisplayName":"ColParameterAboveRange(10)","Messages":[],"ComputerName":"DESKTOP-6667IT4","Duration":"00:00:00.0007950","StartTime":"2021-06-22T18:50:37+00:00","EndTime":"2021-06-22T18:50:37+00:00","Properties":[]},{"TestCase":{"Id":"b32dceb2-1c5b-e879-d254-d3e5337de407","FullyQualifiedName":"SudokuTestsNUnit.SudokuValidationTest.ColParameterBelowRange(-1)","DisplayName":"ColParameterBelowRange(-1)","ExecutorUri":"executor://NUnit3TestExecutor","Source":"C:\\Users\\45501\\Desktop\\REST\\MandatoryAssignment1\\SudokuSolver\\SudokuTestsNUnit\\bin\\Debug\\netcoreapp3.1\\fine-code-coverage\\build-output\\SudokuTestsNUnit.dll","CodeFilePath":null,"LineNumber":0,"Properties":[]},"Attachments":[],"Outcome":1,"ErrorMessage":null,"ErrorStackTrace":null,"DisplayName":"ColParameterBelowRange(-1)","Messages":[],"ComputerName":"DESKTOP-6667IT4","Duration":"00:00:00.0007020","StartTime":"2021-06-22T18:50:37+00:00","EndTime":"2021-06-22T18:50:37+00:00","Properties":[]},{"TestCase":{"Id":"ad80306a-ebcb-69b1-c722-29ff168bb3e7","FullyQualifiedName":"SudokuTestsNUnit.SudokuValidationTest.ColParameterCorrectNumberReturnTrue(1)","DisplayName":"ColParameterCorrectNumberReturnTrue(1)","ExecutorUri":"executor://NUnit3TestExecutor","Source":"C:\\Users\\45501\\Desktop\\REST\\MandatoryAssignment1\\SudokuSolver\\SudokuTestsNUnit\\bin\\Debug\\netcoreapp3.1\\fine-code-coverage\\build-output\\SudokuTestsNUnit.dll","CodeFilePath":null,"LineNumber":0,"Properties":[]},"Attachments":[],"Outcome":1,"ErrorMessage":null,"ErrorStackTrace":null,"DisplayName":"ColParameterCorrectNumberReturnTrue(1)","Messages":[],"ComputerName":"DESKTOP-6667IT4","Duration":"00:00:00.0002040","StartTime":"2021-06-22T18:50:37+00:00","EndTime":"2021-06-22T18:50:37+00:00","Properties":[]},{"TestCase":{"Id":"4915b3a3-df4a-d7d8-8c02-64660195b7b0","FullyQualifiedName":"SudokuTestsNUnit.SudokuValidationTest.ColParameterNegativeRange(-3)","DisplayName":"ColParameterNegativeRange(-3)","ExecutorUri":"executor://NUnit3TestExecutor","Source":"C:\\Users\\45501\\Desktop\\REST\\MandatoryAssignment1\\SudokuSolver\\SudokuTestsNUnit\\bin\\Debug\\netcoreapp3.1\\fine-code-coverage\\build-output\\SudokuTestsNUnit.dll","CodeFilePath":null,"LineNumber":0,"Properties":[]},"Attachments":[],"Outcome":1,"ErrorMessage":null,"ErrorStackTrace":null,"DisplayName":"ColParameterNegativeRange(-3)","Messages":[],"ComputerName":"DESKTOP-6667IT4","Duration":"00:00:00.0008610","StartTime":"2021-06-22T18:50:37+00:00","EndTime":"2021-06-22T18:50:37+00:00","Properties":[]},{"TestCase":{"Id":"f866bd22-15b2-9db8-8ae9-f3ae5b227c93","FullyQualifiedName":"SudokuTestsNUnit.SudokuValidationTest.ColParameterWrongNumberReturnFalse(1)","DisplayName":"ColParameterWrongNumberReturnFalse(1)","ExecutorUri":"executor://NUnit3TestExecutor","Source":"C:\\Users\\45501\\Desktop\\REST\\MandatoryAssignment1\\SudokuSolver\\SudokuTestsNUnit\\bin\\Debug\\netcoreapp3.1\\fine-code-coverage\\build-output\\SudokuTestsNUnit.dll","CodeFilePath":null,"LineNumber":0,"Properties":[]},"Attachments":[],"Outcome":1,"ErrorMessage":null,"ErrorStackTrace":null,"DisplayName":"ColParameterWrongNumberReturnFalse(1)","Messages":[],"ComputerName":"DESKTOP-6667IT4","Duration":"00:00:00.0003010","StartTime":"2021-06-22T18:50:37+00:00","EndTime":"2021-06-22T18:50:37+00:00","Properties":[]},{"TestCase":{"Id":"30643461-cff1-3540-796c-30553455a0b9","FullyQualifiedName":"SudokuTestsNUnit.SudokuValidationTest.GroupParameterCorrectNumberReturnTrue(1)","DisplayName":"GroupParameterCorrectNumberReturnTrue(1)","ExecutorUri":"executor://NUnit3TestExecutor","Source":"C:\\Users\\45501\\Desktop\\REST\\MandatoryAssignment1\\SudokuSolver\\SudokuTestsNUnit\\bin\\Debug\\netcoreapp3.1\\fine-code-coverage\\build-output\\SudokuTestsNUnit.dll","CodeFilePath":null,"LineNumber":0,"Properties":[]},"Attachments":[],"Outcome":1,"ErrorMessage":null,"ErrorStackTrace":null,"DisplayName":"GroupParameterCorrectNumberReturnTrue(1)","Messages":[],"ComputerName":"DESKTOP-6667IT4","Duration":"00:00:00.0002350","StartTime":"2021-06-22T18:50:37+00:00","EndTime":"2021-06-22T18:50:37+00:00","Properties":[]},{"TestCase":{"Id":"ff54d839-d477-b4d0-d76a-411782a79c46","FullyQualifiedName":"SudokuTestsNUnit.SudokuValidationTest.GroupParameterWrongNumberReturnFalse(1)","DisplayName":"GroupParameterWrongNumberReturnFalse(1)","ExecutorUri":"executor://NUnit3TestExecutor","Source":"C:\\Users\\45501\\Desktop\\REST\\MandatoryAssignment1\\SudokuSolver\\SudokuTestsNUnit\\bin\\Debug\\netcoreapp3.1\\fine-code-coverage\\build-output\\SudokuTestsNUnit.dll","CodeFilePath":null,"LineNumber":0,"Properties":[]},"Attachments":[],"Outcome":1,"ErrorMessage":null,"ErrorStackTrace":null,"DisplayName":"GroupParameterWrongNumberReturnFalse(1)","Messages":[],"ComputerName":"DESKTOP-6667IT4","Duration":"00:00:00.0001630","StartTime":"2021-06-22T18:50:37+00:00","EndTime":"2021-06-22T18:50:37+00:00","Properties":[]}],"TestRunStatistics":{"ExecutedTests":27,"Stats":{"Passed":26,"Failed":1}},"ActiveTests":[{"Id":"53b9836e-e46d-84da-0185-d0f339459909","FullyQualifiedName":"SudokuTestsNUnit.SudokuValidationTest.IndexParameterAboveRange(10)","DisplayName":"IndexParameterAboveRange(10)","ExecutorUri":"executor://NUnit3TestExecutor","Source":"C:\\Users\\45501\\Desktop\\REST\\MandatoryAssignment1\\SudokuSolver\\SudokuTestsNUnit\\bin\\Debug\\netcoreapp3.1\\fine-code-coverage\\build-output\\SudokuTestsNUnit.dll","CodeFilePath":null,"LineNumber":0,"Properties":[]}]}}
TpTrace Verbose: 0 : 65056, 14, 2021/06/22, 20:50:37.528, 8107848334671, vstest.console.dll, TestRunRequest:SendTestRunStatsChange: Starting.
TpTrace Verbose: 0 : 65056, 14, 2021/06/22, 20:50:37.528, 8107848335420, vstest.console.dll, InProgress is IndexParameterAboveRange(10)
TpTrace Information: 0 : 65056, 14, 2021/06/22, 20:50:37.529, 8107848336039, vstest.console.dll, TestRunRequest:SendTestRunStatsChange: Completed.
TpTrace Verbose: 0 : 65056, 14, 2021/06/22, 20:50:37.529, 8107848336408, vstest.console.dll, TcpClientExtensions.MessageLoopAsync: Polling on remoteEndPoint: 127.0.0.1:20350 localEndPoint: 127.0.0.1:20349
TpTrace Verbose: 0 : 65056, 14, 2021/06/22, 20:50:37.544, 8107848493653, vstest.console.dll, TcpClientExtensions.MessageLoopAsync: NotifyDataAvailable remoteEndPoint: 127.0.0.1:20350 localEndPoint: 127.0.0.1:20349
TpTrace Verbose: 0 : 65056, 14, 2021/06/22, 20:50:37.544, 8107848495598, vstest.console.dll, TestRequestSender.OnExecutionMessageReceived: Received message: {"Version":2,"MessageType":"TestExecution.StatsChange","Payload":{"NewTestResults":[{"TestCase":{"Id":"53b9836e-e46d-84da-0185-d0f339459909","FullyQualifiedName":"SudokuTestsNUnit.SudokuValidationTest.IndexParameterAboveRange(10)","DisplayName":"IndexParameterAboveRange(10)","ExecutorUri":"executor://NUnit3TestExecutor","Source":"C:\\Users\\45501\\Desktop\\REST\\MandatoryAssignment1\\SudokuSolver\\SudokuTestsNUnit\\bin\\Debug\\netcoreapp3.1\\fine-code-coverage\\build-output\\SudokuTestsNUnit.dll","CodeFilePath":null,"LineNumber":0,"Properties":[]},"Attachments":[],"Outcome":1,"ErrorMessage":null,"ErrorStackTrace":null,"DisplayName":"IndexParameterAboveRange(10)","Messages":[],"ComputerName":"DESKTOP-6667IT4","Duration":"00:00:00.0008930","StartTime":"2021-06-22T18:50:37+00:00","EndTime":"2021-06-22T18:50:37+00:00","Properties":[]},{"TestCase":{"Id":"a8a879ff-5353-4c1d-f87b-633056d8d21a","FullyQualifiedName":"SudokuTestsNUnit.SudokuValidationTest.IndexParameterAboveRange(11)","DisplayName":"IndexParameterAboveRange(11)","ExecutorUri":"executor://NUnit3TestExecutor","Source":"C:\\Users\\45501\\Desktop\\REST\\MandatoryAssignment1\\SudokuSolver\\SudokuTestsNUnit\\bin\\Debug\\netcoreapp3.1\\fine-code-coverage\\build-output\\SudokuTestsNUnit.dll","CodeFilePath":null,"LineNumber":0,"Properties":[]},"Attachments":[],"Outcome":1,"ErrorMessage":null,"ErrorStackTrace":null,"DisplayName":"IndexParameterAboveRange(11)","Messages":[],"ComputerName":"DESKTOP-6667IT4","Duration":"00:00:00.0005780","StartTime":"2021-06-22T18:50:37+00:00","EndTime":"2021-06-22T18:50:37+00:00","Properties":[]},{"TestCase":{"Id":"5614a279-6a1b-ded8-d3f4-a7c0162028e6","FullyQualifiedName":"SudokuTestsNUnit.SudokuValidationTest.IndexParameterAboveRange(12)","DisplayName":"IndexParameterAboveRange(12)","ExecutorUri":"executor://NUnit3TestExecutor","Source":"C:\\Users\\45501\\Desktop\\REST\\MandatoryAssignment1\\SudokuSolver\\SudokuTestsNUnit\\bin\\Debug\\netcoreapp3.1\\fine-code-coverage\\build-output\\SudokuTestsNUnit.dll","CodeFilePath":null,"LineNumber":0,"Properties":[]},"Attachments":[],"Outcome":1,"ErrorMessage":null,"ErrorStackTrace":null,"DisplayName":"IndexParameterAboveRange(12)","Messages":[],"ComputerName":"DESKTOP-6667IT4","Duration":"00:00:00.0004430","StartTime":"2021-06-22T18:50:37+00:00","EndTime":"2021-06-22T18:50:37+00:00","Properties":[]},{"TestCase":{"Id":"a07bb922-a39e-fa76-dd55-d56e4d558819","FullyQualifiedName":"SudokuTestsNUnit.SudokuValidationTest.IndexParameterBelowRange(-1)","DisplayName":"IndexParameterBelowRange(-1)","ExecutorUri":"executor://NUnit3TestExecutor","Source":"C:\\Users\\45501\\Desktop\\REST\\MandatoryAssignment1\\SudokuSolver\\SudokuTestsNUnit\\bin\\Debug\\netcoreapp3.1\\fine-code-coverage\\build-output\\SudokuTestsNUnit.dll","CodeFilePath":null,"LineNumber":0,"Properties":[]},"Attachments":[],"Outcome":1,"ErrorMessage":null,"ErrorStackTrace":null,"DisplayName":"IndexParameterBelowRange(-1)","Messages":[],"ComputerName":"DESKTOP-6667IT4","Duration":"00:00:00.0010810","StartTime":"2021-06-22T18:50:37+00:00","EndTime":"2021-06-22T18:50:37+00:00","Properties":[]},{"TestCase":{"Id":"755125a9-193b-4792-89ca-5d63f06d13e1","FullyQualifiedName":"SudokuTestsNUnit.SudokuValidationTest.IndexParameterNegativeRange(-3)","DisplayName":"IndexParameterNegativeRange(-3)","ExecutorUri":"executor://NUnit3TestExecutor","Source":"C:\\Users\\45501\\Desktop\\REST\\MandatoryAssignment1\\SudokuSolver\\SudokuTestsNUnit\\bin\\Debug\\netcoreapp3.1\\fine-code-coverage\\build-output\\SudokuTestsNUnit.dll","CodeFilePath":null,"LineNumber":0,"Properties":[]},"Attachments":[],"Outcome":1,"ErrorMessage":null,"ErrorStackTrace":null,"DisplayName":"IndexParameterNegativeRange(-3)","Messages":[],"ComputerName":"DESKTOP-6667IT4","Duration":"00:00:00.0008410","StartTime":"2021-06-22T18:50:37+00:00","EndTime":"2021-06-22T18:50:37+00:00","Properties":[]},{"TestCase":{"Id":"adea7176-8544-af9b-1709-7746b0842e64","FullyQualifiedName":"SudokuTestsNUnit.SudokuValidationTest.RowarameterNegativeRange(-3)","DisplayName":"RowarameterNegativeRange(-3)","ExecutorUri":"executor://NUnit3TestExecutor","Source":"C:\\Users\\45501\\Desktop\\REST\\MandatoryAssignment1\\SudokuSolver\\SudokuTestsNUnit\\bin\\Debug\\netcoreapp3.1\\fine-code-coverage\\build-output\\SudokuTestsNUnit.dll","CodeFilePath":null,"LineNumber":0,"Properties":[]},"Attachments":[],"Outcome":1,"ErrorMessage":null,"ErrorStackTrace":null,"DisplayName":"RowarameterNegativeRange(-3)","Messages":[],"ComputerName":"DESKTOP-6667IT4","Duration":"00:00:00.0013590","StartTime":"2021-06-22T18:50:37+00:00","EndTime":"2021-06-22T18:50:37+00:00","Properties":[]},{"TestCase":{"Id":"428939af-533e-a3ed-1044-0be1ab5be0a9","FullyQualifiedName":"SudokuTestsNUnit.SudokuValidationTest.RowParameterAboveRange(10)","DisplayName":"RowParameterAboveRange(10)","ExecutorUri":"executor://NUnit3TestExecutor","Source":"C:\\Users\\45501\\Desktop\\REST\\MandatoryAssignment1\\SudokuSolver\\SudokuTestsNUnit\\bin\\Debug\\netcoreapp3.1\\fine-code-coverage\\build-output\\SudokuTestsNUnit.dll","CodeFilePath":null,"LineNumber":0,"Properties":[]},"Attachments":[],"Outcome":1,"ErrorMessage":null,"ErrorStackTrace":null,"DisplayName":"RowParameterAboveRange(10)","Messages":[],"ComputerName":"DESKTOP-6667IT4","Duration":"00:00:00.0063370","StartTime":"2021-06-22T18:50:37+00:00","EndTime":"2021-06-22T18:50:37+00:00","Properties":[]},{"TestCase":{"Id":"8bd6493a-5328-5e65-541f-9dd683635b6e","FullyQualifiedName":"SudokuTestsNUnit.SudokuValidationTest.RowParameterBelowRange(-1)","DisplayName":"RowParameterBelowRange(-1)","ExecutorUri":"executor://NUnit3TestExecutor","Source":"C:\\Users\\45501\\Desktop\\REST\\MandatoryAssignment1\\SudokuSolver\\SudokuTestsNUnit\\bin\\Debug\\netcoreapp3.1\\fine-code-coverage\\build-output\\SudokuTestsNUnit.dll","CodeFilePath":null,"LineNumber":0,"Properties":[]},"Attachments":[],"Outcome":1,"ErrorMessage":null,"ErrorStackTrace":null,"DisplayName":"RowParameterBelowRange(-1)","Messages":[],"ComputerName":"DESKTOP-6667IT4","Duration":"00:00:00.0011610","StartTime":"2021-06-22T18:50:37+00:00","EndTime":"2021-06-22T18:50:37+00:00","Properties":[]},{"TestCase":{"Id":"903cab13-88b1-f8a0-7651-1620bee6c1f0","FullyQualifiedName":"SudokuTestsNUnit.SudokuValidationTest.RowParameterBelowRange(-2)","DisplayName":"RowParameterBelowRange(-2)","ExecutorUri":"executor://NUnit3TestExecutor","Source":"C:\\Users\\45501\\Desktop\\REST\\MandatoryAssignment1\\SudokuSolver\\SudokuTestsNUnit\\bin\\Debug\\netcoreapp3.1\\fine-code-coverage\\build-output\\SudokuTestsNUnit.dll","CodeFilePath":null,"LineNumber":0,"Properties":[]},"Attachments":[],"Outcome":1,"ErrorMessage":null,"ErrorStackTrace":null,"DisplayName":"RowParameterBelowRange(-2)","Messages":[],"ComputerName":"DESKTOP-6667IT4","Duration":"00:00:00.0004330","StartTime":"2021-06-22T18:50:37+00:00","EndTime":"2021-06-22T18:50:37+00:00","Properties":[]}],"TestRunStatistics":{"ExecutedTests":36,"Stats":{"Passed":35,"Failed":1}},"ActiveTests":[{"Id":"8662546a-433a-fc6b-eb5d-01cc8e3160a7","FullyQualifiedName":"SudokuTestsNUnit.SudokuValidationTest.RowParameterBelowRange(-3)","DisplayName":"RowParameterBelowRange(-3)","ExecutorUri":"executor://NUnit3TestExecutor","Source":"C:\\Users\\45501\\Desktop\\REST\\MandatoryAssignment1\\SudokuSolver\\SudokuTestsNUnit\\bin\\Debug\\netcoreapp3.1\\fine-code-coverage\\build-output\\SudokuTestsNUnit.dll","CodeFilePath":null,"LineNumber":0,"Properties":[]}]}}
TpTrace Verbose: 0 : 65056, 14, 2021/06/22, 20:50:37.547, 8107848519273, vstest.console.dll, TestRunRequest:SendTestRunStatsChange: Starting.
TpTrace Verbose: 0 : 65056, 14, 2021/06/22, 20:50:37.547, 8107848519991, vstest.console.dll, InProgress is RowParameterBelowRange(-3)
TpTrace Information: 0 : 65056, 14, 2021/06/22, 20:50:37.547, 8107848520522, vstest.console.dll, TestRunRequest:SendTestRunStatsChange: Completed.
TpTrace Verbose: 0 : 65056, 14, 2021/06/22, 20:50:37.547, 8107848520886, vstest.console.dll, TcpClientExtensions.MessageLoopAsync: Polling on remoteEndPoint: 127.0.0.1:20350 localEndPoint: 127.0.0.1:20349
TpTrace Verbose: 0 : 65056, 14, 2021/06/22, 20:50:37.567, 8107848717246, vstest.console.dll, TcpClientExtensions.MessageLoopAsync: NotifyDataAvailable remoteEndPoint: 127.0.0.1:20350 localEndPoint: 127.0.0.1:20349
TpTrace Verbose: 0 : 65056, 14, 2021/06/22, 20:50:37.567, 8107848718489, vstest.console.dll, TestRequestSender.OnExecutionMessageReceived: Received message: {"Version":2,"MessageType":"TestSession.Message","Payload":{"MessageLevel":0,"Message":"NUnit Adapter 3.16.1.0: Test execution complete"}}
TpTrace Verbose: 0 : 65056, 14, 2021/06/22, 20:50:37.567, 8107848719870, vstest.console.dll, TestRunRequest:SendTestRunMessage: Starting.
TpTrace Information: 0 : 65056, 14, 2021/06/22, 20:50:37.567, 8107848720558, vstest.console.dll, TestRunRequest:SendTestRunMessage: Completed.
TpTrace Verbose: 0 : 65056, 14, 2021/06/22, 20:50:37.567, 8107848720945, vstest.console.dll, TcpClientExtensions.MessageLoopAsync: Polling on remoteEndPoint: 127.0.0.1:20350 localEndPoint: 127.0.0.1:20349
TpTrace Verbose: 0 : 65056, 14, 2021/06/22, 20:50:37.586, 8107848910177, vstest.console.dll, TcpClientExtensions.MessageLoopAsync: NotifyDataAvailable remoteEndPoint: 127.0.0.1:20350 localEndPoint: 127.0.0.1:20349
TpTrace Verbose: 0 : 65056, 14, 2021/06/22, 20:50:37.586, 8107848912054, vstest.console.dll, TestRequestSender.OnExecutionMessageReceived: Received message: {"Version":2,"MessageType":"TestExecution.Completed","Payload":{"TestRunCompleteArgs":{"TestRunStatistics":{"ExecutedTests":41,"Stats":{"Passed":40,"Failed":1}},"IsCanceled":false,"IsAborted":false,"Error":null,"AttachmentSets":[],"ElapsedTimeInRunningTests":"00:00:00.6331649","Metrics":{}},"LastRunTests":{"NewTestResults":[{"TestCase":{"Id":"8662546a-433a-fc6b-eb5d-01cc8e3160a7","FullyQualifiedName":"SudokuTestsNUnit.SudokuValidationTest.RowParameterBelowRange(-3)","DisplayName":"RowParameterBelowRange(-3)","ExecutorUri":"executor://NUnit3TestExecutor","Source":"C:\\Users\\45501\\Desktop\\REST\\MandatoryAssignment1\\SudokuSolver\\SudokuTestsNUnit\\bin\\Debug\\netcoreapp3.1\\fine-code-coverage\\build-output\\SudokuTestsNUnit.dll","CodeFilePath":null,"LineNumber":0,"Properties":[]},"Attachments":[],"Outcome":1,"ErrorMessage":null,"ErrorStackTrace":null,"DisplayName":"RowParameterBelowRange(-3)","Messages":[],"ComputerName":"DESKTOP-6667IT4","Duration":"00:00:00.0005650","StartTime":"2021-06-22T18:50:37+00:00","EndTime":"2021-06-22T18:50:37+00:00","Properties":[]},{"TestCase":{"Id":"289db09f-d7a0-6902-0fe3-fa0b9a9a5be8","FullyQualifiedName":"SudokuTestsNUnit.SudokuValidationTest.RowParameterCorrectNumberReturnTrue(0)","DisplayName":"RowParameterCorrectNumberReturnTrue(0)","ExecutorUri":"executor://NUnit3TestExecutor","Source":"C:\\Users\\45501\\Desktop\\REST\\MandatoryAssignment1\\SudokuSolver\\SudokuTestsNUnit\\bin\\Debug\\netcoreapp3.1\\fine-code-coverage\\build-output\\SudokuTestsNUnit.dll","CodeFilePath":null,"LineNumber":0,"Properties":[]},"Attachments":[],"Outcome":1,"ErrorMessage":null,"ErrorStackTrace":null,"DisplayName":"RowParameterCorrectNumberReturnTrue(0)","Messages":[],"ComputerName":"DESKTOP-6667IT4","Duration":"00:00:00.0003840","StartTime":"2021-06-22T18:50:37+00:00","EndTime":"2021-06-22T18:50:37+00:00","Properties":[]},{"TestCase":{"Id":"723fb431-f65a-78bf-46b4-504f050a87db","FullyQualifiedName":"SudokuTestsNUnit.SudokuValidationTest.RowParameterWrongNumberReturnFalse(1)","DisplayName":"RowParameterWrongNumberReturnFalse(1)","ExecutorUri":"executor://NUnit3TestExecutor","Source":"C:\\Users\\45501\\Desktop\\REST\\MandatoryAssignment1\\SudokuSolver\\SudokuTestsNUnit\\bin\\Debug\\netcoreapp3.1\\fine-code-coverage\\build-output\\SudokuTestsNUnit.dll","CodeFilePath":null,"LineNumber":0,"Properties":[]},"Attachments":[],"Outcome":1,"ErrorMessage":null,"ErrorStackTrace":null,"DisplayName":"RowParameterWrongNumberReturnFalse(1)","Messages":[],"ComputerName":"DESKTOP-6667IT4","Duration":"00:00:00.0002700","StartTime":"2021-06-22T18:50:37+00:00","EndTime":"2021-06-22T18:50:37+00:00","Properties":[]},{"TestCase":{"Id":"76466d66-e102-c7c0-ee7d-653ea64c9c8c","FullyQualifiedName":"SudokuTestsNUnit.SudokuValidationTest.ValidatorWrapperReturnsFalseForFirstNumberInCol0AndRow0(1)","DisplayName":"ValidatorWrapperReturnsFalseForFirstNumberInCol0AndRow0(1)","ExecutorUri":"executor://NUnit3TestExecutor","Source":"C:\\Users\\45501\\Desktop\\REST\\MandatoryAssignment1\\SudokuSolver\\SudokuTestsNUnit\\bin\\Debug\\netcoreapp3.1\\fine-code-coverage\\build-output\\SudokuTestsNUnit.dll","CodeFilePath":null,"LineNumber":0,"Properties":[]},"Attachments":[],"Outcome":1,"ErrorMessage":null,"ErrorStackTrace":null,"DisplayName":"ValidatorWrapperReturnsFalseForFirstNumberInCol0AndRow0(1)","Messages":[],"ComputerName":"DESKTOP-6667IT4","Duration":"00:00:00.0002640","StartTime":"2021-06-22T18:50:37+00:00","EndTime":"2021-06-22T18:50:37+00:00","Properties":[]},{"TestCase":{"Id":"a9c09f83-4f1f-18af-548e-a2ad8509f33d","FullyQualifiedName":"SudokuTestsNUnit.SudokuValidationTest.ValidatorWrapperReturnsTrueForFirstNumberInCol0AndRow0(8)","DisplayName":"ValidatorWrapperReturnsTrueForFirstNumberInCol0AndRow0(8)","ExecutorUri":"executor://NUnit3TestExecutor","Source":"C:\\Users\\45501\\Desktop\\REST\\MandatoryAssignment1\\SudokuSolver\\SudokuTestsNUnit\\bin\\Debug\\netcoreapp3.1\\fine-code-coverage\\build-output\\SudokuTestsNUnit.dll","CodeFilePath":null,"LineNumber":0,"Properties":[]},"Attachments":[],"Outcome":1,"ErrorMessage":null,"ErrorStackTrace":null,"DisplayName":"ValidatorWrapperReturnsTrueForFirstNumberInCol0AndRow0(8)","Messages":[],"ComputerName":"DESKTOP-6667IT4","Duration":"00:00:00.0002920","StartTime":"2021-06-22T18:50:37+00:00","EndTime":"2021-06-22T18:50:37+00:00","Properties":[]}],"TestRunStatistics":{"ExecutedTests":41,"Stats":{"Passed":40,"Failed":1}},"ActiveTests":[]},"RunAttachments":[],"ExecutorUris":["executor://nunit3testexecutor/"]}}
TpTrace Verbose: 0 : 65056, 14, 2021/06/22, 20:50:37.586, 8107848914836, vstest.console.dll, TestRequestSender.EndSession: Sending end session.
TpTrace Verbose: 0 : 65056, 14, 2021/06/22, 20:50:37.587, 8107848916013, vstest.console.dll, ProxyOperationManager.Close: waiting for test host to exit for 100 ms
TpTrace Warning: 0 : 65056, 10, 2021/06/22, 20:50:37.598, 8107849030644, vstest.console.dll, TestHostManagerCallbacks.ErrorReceivedCallback Test host standard error line: 
TpTrace Verbose: 0 : 65056, 7, 2021/06/22, 20:50:37.607, 8107849117988, vstest.console.dll, TestHostProvider.ExitCallBack: Host exited starting callback.
TpTrace Information: 0 : 65056, 7, 2021/06/22, 20:50:37.607, 8107849124697, vstest.console.dll, TestHostManagerCallbacks.ExitCallBack: Testhost processId: 78892 exited with exitcode: 0 error: ''
TpTrace Verbose: 0 : 65056, 7, 2021/06/22, 20:50:37.607, 8107849125349, vstest.console.dll, DotnetTestHostManager.OnHostExited: invoking OnHostExited callback
TpTrace Verbose: 0 : 65056, 7, 2021/06/22, 20:50:37.607, 8107849125873, vstest.console.dll, CrossPlatEngine.TestHostManagerHostExited: calling on client process exit callback.
TpTrace Information: 0 : 65056, 7, 2021/06/22, 20:50:37.608, 8107849126406, vstest.console.dll, TestRequestSender.OnClientProcessExit: Test host process exited. Standard error: 
TpTrace Information: 0 : 65056, 7, 2021/06/22, 20:50:37.608, 8107849126835, vstest.console.dll, SocketServer.Stop: Stop server endPoint: 127.0.0.1:20349
TpTrace Information: 0 : 65056, 7, 2021/06/22, 20:50:37.608, 8107849127165, vstest.console.dll, SocketServer.Stop: Cancellation requested. Stopping message loop.
TpTrace Warning: 0 : 65056, 14, 2021/06/22, 20:50:37.608, 8107849126830, vstest.console.dll, ProxyOperationManager: Timed out waiting for test host to exit. Will terminate process.
TpTrace Verbose: 0 : 65056, 14, 2021/06/22, 20:50:37.608, 8107849133027, vstest.console.dll, ProxyDataCollectionManager.InvokeDataCollectionServiceAction: Starting.
TpTrace Information: 0 : 65056, 14, 2021/06/22, 20:50:37.608, 8107849133549, vstest.console.dll, ProxyDataCollectionManager.AfterTestRunEnd: Get attachment set for datacollector processId: 7612 port: 20346
TpTrace Verbose: 0 : 65056, 14, 2021/06/22, 20:50:37.608, 8107849134101, vstest.console.dll, DataCollectionRequestSender.SendAfterTestRunStartAndGetResult : Send AfterTestRunEnd message with isCancelled: False
TpTrace Verbose: 0 : 65056, 14, 2021/06/22, 20:50:37.610, 8107849153588, vstest.console.dll, DataCollectionRequestSender.SendAfterTestRunStartAndGetResult : Received message: (DataCollection.AfterTestRunEndResult) -> []
TpTrace Information: 0 : 65056, 14, 2021/06/22, 20:50:37.611, 8107849163227, vstest.console.dll, ProxyDataCollectionManager.InvokeDataCollectionServiceAction: Completed.
TpTrace Warning: 0 : 65056, 9, 2021/06/22, 20:50:37.617, 8107849218500, vstest.console.dll, DataCollectionLauncher.ErrorReceivedCallback datacollector standard error line: 
TpTrace Information: 0 : 65056, 7, 2021/06/22, 20:50:37.622, 8107849268707, vstest.console.dll, DataCollectionLauncher.ExitCallBack: Data collector exited with exitcode: 0 error: ''
TpTrace Verbose: 0 : 65056, 14, 2021/06/22, 20:50:37.632, 8107849371132, vstest.console.dll, TestRunRequest:SendTestRunStatsChange: Starting.
TpTrace Information: 0 : 65056, 14, 2021/06/22, 20:50:37.632, 8107849372180, vstest.console.dll, TestRunRequest:SendTestRunStatsChange: Completed.
TpTrace Verbose: 0 : 65056, 14, 2021/06/22, 20:50:37.632, 8107849373723, vstest.console.dll, ParallelProxyExecutionManager: HandlePartialRunComplete: Total completed clients = 1, Run complete = True, Run canceled: False.
TpTrace Verbose: 0 : 65056, 14, 2021/06/22, 20:50:37.650, 8107849548537, vstest.console.dll, TestRunRequest:TestRunComplete: Starting. IsAborted:False IsCanceled:False.
TpTrace Verbose: 0 : 65056, 14, 2021/06/22, 20:50:37.650, 8107849550308, vstest.console.dll, TestLoggerManager.HandleTestRunComplete: Ignoring as the object is disposed.
TpTrace Information: 0 : 65056, 14, 2021/06/22, 20:50:37.650, 8107849553037, vstest.console.dll, TestRunRequest:TestRunComplete: Completed.
TpTrace Verbose: 0 : 65056, 14, 2021/06/22, 20:50:37.650, 8107849553528, vstest.console.dll, TestRequestSender.SetOperationComplete: Setting operation complete.
TpTrace Verbose: 0 : 65056, 1, 2021/06/22, 20:50:37.650, 8107849553673, vstest.console.dll, TestRunRequest.Dispose: Starting.
TpTrace Information: 0 : 65056, 1, 2021/06/22, 20:50:37.650, 8107849554757, vstest.console.dll, TestRunRequest.Dispose: Completed.
TpTrace Information: 0 : 65056, 14, 2021/06/22, 20:50:37.650, 8107849553956, vstest.console.dll, SocketServer.Stop: Stop server endPoint: 127.0.0.1:20349
TpTrace Information: 0 : 65056, 14, 2021/06/22, 20:50:37.651, 8107849556222, vstest.console.dll, SocketServer.Stop: Cancellation requested. Stopping message loop.
TpTrace Information: 0 : 65056, 1, 2021/06/22, 20:50:37.650, 8107849555220, vstest.console.dll, TestRequestManager.RunTests: run tests completed.
TpTrace Information: 0 : 65056, 14, 2021/06/22, 20:50:37.651, 8107849556790, vstest.console.dll, SocketServer.PrivateStop: Stop server endPoint: 127.0.0.1:20349 error: 
TpTrace Information: 0 : 65056, 1, 2021/06/22, 20:50:37.651, 8107849558033, vstest.console.dll, RunTestsArgumentProcessor:Execute: Test run is completed.
TpTrace Verbose: 0 : 65056, 1, 2021/06/22, 20:50:37.651, 8107849558844, vstest.console.dll, Executor.Execute: Exiting with exit code of 1
TpTrace Verbose: 0 : 65056, 14, 2021/06/22, 20:50:37.651, 8107849564649, vstest.console.dll, LengthPrefixCommunicationChannel.Dispose: Dispose reader and writer.
TpTrace Information: 0 : 65056, 14, 2021/06/22, 20:50:37.651, 8107849565330, vstest.console.dll, SocketServer.Stop: Raise disconnected event endPoint: 127.0.0.1:20349 error: 
TpTrace Verbose: 0 : 65056, 14, 2021/06/22, 20:50:37.658, 8107849629319, vstest.console.dll, TestRequestSender: OnTestRunAbort: Operation is already complete. Skip error message.
TpTrace Verbose: 0 : 65056, 14, 2021/06/22, 20:50:37.658, 8107849630202, vstest.console.dll, TcpClientExtensions.MessageLoopAsync: exiting MessageLoopAsync remoteEndPoint: 127.0.0.1:20350 localEndPoint: 127.0.0.1:20349
