<?xml version="1.0" encoding="utf-8"?>
<!DOCTYPE coverage SYSTEM "http://cobertura.sourceforge.net/xml/coverage-04.dtd">
<coverage line-rate="0.8850267379679144" branch-rate="0.8611111111111112" lines-covered="331" lines-valid="374" branches-covered="62" branches-valid="72" complexity="96" version="0" timestamp="1624136734">
  <sources>
    <source>C:\Users\45501\</source>
  </sources>
  <packages>
    <package name="Sudoku" line-rate="0.8305084745762712" branch-rate="0.8571428571428571" complexity="73">
      <classes>
        <class name="Sudoku.Program" filename="C:\Users\45501\Desktop\REST\MandatoryAssignment1\SudokuSolver\Sudoku\Program.cs" line-rate="0" branch-rate="1" complexity="1">
          <methods>
            <method name="Main" signature="()" line-rate="0" branch-rate="1" complexity="1">
              <lines>
                <line number="9" hits="0" branch="false" />
                <line number="10" hits="0" branch="false" />
                <line number="11" hits="0" branch="false" />
                <line number="12" hits="0" branch="false" />
                <line number="13" hits="0" branch="false" />
                <line number="14" hits="0" branch="false" />
                <line number="16" hits="0" branch="false" />
                <line number="18" hits="0" branch="false" />
                <line number="19" hits="0" branch="false" />
                <line number="20" hits="0" branch="false" />
                <line number="21" hits="0" branch="false" />
                <line number="22" hits="0" branch="false" />
                <line number="25" hits="0" branch="false" />
                <line number="26" hits="0" branch="false" />
                <line number="27" hits="0" branch="false" />
              </lines>
            </method>
          </methods>
          <lines>
            <line number="9" hits="0" branch="false" />
            <line number="10" hits="0" branch="false" />
            <line number="11" hits="0" branch="false" />
            <line number="12" hits="0" branch="false" />
            <line number="13" hits="0" branch="false" />
            <line number="14" hits="0" branch="false" />
            <line number="16" hits="0" branch="false" />
            <line number="18" hits="0" branch="false" />
            <line number="19" hits="0" branch="false" />
            <line number="20" hits="0" branch="false" />
            <line number="21" hits="0" branch="false" />
            <line number="22" hits="0" branch="false" />
            <line number="25" hits="0" branch="false" />
            <line number="26" hits="0" branch="false" />
            <line number="27" hits="0" branch="false" />
          </lines>
        </class>
        <class name="Sudoku.SudokuBoardDisplayer" filename="C:\Users\45501\Desktop\REST\MandatoryAssignment1\SudokuSolver\Sudoku\SudokuBoardDisplayer.cs" line-rate="0.7380952380952381" branch-rate="0.6363636363636364" complexity="22">
          <methods>
            <method name="generateBoard" signature="(...)" line-rate="1" branch-rate="1" complexity="12">
              <lines>
                <line number="12" hits="9" branch="false" />
                <line number="14" hits="9" branch="false" />
                <line number="15" hits="9" branch="false" />
                <line number="16" hits="9" branch="false" />
                <line number="17" hits="9" branch="false" />
                <line number="18" hits="9" branch="true" condition-coverage="100% (4/4)" />
                <line number="19" hits="1" branch="false" />
                <line number="21" hits="124" branch="true" condition-coverage="100% (2/2)" />
                <line number="22" hits="56" branch="false" />
                <line number="23" hits="56" branch="false" />
                <line number="24" hits="56" branch="true" condition-coverage="100% (2/2)" />
                <line number="25" hits="48" branch="false" />
                <line number="26" hits="1084" branch="true" condition-coverage="100% (2/2)" />
                <line number="27" hits="488" branch="false" />
                <line number="28" hits="488" branch="false" />
                <line number="29" hits="488" branch="true" condition-coverage="100% (2/2)" />
                <line number="30" hits="432" branch="false" />
                <line number="31" hits="432" branch="false" />
                <line number="32" hits="432" branch="false" />
                <line number="33" hits="488" branch="false" />
                <line number="34" hits="486" branch="false" />
                <line number="35" hits="54" branch="false" />
                <line number="36" hits="6" branch="false" />
                <line number="37" hits="6" branch="false" />
                <line number="38" hits="6" branch="false" />
              </lines>
            </method>
            <method name="CheckAnswer" signature="(...)" line-rate="0.8571428571428571" branch-rate="1" complexity="2">
              <lines>
                <line number="66" hits="2" branch="false" />
                <line number="67" hits="2" branch="true" condition-coverage="100% (2/2)" />
                <line number="68" hits="1" branch="false" />
                <line number="69" hits="1" branch="false" />
                <line number="70" hits="1" branch="false" />
                <line number="71" hits="0" branch="false" />
                <line number="72" hits="1" branch="false" />
              </lines>
            </method>
            <method name="SelectSudokuBoard" signature="(...)" line-rate="0" branch-rate="0" complexity="8">
              <lines>
                <line number="75" hits="0" branch="false" />
                <line number="76" hits="0" branch="true" condition-coverage="0% (0/4)" />
                <line number="77" hits="0" branch="false" />
                <line number="78" hits="0" branch="false" />
                <line number="79" hits="0" branch="true" condition-coverage="0% (0/4)" />
                <line number="82" hits="0" branch="false" />
                <line number="84" hits="0" branch="false" />
                <line number="86" hits="0" branch="false" />
                <line number="88" hits="0" branch="false" />
                <line number="90" hits="0" branch="false" />
              </lines>
            </method>
          </methods>
          <lines>
            <line number="12" hits="9" branch="false" />
            <line number="14" hits="9" branch="false" />
            <line number="15" hits="9" branch="false" />
            <line number="16" hits="9" branch="false" />
            <line number="17" hits="9" branch="false" />
            <line number="18" hits="9" branch="true" condition-coverage="100% (4/4)" />
            <line number="19" hits="1" branch="false" />
            <line number="21" hits="124" branch="true" condition-coverage="100% (2/2)" />
            <line number="22" hits="56" branch="false" />
            <line number="23" hits="56" branch="false" />
            <line number="24" hits="56" branch="true" condition-coverage="100% (2/2)" />
            <line number="25" hits="48" branch="false" />
            <line number="26" hits="1084" branch="true" condition-coverage="100% (2/2)" />
            <line number="27" hits="488" branch="false" />
            <line number="28" hits="488" branch="false" />
            <line number="29" hits="488" branch="true" condition-coverage="100% (2/2)" />
            <line number="30" hits="432" branch="false" />
            <line number="31" hits="432" branch="false" />
            <line number="32" hits="432" branch="false" />
            <line number="33" hits="488" branch="false" />
            <line number="34" hits="486" branch="false" />
            <line number="35" hits="54" branch="false" />
            <line number="36" hits="6" branch="false" />
            <line number="37" hits="6" branch="false" />
            <line number="38" hits="6" branch="false" />
            <line number="66" hits="2" branch="false" />
            <line number="67" hits="2" branch="true" condition-coverage="100% (2/2)" />
            <line number="68" hits="1" branch="false" />
            <line number="69" hits="1" branch="false" />
            <line number="70" hits="1" branch="false" />
            <line number="71" hits="0" branch="false" />
            <line number="72" hits="1" branch="false" />
            <line number="75" hits="0" branch="false" />
            <line number="76" hits="0" branch="true" condition-coverage="0% (0/4)" />
            <line number="77" hits="0" branch="false" />
            <line number="78" hits="0" branch="false" />
            <line number="79" hits="0" branch="true" condition-coverage="0% (0/4)" />
            <line number="82" hits="0" branch="false" />
            <line number="84" hits="0" branch="false" />
            <line number="86" hits="0" branch="false" />
            <line number="88" hits="0" branch="false" />
            <line number="90" hits="0" branch="false" />
          </lines>
        </class>
        <class name="Sudoku.SudokuBoards" filename="C:\Users\45501\Desktop\REST\MandatoryAssignment1\SudokuSolver\Sudoku\SudokuBoards.cs" line-rate="1" branch-rate="1" complexity="1">
          <methods>
            <method name=".ctor" signature="()" line-rate="1" branch-rate="1" complexity="1">
              <lines>
                <line number="9" hits="13" branch="false" />
                <line number="10" hits="13" branch="false" />
                <line number="11" hits="13" branch="false" />
                <line number="12" hits="13" branch="false" />
                <line number="13" hits="13" branch="false" />
                <line number="14" hits="13" branch="false" />
                <line number="15" hits="13" branch="false" />
                <line number="16" hits="13" branch="false" />
                <line number="17" hits="13" branch="false" />
                <line number="18" hits="13" branch="false" />
                <line number="19" hits="13" branch="false" />
                <line number="20" hits="13" branch="false" />
                <line number="22" hits="13" branch="false" />
                <line number="23" hits="13" branch="false" />
                <line number="24" hits="13" branch="false" />
                <line number="25" hits="13" branch="false" />
                <line number="26" hits="13" branch="false" />
                <line number="27" hits="13" branch="false" />
                <line number="28" hits="13" branch="false" />
                <line number="29" hits="13" branch="false" />
                <line number="30" hits="13" branch="false" />
                <line number="31" hits="13" branch="false" />
                <line number="32" hits="13" branch="false" />
                <line number="33" hits="13" branch="false" />
                <line number="35" hits="13" branch="false" />
                <line number="36" hits="13" branch="false" />
                <line number="37" hits="13" branch="false" />
                <line number="38" hits="13" branch="false" />
                <line number="39" hits="13" branch="false" />
                <line number="40" hits="13" branch="false" />
                <line number="41" hits="13" branch="false" />
                <line number="42" hits="13" branch="false" />
                <line number="43" hits="13" branch="false" />
                <line number="44" hits="13" branch="false" />
                <line number="45" hits="13" branch="false" />
                <line number="47" hits="13" branch="false" />
                <line number="48" hits="13" branch="false" />
                <line number="49" hits="13" branch="false" />
                <line number="51" hits="13" branch="false" />
                <line number="52" hits="13" branch="false" />
                <line number="53" hits="13" branch="false" />
                <line number="54" hits="13" branch="false" />
                <line number="55" hits="13" branch="false" />
                <line number="56" hits="13" branch="false" />
                <line number="57" hits="13" branch="false" />
                <line number="58" hits="13" branch="false" />
                <line number="59" hits="13" branch="false" />
                <line number="60" hits="13" branch="false" />
                <line number="61" hits="13" branch="false" />
                <line number="62" hits="13" branch="false" />
              </lines>
            </method>
          </methods>
          <lines>
            <line number="9" hits="13" branch="false" />
            <line number="10" hits="13" branch="false" />
            <line number="11" hits="13" branch="false" />
            <line number="12" hits="13" branch="false" />
            <line number="13" hits="13" branch="false" />
            <line number="14" hits="13" branch="false" />
            <line number="15" hits="13" branch="false" />
            <line number="16" hits="13" branch="false" />
            <line number="17" hits="13" branch="false" />
            <line number="18" hits="13" branch="false" />
            <line number="19" hits="13" branch="false" />
            <line number="20" hits="13" branch="false" />
            <line number="22" hits="13" branch="false" />
            <line number="23" hits="13" branch="false" />
            <line number="24" hits="13" branch="false" />
            <line number="25" hits="13" branch="false" />
            <line number="26" hits="13" branch="false" />
            <line number="27" hits="13" branch="false" />
            <line number="28" hits="13" branch="false" />
            <line number="29" hits="13" branch="false" />
            <line number="30" hits="13" branch="false" />
            <line number="31" hits="13" branch="false" />
            <line number="32" hits="13" branch="false" />
            <line number="33" hits="13" branch="false" />
            <line number="35" hits="13" branch="false" />
            <line number="36" hits="13" branch="false" />
            <line number="37" hits="13" branch="false" />
            <line number="38" hits="13" branch="false" />
            <line number="39" hits="13" branch="false" />
            <line number="40" hits="13" branch="false" />
            <line number="41" hits="13" branch="false" />
            <line number="42" hits="13" branch="false" />
            <line number="43" hits="13" branch="false" />
            <line number="44" hits="13" branch="false" />
            <line number="45" hits="13" branch="false" />
            <line number="47" hits="13" branch="false" />
            <line number="48" hits="13" branch="false" />
            <line number="49" hits="13" branch="false" />
            <line number="51" hits="13" branch="false" />
            <line number="52" hits="13" branch="false" />
            <line number="53" hits="13" branch="false" />
            <line number="54" hits="13" branch="false" />
            <line number="55" hits="13" branch="false" />
            <line number="56" hits="13" branch="false" />
            <line number="57" hits="13" branch="false" />
            <line number="58" hits="13" branch="false" />
            <line number="59" hits="13" branch="false" />
            <line number="60" hits="13" branch="false" />
            <line number="61" hits="13" branch="false" />
            <line number="62" hits="13" branch="false" />
          </lines>
        </class>
        <class name="Sudoku.SudokuLogic" filename="C:\Users\45501\Desktop\REST\MandatoryAssignment1\SudokuSolver\Sudoku\SudokuLogic.cs" line-rate="0.9428571428571428" branch-rate="0.9583333333333334" complexity="49">
          <methods>
            <method name="solveSudoku" signature="(...)" line-rate="1" branch-rate="1" complexity="12">
              <lines>
                <line number="12" hits="2017" branch="false" />
                <line number="13" hits="18330" branch="true" condition-coverage="100% (2/2)" />
                <line number="14" hits="9161" branch="false" />
                <line number="15" hits="9161" branch="false" />
                <line number="16" hits="164330" branch="true" condition-coverage="100% (2/2)" />
                <line number="17" hits="75017" branch="false" />
                <line number="18" hits="75017" branch="false" />
                <line number="19" hits="75017" branch="true" condition-coverage="100% (2/2)" />
                <line number="20" hits="2013" branch="false" />
                <line number="21" hits="38242" branch="true" condition-coverage="100% (2/2)" />
                <line number="22" hits="17301" branch="false" />
                <line number="23" hits="17301" branch="true" condition-coverage="100% (2/2)" />
                <line number="24" hits="2012" branch="false" />
                <line number="25" hits="2012" branch="false" />
                <line number="26" hits="2012" branch="true" condition-coverage="100% (2/2)" />
                <line number="27" hits="192" branch="false" />
                <line number="28" hits="192" branch="false" />
                <line number="31" hits="1820" branch="false" />
                <line number="32" hits="1820" branch="false" />
                <line number="33" hits="17108" branch="false" />
                <line number="34" hits="1820" branch="false" />
                <line number="36" hits="73004" branch="false" />
                <line number="37" hits="7148" branch="false" />
                <line number="38" hits="4" branch="false" />
                <line number="39" hits="2016" branch="false" />
              </lines>
            </method>
            <method name="validatorWrapper" signature="(...)" line-rate="1" branch-rate="1" complexity="10">
              <lines>
                <line number="42" hits="17302" branch="false" />
                <line number="43" hits="17302" branch="true" condition-coverage="100% (4/4)" />
                <line number="44" hits="1" branch="false" />
                <line number="46" hits="28773" branch="true" condition-coverage="100% (2/2)" />
                <line number="47" hits="8805" branch="true" condition-coverage="100% (2/2)" />
                <line number="48" hits="3692" branch="true" condition-coverage="100% (2/2)" />
                <line number="49" hits="2012" branch="false" />
                <line number="50" hits="17300" branch="false" />
              </lines>
            </method>
            <method name="rowValidator" signature="(...)" line-rate="1" branch-rate="1" complexity="8">
              <lines>
                <line number="53" hits="5831" branch="false" />
                <line number="54" hits="5831" branch="true" condition-coverage="100% (4/4)" />
                <line number="55" hits="1" branch="false" />
                <line number="56" hits="81518" branch="true" condition-coverage="100% (2/2)" />
                <line number="57" hits="40883" branch="true" condition-coverage="100% (2/2)" />
                <line number="58" hits="2852" branch="false" />
                <line number="59" hits="5828" branch="false" />
              </lines>
            </method>
            <method name="colValidator" signature="(...)" line-rate="1" branch-rate="1" complexity="8">
              <lines>
                <line number="62" hits="17303" branch="false" />
                <line number="63" hits="17303" branch="true" condition-coverage="100% (4/4)" />
                <line number="64" hits="1" branch="false" />
                <line number="66" hits="214462" branch="true" condition-coverage="100% (2/2)" />
                <line number="67" hits="112874" branch="true" condition-coverage="100% (2/2)" />
                <line number="68" hits="5829" branch="false" />
                <line number="69" hits="17301" branch="false" />
              </lines>
            </method>
            <method name="groupValidator" signature="(...)" line-rate="1" branch-rate="0.875" complexity="8">
              <lines>
                <line number="73" hits="2853" branch="false" />
                <line number="74" hits="2853" branch="true" condition-coverage="75% (3/4)" />
                <line number="75" hits="1" branch="false" />
                <line number="76" hits="2852" branch="false" />
                <line number="77" hits="2852" branch="false" />
                <line number="78" hits="50000" branch="true" condition-coverage="100% (2/2)" />
                <line number="79" hits="23828" branch="true" condition-coverage="100% (2/2)" />
                <line number="80" hits="2012" branch="false" />
                <line number="81" hits="2852" branch="false" />
              </lines>
            </method>
            <method name="runSudoku" signature="(...)" line-rate="0.6923076923076923" branch-rate="0.5" complexity="2">
              <lines>
                <line number="84" hits="2" branch="false" />
                <line number="85" hits="2" branch="false" />
                <line number="86" hits="2" branch="false" />
                <line number="87" hits="2" branch="true" condition-coverage="50% (1/2)" />
                <line number="88" hits="1" branch="false" />
                <line number="89" hits="1" branch="false" />
                <line number="90" hits="1" branch="false" />
                <line number="91" hits="1" branch="false" />
                <line number="94" hits="0" branch="false" />
                <line number="95" hits="0" branch="false" />
                <line number="96" hits="0" branch="false" />
                <line number="97" hits="0" branch="false" />
                <line number="99" hits="1" branch="false" />
              </lines>
            </method>
            <method name=".cctor" signature="()" line-rate="1" branch-rate="1" complexity="1">
              <lines>
                <line number="9" hits="1" branch="false" />
              </lines>
            </method>
          </methods>
          <lines>
            <line number="9" hits="1" branch="false" />
            <line number="12" hits="2017" branch="false" />
            <line number="13" hits="18330" branch="true" condition-coverage="100% (2/2)" />
            <line number="14" hits="9161" branch="false" />
            <line number="15" hits="9161" branch="false" />
            <line number="16" hits="164330" branch="true" condition-coverage="100% (2/2)" />
            <line number="17" hits="75017" branch="false" />
            <line number="18" hits="75017" branch="false" />
            <line number="19" hits="75017" branch="true" condition-coverage="100% (2/2)" />
            <line number="20" hits="2013" branch="false" />
            <line number="21" hits="38242" branch="true" condition-coverage="100% (2/2)" />
            <line number="22" hits="17301" branch="false" />
            <line number="23" hits="17301" branch="true" condition-coverage="100% (2/2)" />
            <line number="24" hits="2012" branch="false" />
            <line number="25" hits="2012" branch="false" />
            <line number="26" hits="2012" branch="true" condition-coverage="100% (2/2)" />
            <line number="27" hits="192" branch="false" />
            <line number="28" hits="192" branch="false" />
            <line number="31" hits="1820" branch="false" />
            <line number="32" hits="1820" branch="false" />
            <line number="33" hits="17108" branch="false" />
            <line number="34" hits="1820" branch="false" />
            <line number="36" hits="73004" branch="false" />
            <line number="37" hits="7148" branch="false" />
            <line number="38" hits="4" branch="false" />
            <line number="39" hits="2016" branch="false" />
            <line number="42" hits="17302" branch="false" />
            <line number="43" hits="17302" branch="true" condition-coverage="100% (4/4)" />
            <line number="44" hits="1" branch="false" />
            <line number="46" hits="28773" branch="true" condition-coverage="100% (2/2)" />
            <line number="47" hits="8805" branch="true" condition-coverage="100% (2/2)" />
            <line number="48" hits="3692" branch="true" condition-coverage="100% (2/2)" />
            <line number="49" hits="2012" branch="false" />
            <line number="50" hits="17300" branch="false" />
            <line number="53" hits="5831" branch="false" />
            <line number="54" hits="5831" branch="true" condition-coverage="100% (4/4)" />
            <line number="55" hits="1" branch="false" />
            <line number="56" hits="81518" branch="true" condition-coverage="100% (2/2)" />
            <line number="57" hits="40883" branch="true" condition-coverage="100% (2/2)" />
            <line number="58" hits="2852" branch="false" />
            <line number="59" hits="5828" branch="false" />
            <line number="62" hits="17303" branch="false" />
            <line number="63" hits="17303" branch="true" condition-coverage="100% (4/4)" />
            <line number="64" hits="1" branch="false" />
            <line number="66" hits="214462" branch="true" condition-coverage="100% (2/2)" />
            <line number="67" hits="112874" branch="true" condition-coverage="100% (2/2)" />
            <line number="68" hits="5829" branch="false" />
            <line number="69" hits="17301" branch="false" />
            <line number="73" hits="2853" branch="false" />
            <line number="74" hits="2853" branch="true" condition-coverage="75% (3/4)" />
            <line number="75" hits="1" branch="false" />
            <line number="76" hits="2852" branch="false" />
            <line number="77" hits="2852" branch="false" />
            <line number="78" hits="50000" branch="true" condition-coverage="100% (2/2)" />
            <line number="79" hits="23828" branch="true" condition-coverage="100% (2/2)" />
            <line number="80" hits="2012" branch="false" />
            <line number="81" hits="2852" branch="false" />
            <line number="84" hits="2" branch="false" />
            <line number="85" hits="2" branch="false" />
            <line number="86" hits="2" branch="false" />
            <line number="87" hits="2" branch="true" condition-coverage="50% (1/2)" />
            <line number="88" hits="1" branch="false" />
            <line number="89" hits="1" branch="false" />
            <line number="90" hits="1" branch="false" />
            <line number="91" hits="1" branch="false" />
            <line number="94" hits="0" branch="false" />
            <line number="95" hits="0" branch="false" />
            <line number="96" hits="0" branch="false" />
            <line number="97" hits="0" branch="false" />
            <line number="99" hits="1" branch="false" />
          </lines>
        </class>
      </classes>
    </package>
    <package name="SudokuTests" line-rate="0.934010152284264" branch-rate="1" complexity="23">
      <classes>
        <class name="AutoGeneratedProgram" filename="C:\Users\45501\.nuget\packages\microsoft.net.test.sdk\16.7.1\build\netcoreapp2.1\Microsoft.NET.Test.Sdk.Program.cs" line-rate="0" branch-rate="1" complexity="1">
          <methods>
            <method name="Main" signature="(...)" line-rate="0" branch-rate="1" complexity="1">
              <lines>
                <line number="4" hits="0" branch="false" />
              </lines>
            </method>
          </methods>
          <lines>
            <line number="4" hits="0" branch="false" />
          </lines>
        </class>
        <class name="SudokuTests.SudokuMapTest" filename="C:\Users\45501\Desktop\REST\MandatoryAssignment1\SudokuSolver\SudokuTests\SudokuMapTest.cs" line-rate="0.9571428571428572" branch-rate="1" complexity="7">
          <methods>
            <method name="GenerateMap" signature="()" line-rate="1" branch-rate="1" complexity="1">
              <lines>
                <line number="63" hits="1" branch="false" />
                <line number="64" hits="1" branch="false" />
                <line number="65" hits="1" branch="false" />
                <line number="66" hits="1" branch="false" />
                <line number="67" hits="1" branch="false" />
                <line number="68" hits="1" branch="false" />
              </lines>
            </method>
            <method name="CheckTheMaxDepthOfBoard" signature="()" line-rate="0.8" branch-rate="1" complexity="1">
              <lines>
                <line number="73" hits="1" branch="false" />
                <line number="74" hits="1" branch="false" />
                <line number="75" hits="1" branch="false" />
                <line number="76" hits="1" branch="false" />
                <line number="79" hits="0" branch="false" />
              </lines>
            </method>
            <method name="DeclineGenerateMap" signature="()" line-rate="1" branch-rate="1" complexity="1">
              <lines>
                <line number="83" hits="1" branch="false" />
                <line number="84" hits="1" branch="false" />
                <line number="85" hits="1" branch="false" />
                <line number="86" hits="1" branch="false" />
                <line number="87" hits="1" branch="false" />
              </lines>
            </method>
            <method name="CheckBoardMapIfColumnsAreLessThan9" signature="()" line-rate="0.8" branch-rate="1" complexity="1">
              <lines>
                <line number="92" hits="1" branch="false" />
                <line number="93" hits="1" branch="false" />
                <line number="94" hits="1" branch="false" />
                <line number="95" hits="1" branch="false" />
                <line number="96" hits="0" branch="false" />
              </lines>
            </method>
            <method name="CheckBoardMapIfRowssAreLessThan9" signature="()" line-rate="0.8" branch-rate="1" complexity="1">
              <lines>
                <line number="101" hits="1" branch="false" />
                <line number="102" hits="1" branch="false" />
                <line number="103" hits="1" branch="false" />
                <line number="104" hits="1" branch="false" />
                <line number="105" hits="0" branch="false" />
              </lines>
            </method>
            <method name=".ctor" signature="()" line-rate="1" branch-rate="1" complexity="1">
              <lines>
                <line number="57" hits="5" branch="false" />
                <line number="58" hits="5" branch="false" />
              </lines>
            </method>
            <method name=".cctor" signature="()" line-rate="1" branch-rate="1" complexity="1">
              <lines>
                <line number="11" hits="1" branch="false" />
                <line number="12" hits="1" branch="false" />
                <line number="13" hits="1" branch="false" />
                <line number="14" hits="1" branch="false" />
                <line number="15" hits="1" branch="false" />
                <line number="16" hits="1" branch="false" />
                <line number="17" hits="1" branch="false" />
                <line number="18" hits="1" branch="false" />
                <line number="19" hits="1" branch="false" />
                <line number="20" hits="1" branch="false" />
                <line number="21" hits="1" branch="false" />
                <line number="23" hits="1" branch="false" />
                <line number="24" hits="1" branch="false" />
                <line number="25" hits="1" branch="false" />
                <line number="26" hits="1" branch="false" />
                <line number="27" hits="1" branch="false" />
                <line number="28" hits="1" branch="false" />
                <line number="29" hits="1" branch="false" />
                <line number="30" hits="1" branch="false" />
                <line number="31" hits="1" branch="false" />
                <line number="32" hits="1" branch="false" />
                <line number="34" hits="1" branch="false" />
                <line number="35" hits="1" branch="false" />
                <line number="36" hits="1" branch="false" />
                <line number="37" hits="1" branch="false" />
                <line number="38" hits="1" branch="false" />
                <line number="39" hits="1" branch="false" />
                <line number="40" hits="1" branch="false" />
                <line number="41" hits="1" branch="false" />
                <line number="42" hits="1" branch="false" />
                <line number="43" hits="1" branch="false" />
                <line number="45" hits="1" branch="false" />
                <line number="46" hits="1" branch="false" />
                <line number="47" hits="1" branch="false" />
                <line number="48" hits="1" branch="false" />
                <line number="49" hits="1" branch="false" />
                <line number="50" hits="1" branch="false" />
                <line number="51" hits="1" branch="false" />
                <line number="52" hits="1" branch="false" />
                <line number="53" hits="1" branch="false" />
                <line number="54" hits="1" branch="false" />
                <line number="55" hits="1" branch="false" />
              </lines>
            </method>
          </methods>
          <lines>
            <line number="11" hits="1" branch="false" />
            <line number="12" hits="1" branch="false" />
            <line number="13" hits="1" branch="false" />
            <line number="14" hits="1" branch="false" />
            <line number="15" hits="1" branch="false" />
            <line number="16" hits="1" branch="false" />
            <line number="17" hits="1" branch="false" />
            <line number="18" hits="1" branch="false" />
            <line number="19" hits="1" branch="false" />
            <line number="20" hits="1" branch="false" />
            <line number="21" hits="1" branch="false" />
            <line number="23" hits="1" branch="false" />
            <line number="24" hits="1" branch="false" />
            <line number="25" hits="1" branch="false" />
            <line number="26" hits="1" branch="false" />
            <line number="27" hits="1" branch="false" />
            <line number="28" hits="1" branch="false" />
            <line number="29" hits="1" branch="false" />
            <line number="30" hits="1" branch="false" />
            <line number="31" hits="1" branch="false" />
            <line number="32" hits="1" branch="false" />
            <line number="34" hits="1" branch="false" />
            <line number="35" hits="1" branch="false" />
            <line number="36" hits="1" branch="false" />
            <line number="37" hits="1" branch="false" />
            <line number="38" hits="1" branch="false" />
            <line number="39" hits="1" branch="false" />
            <line number="40" hits="1" branch="false" />
            <line number="41" hits="1" branch="false" />
            <line number="42" hits="1" branch="false" />
            <line number="43" hits="1" branch="false" />
            <line number="45" hits="1" branch="false" />
            <line number="46" hits="1" branch="false" />
            <line number="47" hits="1" branch="false" />
            <line number="48" hits="1" branch="false" />
            <line number="49" hits="1" branch="false" />
            <line number="50" hits="1" branch="false" />
            <line number="51" hits="1" branch="false" />
            <line number="52" hits="1" branch="false" />
            <line number="53" hits="1" branch="false" />
            <line number="54" hits="1" branch="false" />
            <line number="55" hits="1" branch="false" />
            <line number="57" hits="5" branch="false" />
            <line number="58" hits="5" branch="false" />
            <line number="63" hits="1" branch="false" />
            <line number="64" hits="1" branch="false" />
            <line number="65" hits="1" branch="false" />
            <line number="66" hits="1" branch="false" />
            <line number="67" hits="1" branch="false" />
            <line number="68" hits="1" branch="false" />
            <line number="73" hits="1" branch="false" />
            <line number="74" hits="1" branch="false" />
            <line number="75" hits="1" branch="false" />
            <line number="76" hits="1" branch="false" />
            <line number="79" hits="0" branch="false" />
            <line number="83" hits="1" branch="false" />
            <line number="84" hits="1" branch="false" />
            <line number="85" hits="1" branch="false" />
            <line number="86" hits="1" branch="false" />
            <line number="87" hits="1" branch="false" />
            <line number="92" hits="1" branch="false" />
            <line number="93" hits="1" branch="false" />
            <line number="94" hits="1" branch="false" />
            <line number="95" hits="1" branch="false" />
            <line number="96" hits="0" branch="false" />
            <line number="101" hits="1" branch="false" />
            <line number="102" hits="1" branch="false" />
            <line number="103" hits="1" branch="false" />
            <line number="104" hits="1" branch="false" />
            <line number="105" hits="0" branch="false" />
          </lines>
        </class>
        <class name="SudokuTests.SudokuSolverTest" filename="C:\Users\45501\Desktop\REST\MandatoryAssignment1\SudokuSolver\SudokuTests\SudokuSolverTest.cs" line-rate="0.9285714285714286" branch-rate="1" complexity="15">
          <methods>
            <method name="SolveSudokuTest" signature="()" line-rate="1" branch-rate="1" complexity="1">
              <lines>
                <line number="71" hits="1" branch="false" />
                <line number="72" hits="1" branch="false" />
                <line number="73" hits="1" branch="false" />
                <line number="74" hits="1" branch="false" />
                <line number="75" hits="1" branch="false" />
                <line number="76" hits="1" branch="false" />
                <line number="77" hits="1" branch="false" />
              </lines>
            </method>
            <method name="SolveSudokuTestFail" signature="()" line-rate="1" branch-rate="1" complexity="1">
              <lines>
                <line number="80" hits="1" branch="false" />
                <line number="81" hits="1" branch="false" />
                <line number="82" hits="1" branch="false" />
                <line number="83" hits="1" branch="false" />
                <line number="84" hits="1" branch="false" />
                <line number="85" hits="1" branch="false" />
                <line number="86" hits="1" branch="false" />
              </lines>
            </method>
            <method name="CompareTwoSudokusTest" signature="()" line-rate="1" branch-rate="1" complexity="1">
              <lines>
                <line number="90" hits="1" branch="false" />
                <line number="91" hits="1" branch="false" />
                <line number="92" hits="1" branch="false" />
                <line number="93" hits="1" branch="false" />
                <line number="94" hits="1" branch="false" />
                <line number="95" hits="1" branch="false" />
                <line number="96" hits="1" branch="false" />
              </lines>
            </method>
            <method name="RowParameterAboveRange" signature="()" line-rate="0.8333333333333334" branch-rate="1" complexity="1">
              <lines>
                <line number="101" hits="1" branch="false" />
                <line number="102" hits="1" branch="false" />
                <line number="103" hits="1" branch="false" />
                <line number="104" hits="1" branch="false" />
                <line number="105" hits="1" branch="false" />
                <line number="106" hits="0" branch="false" />
              </lines>
            </method>
            <method name="ColParameterAboveRange" signature="()" line-rate="0.8333333333333334" branch-rate="1" complexity="1">
              <lines>
                <line number="111" hits="1" branch="false" />
                <line number="112" hits="1" branch="false" />
                <line number="113" hits="1" branch="false" />
                <line number="114" hits="1" branch="false" />
                <line number="115" hits="1" branch="false" />
                <line number="116" hits="0" branch="false" />
              </lines>
            </method>
            <method name="IndexParameterAboveRange" signature="()" line-rate="0.6666666666666666" branch-rate="1" complexity="1">
              <lines>
                <line number="121" hits="1" branch="false" />
                <line number="122" hits="1" branch="false" />
                <line number="123" hits="0" branch="false" />
              </lines>
            </method>
            <method name="ColParameterNegativeRange" signature="()" line-rate="0.8333333333333334" branch-rate="1" complexity="1">
              <lines>
                <line number="128" hits="1" branch="false" />
                <line number="129" hits="1" branch="false" />
                <line number="130" hits="1" branch="false" />
                <line number="131" hits="1" branch="false" />
                <line number="132" hits="1" branch="false" />
                <line number="133" hits="0" branch="false" />
              </lines>
            </method>
            <method name="RowarameterNegativeRange" signature="()" line-rate="0.8333333333333334" branch-rate="1" complexity="1">
              <lines>
                <line number="138" hits="1" branch="false" />
                <line number="139" hits="1" branch="false" />
                <line number="140" hits="1" branch="false" />
                <line number="141" hits="1" branch="false" />
                <line number="142" hits="1" branch="false" />
                <line number="143" hits="0" branch="false" />
              </lines>
            </method>
            <method name="IndexParameterNegativeRange" signature="()" line-rate="0.8333333333333334" branch-rate="1" complexity="1">
              <lines>
                <line number="147" hits="1" branch="false" />
                <line number="148" hits="1" branch="false" />
                <line number="149" hits="1" branch="false" />
                <line number="150" hits="1" branch="false" />
                <line number="151" hits="1" branch="false" />
                <line number="152" hits="0" branch="false" />
              </lines>
            </method>
            <method name="RunSudokuTest" signature="()" line-rate="1" branch-rate="1" complexity="2">
              <lines>
                <line number="156" hits="1" branch="false" />
                <line number="157" hits="1" branch="false" />
                <line number="158" hits="1" branch="true" condition-coverage="100% (2/2)" />
                <line number="159" hits="1" branch="false" />
                <line number="160" hits="1" branch="false" />
              </lines>
            </method>
            <method name="RunWrongSudoku" signature="()" line-rate="0.8" branch-rate="1" complexity="1">
              <lines>
                <line number="165" hits="1" branch="false" />
                <line number="166" hits="1" branch="false" />
                <line number="167" hits="1" branch="false" />
                <line number="168" hits="1" branch="false" />
                <line number="169" hits="0" branch="false" />
              </lines>
            </method>
            <method name="CheckRightAnswerSudokuTest" signature="()" line-rate="1" branch-rate="1" complexity="1">
              <lines>
                <line number="173" hits="1" branch="false" />
                <line number="174" hits="1" branch="false" />
                <line number="175" hits="1" branch="false" />
                <line number="176" hits="1" branch="false" />
                <line number="177" hits="1" branch="false" />
              </lines>
            </method>
            <method name="CheckWrongAnswerSudokuTest" signature="()" line-rate="0.6666666666666666" branch-rate="1" complexity="1">
              <lines>
                <line number="181" hits="1" branch="false" />
                <line number="182" hits="1" branch="false" />
                <line number="183" hits="1" branch="false" />
                <line number="184" hits="1" branch="false" />
                <line number="185" hits="0" branch="false" />
                <line number="186" hits="0" branch="false" />
              </lines>
            </method>
            <method name=".ctor" signature="()" line-rate="1" branch-rate="1" complexity="1">
              <lines>
                <line number="13" hits="13" branch="false" />
                <line number="14" hits="13" branch="false" />
                <line number="15" hits="13" branch="false" />
                <line number="16" hits="13" branch="false" />
                <line number="17" hits="13" branch="false" />
                <line number="18" hits="13" branch="false" />
                <line number="19" hits="13" branch="false" />
                <line number="20" hits="13" branch="false" />
                <line number="21" hits="13" branch="false" />
                <line number="22" hits="13" branch="false" />
                <line number="23" hits="13" branch="false" />
                <line number="24" hits="13" branch="false" />
                <line number="26" hits="13" branch="false" />
                <line number="27" hits="13" branch="false" />
                <line number="28" hits="13" branch="false" />
                <line number="29" hits="13" branch="false" />
                <line number="30" hits="13" branch="false" />
                <line number="31" hits="13" branch="false" />
                <line number="32" hits="13" branch="false" />
                <line number="33" hits="13" branch="false" />
                <line number="34" hits="13" branch="false" />
                <line number="35" hits="13" branch="false" />
                <line number="36" hits="13" branch="false" />
                <line number="37" hits="13" branch="false" />
                <line number="39" hits="13" branch="false" />
                <line number="40" hits="13" branch="false" />
                <line number="41" hits="13" branch="false" />
                <line number="42" hits="13" branch="false" />
                <line number="43" hits="13" branch="false" />
                <line number="44" hits="13" branch="false" />
                <line number="45" hits="13" branch="false" />
                <line number="46" hits="13" branch="false" />
                <line number="47" hits="13" branch="false" />
                <line number="48" hits="13" branch="false" />
                <line number="49" hits="13" branch="false" />
                <line number="50" hits="13" branch="false" />
                <line number="52" hits="13" branch="false" />
                <line number="53" hits="13" branch="false" />
                <line number="54" hits="13" branch="false" />
                <line number="55" hits="13" branch="false" />
                <line number="56" hits="13" branch="false" />
                <line number="57" hits="13" branch="false" />
                <line number="58" hits="13" branch="false" />
                <line number="59" hits="13" branch="false" />
                <line number="60" hits="13" branch="false" />
                <line number="61" hits="13" branch="false" />
                <line number="62" hits="13" branch="false" />
                <line number="63" hits="13" branch="false" />
                <line number="65" hits="13" branch="false" />
                <line number="66" hits="13" branch="false" />
                <line number="67" hits="13" branch="false" />
              </lines>
            </method>
          </methods>
          <lines>
            <line number="13" hits="13" branch="false" />
            <line number="14" hits="13" branch="false" />
            <line number="15" hits="13" branch="false" />
            <line number="16" hits="13" branch="false" />
            <line number="17" hits="13" branch="false" />
            <line number="18" hits="13" branch="false" />
            <line number="19" hits="13" branch="false" />
            <line number="20" hits="13" branch="false" />
            <line number="21" hits="13" branch="false" />
            <line number="22" hits="13" branch="false" />
            <line number="23" hits="13" branch="false" />
            <line number="24" hits="13" branch="false" />
            <line number="26" hits="13" branch="false" />
            <line number="27" hits="13" branch="false" />
            <line number="28" hits="13" branch="false" />
            <line number="29" hits="13" branch="false" />
            <line number="30" hits="13" branch="false" />
            <line number="31" hits="13" branch="false" />
            <line number="32" hits="13" branch="false" />
            <line number="33" hits="13" branch="false" />
            <line number="34" hits="13" branch="false" />
            <line number="35" hits="13" branch="false" />
            <line number="36" hits="13" branch="false" />
            <line number="37" hits="13" branch="false" />
            <line number="39" hits="13" branch="false" />
            <line number="40" hits="13" branch="false" />
            <line number="41" hits="13" branch="false" />
            <line number="42" hits="13" branch="false" />
            <line number="43" hits="13" branch="false" />
            <line number="44" hits="13" branch="false" />
            <line number="45" hits="13" branch="false" />
            <line number="46" hits="13" branch="false" />
            <line number="47" hits="13" branch="false" />
            <line number="48" hits="13" branch="false" />
            <line number="49" hits="13" branch="false" />
            <line number="50" hits="13" branch="false" />
            <line number="52" hits="13" branch="false" />
            <line number="53" hits="13" branch="false" />
            <line number="54" hits="13" branch="false" />
            <line number="55" hits="13" branch="false" />
            <line number="56" hits="13" branch="false" />
            <line number="57" hits="13" branch="false" />
            <line number="58" hits="13" branch="false" />
            <line number="59" hits="13" branch="false" />
            <line number="60" hits="13" branch="false" />
            <line number="61" hits="13" branch="false" />
            <line number="62" hits="13" branch="false" />
            <line number="63" hits="13" branch="false" />
            <line number="65" hits="13" branch="false" />
            <line number="66" hits="13" branch="false" />
            <line number="67" hits="13" branch="false" />
            <line number="71" hits="1" branch="false" />
            <line number="72" hits="1" branch="false" />
            <line number="73" hits="1" branch="false" />
            <line number="74" hits="1" branch="false" />
            <line number="75" hits="1" branch="false" />
            <line number="76" hits="1" branch="false" />
            <line number="77" hits="1" branch="false" />
            <line number="80" hits="1" branch="false" />
            <line number="81" hits="1" branch="false" />
            <line number="82" hits="1" branch="false" />
            <line number="83" hits="1" branch="false" />
            <line number="84" hits="1" branch="false" />
            <line number="85" hits="1" branch="false" />
            <line number="86" hits="1" branch="false" />
            <line number="90" hits="1" branch="false" />
            <line number="91" hits="1" branch="false" />
            <line number="92" hits="1" branch="false" />
            <line number="93" hits="1" branch="false" />
            <line number="94" hits="1" branch="false" />
            <line number="95" hits="1" branch="false" />
            <line number="96" hits="1" branch="false" />
            <line number="101" hits="1" branch="false" />
            <line number="102" hits="1" branch="false" />
            <line number="103" hits="1" branch="false" />
            <line number="104" hits="1" branch="false" />
            <line number="105" hits="1" branch="false" />
            <line number="106" hits="0" branch="false" />
            <line number="111" hits="1" branch="false" />
            <line number="112" hits="1" branch="false" />
            <line number="113" hits="1" branch="false" />
            <line number="114" hits="1" branch="false" />
            <line number="115" hits="1" branch="false" />
            <line number="116" hits="0" branch="false" />
            <line number="121" hits="1" branch="false" />
            <line number="122" hits="1" branch="false" />
            <line number="123" hits="0" branch="false" />
            <line number="128" hits="1" branch="false" />
            <line number="129" hits="1" branch="false" />
            <line number="130" hits="1" branch="false" />
            <line number="131" hits="1" branch="false" />
            <line number="132" hits="1" branch="false" />
            <line number="133" hits="0" branch="false" />
            <line number="138" hits="1" branch="false" />
            <line number="139" hits="1" branch="false" />
            <line number="140" hits="1" branch="false" />
            <line number="141" hits="1" branch="false" />
            <line number="142" hits="1" branch="false" />
            <line number="143" hits="0" branch="false" />
            <line number="147" hits="1" branch="false" />
            <line number="148" hits="1" branch="false" />
            <line number="149" hits="1" branch="false" />
            <line number="150" hits="1" branch="false" />
            <line number="151" hits="1" branch="false" />
            <line number="152" hits="0" branch="false" />
            <line number="156" hits="1" branch="false" />
            <line number="157" hits="1" branch="false" />
            <line number="158" hits="1" branch="true" condition-coverage="100% (2/2)" />
            <line number="159" hits="1" branch="false" />
            <line number="160" hits="1" branch="false" />
            <line number="165" hits="1" branch="false" />
            <line number="166" hits="1" branch="false" />
            <line number="167" hits="1" branch="false" />
            <line number="168" hits="1" branch="false" />
            <line number="169" hits="0" branch="false" />
            <line number="173" hits="1" branch="false" />
            <line number="174" hits="1" branch="false" />
            <line number="175" hits="1" branch="false" />
            <line number="176" hits="1" branch="false" />
            <line number="177" hits="1" branch="false" />
            <line number="181" hits="1" branch="false" />
            <line number="182" hits="1" branch="false" />
            <line number="183" hits="1" branch="false" />
            <line number="184" hits="1" branch="false" />
            <line number="185" hits="0" branch="false" />
            <line number="186" hits="0" branch="false" />
          </lines>
        </class>
      </classes>
    </package>
  </packages>
</coverage>