<?xml version="1.0" encoding="utf-8"?>
<!DOCTYPE coverage SYSTEM "http://cobertura.sourceforge.net/xml/coverage-04.dtd">
<coverage line-rate="0.9115853658536586" branch-rate="0.9259259259259259" lines-covered="299" lines-valid="328" branches-covered="50" branches-valid="54" complexity="76" version="0" timestamp="1617827544">
  <sources>
    <source>C:\Users\45501\</source>
  </sources>
  <packages>
    <package name="Sudoku" line-rate="0.881578947368421" branch-rate="0.9230769230769231" complexity="54">
      <classes>
        <class name="Sudoku.Program" filename="C:\Users\45501\source\repos\SudokuSolver\Sudoku\Program.cs" line-rate="0" branch-rate="1" complexity="1">
          <methods>
            <method name="Main" signature="()" line-rate="0" branch-rate="1" complexity="1">
              <lines>
                <line number="9" hits="0" branch="false" />
                <line number="10" hits="0" branch="false" />
                <line number="11" hits="0" branch="false" />
                <line number="12" hits="0" branch="false" />
                <line number="13" hits="0" branch="false" />
                <line number="14" hits="0" branch="false" />
                <line number="15" hits="0" branch="false" />
                <line number="17" hits="0" branch="false" />
                <line number="18" hits="0" branch="false" />
                <line number="19" hits="0" branch="false" />
              </lines>
            </method>
          </methods>
          <lines>
            <line number="9" hits="0" branch="false" />
            <line number="10" hits="0" branch="false" />
            <line number="11" hits="0" branch="false" />
            <line number="12" hits="0" branch="false" />
            <line number="13" hits="0" branch="false" />
            <line number="14" hits="0" branch="false" />
            <line number="15" hits="0" branch="false" />
            <line number="17" hits="0" branch="false" />
            <line number="18" hits="0" branch="false" />
            <line number="19" hits="0" branch="false" />
          </lines>
        </class>
        <class name="Sudoku.Solver" filename="C:\Users\45501\source\repos\SudokuSolver\Sudoku\Solver.cs" line-rate="0.9130434782608695" branch-rate="0.9230769230769231" complexity="52">
          <methods>
            <method name="generateBoard" signature="(...)" line-rate="1" branch-rate="1" complexity="14">
              <lines>
                <line number="11" hits="9" branch="false" />
                <line number="12" hits="9" branch="true" condition-coverage="100% (2/2)" />
                <line number="13" hits="1" branch="false" />
                <line number="14" hits="1" branch="false" />
                <line number="16" hits="8" branch="false" />
                <line number="17" hits="8" branch="false" />
                <line number="18" hits="8" branch="false" />
                <line number="19" hits="8" branch="false" />
                <line number="20" hits="8" branch="true" condition-coverage="100% (4/4)" />
                <line number="21" hits="1" branch="false" />
                <line number="22" hits="1" branch="false" />
                <line number="25" hits="104" branch="true" condition-coverage="100% (2/2)" />
                <line number="26" hits="47" branch="false" />
                <line number="27" hits="47" branch="false" />
                <line number="29" hits="47" branch="true" condition-coverage="100% (2/2)" />
                <line number="30" hits="40" branch="false" />
                <line number="31" hits="904" branch="true" condition-coverage="100% (2/2)" />
                <line number="32" hits="407" branch="false" />
                <line number="34" hits="407" branch="false" />
                <line number="35" hits="407" branch="true" condition-coverage="100% (2/2)" />
                <line number="36" hits="360" branch="false" />
                <line number="37" hits="360" branch="false" />
                <line number="38" hits="360" branch="false" />
                <line number="39" hits="407" branch="false" />
                <line number="40" hits="405" branch="false" />
                <line number="41" hits="45" branch="false" />
                <line number="42" hits="5" branch="false" />
                <line number="43" hits="5" branch="false" />
                <line number="44" hits="6" branch="false" />
              </lines>
            </method>
            <method name="solveSudoku" signature="(...)" line-rate="0.88" branch-rate="0.8333333333333334" complexity="12">
              <lines>
                <line number="47" hits="13" branch="false" />
                <line number="48" hits="38" branch="true" condition-coverage="100% (2/2)" />
                <line number="49" hits="16" branch="false" />
                <line number="50" hits="16" branch="false" />
                <line number="51" hits="68" branch="true" condition-coverage="100% (2/2)" />
                <line number="52" hits="28" branch="false" />
                <line number="53" hits="28" branch="false" />
                <line number="54" hits="28" branch="true" condition-coverage="100% (2/2)" />
                <line number="55" hits="10" branch="false" />
                <line number="56" hits="74" branch="true" condition-coverage="50% (1/2)" />
                <line number="57" hits="37" branch="false" />
                <line number="58" hits="37" branch="true" condition-coverage="100% (2/2)" />
                <line number="59" hits="9" branch="false" />
                <line number="60" hits="9" branch="false" />
                <line number="61" hits="9" branch="true" condition-coverage="50% (1/2)" />
                <line number="62" hits="9" branch="false" />
                <line number="63" hits="9" branch="false" />
                <line number="66" hits="0" branch="false" />
                <line number="67" hits="0" branch="false" />
                <line number="68" hits="27" branch="false" />
                <line number="69" hits="0" branch="false" />
                <line number="72" hits="18" branch="false" />
                <line number="73" hits="6" branch="false" />
                <line number="74" hits="3" branch="false" />
                <line number="75" hits="12" branch="false" />
              </lines>
            </method>
            <method name="validator" signature="(...)" line-rate="1" branch-rate="1" complexity="20">
              <lines>
                <line number="78" hits="43" branch="false" />
                <line number="79" hits="43" branch="false" />
                <line number="80" hits="43" branch="false" />
                <line number="81" hits="43" branch="true" condition-coverage="100% (4/4)" />
                <line number="82" hits="2" branch="false" />
                <line number="83" hits="41" branch="true" condition-coverage="100% (4/4)" />
                <line number="84" hits="2" branch="false" />
                <line number="85" hits="39" branch="true" condition-coverage="100% (4/4)" />
                <line number="86" hits="2" branch="false" />
                <line number="88" hits="532" branch="true" condition-coverage="100% (2/2)" />
                <line number="89" hits="257" branch="false" />
                <line number="90" hits="266" branch="true" condition-coverage="100% (2/2)" />
                <line number="91" hits="259" branch="true" condition-coverage="100% (2/2)" />
                <line number="92" hits="241" branch="true" condition-coverage="100% (2/2)" />
                <line number="93" hits="229" branch="false" />
                <line number="94" hits="9" branch="false" />
                <line number="95" hits="36" branch="false" />
              </lines>
            </method>
            <method name="CheckAnswer" signature="(...)" line-rate="0.875" branch-rate="0.75" complexity="4">
              <lines>
                <line number="98" hits="2" branch="false" />
                <line number="99" hits="2" branch="true" condition-coverage="100% (2/2)" />
                <line number="100" hits="1" branch="false" />
                <line number="101" hits="1" branch="true" condition-coverage="50% (1/2)" />
                <line number="102" hits="0" branch="false" />
                <line number="103" hits="1" branch="false" />
                <line number="104" hits="1" branch="false" />
                <line number="105" hits="2" branch="false" />
              </lines>
            </method>
            <method name="runSudoku" signature="(...)" line-rate="0.6923076923076923" branch-rate="0.5" complexity="2">
              <lines>
                <line number="108" hits="2" branch="false" />
                <line number="109" hits="2" branch="false" />
                <line number="110" hits="2" branch="false" />
                <line number="111" hits="2" branch="true" condition-coverage="50% (1/2)" />
                <line number="112" hits="1" branch="false" />
                <line number="113" hits="1" branch="false" />
                <line number="114" hits="1" branch="false" />
                <line number="115" hits="1" branch="false" />
                <line number="118" hits="0" branch="false" />
                <line number="119" hits="0" branch="false" />
                <line number="120" hits="0" branch="false" />
                <line number="121" hits="0" branch="false" />
                <line number="123" hits="1" branch="false" />
              </lines>
            </method>
          </methods>
          <lines>
            <line number="11" hits="9" branch="false" />
            <line number="12" hits="9" branch="true" condition-coverage="100% (2/2)" />
            <line number="13" hits="1" branch="false" />
            <line number="14" hits="1" branch="false" />
            <line number="16" hits="8" branch="false" />
            <line number="17" hits="8" branch="false" />
            <line number="18" hits="8" branch="false" />
            <line number="19" hits="8" branch="false" />
            <line number="20" hits="8" branch="true" condition-coverage="100% (4/4)" />
            <line number="21" hits="1" branch="false" />
            <line number="22" hits="1" branch="false" />
            <line number="25" hits="104" branch="true" condition-coverage="100% (2/2)" />
            <line number="26" hits="47" branch="false" />
            <line number="27" hits="47" branch="false" />
            <line number="29" hits="47" branch="true" condition-coverage="100% (2/2)" />
            <line number="30" hits="40" branch="false" />
            <line number="31" hits="904" branch="true" condition-coverage="100% (2/2)" />
            <line number="32" hits="407" branch="false" />
            <line number="34" hits="407" branch="false" />
            <line number="35" hits="407" branch="true" condition-coverage="100% (2/2)" />
            <line number="36" hits="360" branch="false" />
            <line number="37" hits="360" branch="false" />
            <line number="38" hits="360" branch="false" />
            <line number="39" hits="407" branch="false" />
            <line number="40" hits="405" branch="false" />
            <line number="41" hits="45" branch="false" />
            <line number="42" hits="5" branch="false" />
            <line number="43" hits="5" branch="false" />
            <line number="44" hits="6" branch="false" />
            <line number="47" hits="13" branch="false" />
            <line number="48" hits="38" branch="true" condition-coverage="100% (2/2)" />
            <line number="49" hits="16" branch="false" />
            <line number="50" hits="16" branch="false" />
            <line number="51" hits="68" branch="true" condition-coverage="100% (2/2)" />
            <line number="52" hits="28" branch="false" />
            <line number="53" hits="28" branch="false" />
            <line number="54" hits="28" branch="true" condition-coverage="100% (2/2)" />
            <line number="55" hits="10" branch="false" />
            <line number="56" hits="74" branch="true" condition-coverage="50% (1/2)" />
            <line number="57" hits="37" branch="false" />
            <line number="58" hits="37" branch="true" condition-coverage="100% (2/2)" />
            <line number="59" hits="9" branch="false" />
            <line number="60" hits="9" branch="false" />
            <line number="61" hits="9" branch="true" condition-coverage="50% (1/2)" />
            <line number="62" hits="9" branch="false" />
            <line number="63" hits="9" branch="false" />
            <line number="66" hits="0" branch="false" />
            <line number="67" hits="0" branch="false" />
            <line number="68" hits="27" branch="false" />
            <line number="69" hits="0" branch="false" />
            <line number="72" hits="18" branch="false" />
            <line number="73" hits="6" branch="false" />
            <line number="74" hits="3" branch="false" />
            <line number="75" hits="12" branch="false" />
            <line number="78" hits="43" branch="false" />
            <line number="79" hits="43" branch="false" />
            <line number="80" hits="43" branch="false" />
            <line number="81" hits="43" branch="true" condition-coverage="100% (4/4)" />
            <line number="82" hits="2" branch="false" />
            <line number="83" hits="41" branch="true" condition-coverage="100% (4/4)" />
            <line number="84" hits="2" branch="false" />
            <line number="85" hits="39" branch="true" condition-coverage="100% (4/4)" />
            <line number="86" hits="2" branch="false" />
            <line number="88" hits="532" branch="true" condition-coverage="100% (2/2)" />
            <line number="89" hits="257" branch="false" />
            <line number="90" hits="266" branch="true" condition-coverage="100% (2/2)" />
            <line number="91" hits="259" branch="true" condition-coverage="100% (2/2)" />
            <line number="92" hits="241" branch="true" condition-coverage="100% (2/2)" />
            <line number="93" hits="229" branch="false" />
            <line number="94" hits="9" branch="false" />
            <line number="95" hits="36" branch="false" />
            <line number="98" hits="2" branch="false" />
            <line number="99" hits="2" branch="true" condition-coverage="100% (2/2)" />
            <line number="100" hits="1" branch="false" />
            <line number="101" hits="1" branch="true" condition-coverage="50% (1/2)" />
            <line number="102" hits="0" branch="false" />
            <line number="103" hits="1" branch="false" />
            <line number="104" hits="1" branch="false" />
            <line number="105" hits="2" branch="false" />
            <line number="108" hits="2" branch="false" />
            <line number="109" hits="2" branch="false" />
            <line number="110" hits="2" branch="false" />
            <line number="111" hits="2" branch="true" condition-coverage="50% (1/2)" />
            <line number="112" hits="1" branch="false" />
            <line number="113" hits="1" branch="false" />
            <line number="114" hits="1" branch="false" />
            <line number="115" hits="1" branch="false" />
            <line number="118" hits="0" branch="false" />
            <line number="119" hits="0" branch="false" />
            <line number="120" hits="0" branch="false" />
            <line number="121" hits="0" branch="false" />
            <line number="123" hits="1" branch="false" />
          </lines>
        </class>
        <class name="Sudoku.SudokuBoards" filename="C:\Users\45501\source\repos\SudokuSolver\Sudoku\SudokuBoards.cs" line-rate="1" branch-rate="1" complexity="1">
          <methods>
            <method name=".ctor" signature="()" line-rate="1" branch-rate="1" complexity="1">
              <lines>
                <line number="9" hits="12" branch="false" />
                <line number="10" hits="12" branch="false" />
                <line number="11" hits="12" branch="false" />
                <line number="12" hits="12" branch="false" />
                <line number="13" hits="12" branch="false" />
                <line number="14" hits="12" branch="false" />
                <line number="15" hits="12" branch="false" />
                <line number="16" hits="12" branch="false" />
                <line number="17" hits="12" branch="false" />
                <line number="18" hits="12" branch="false" />
                <line number="19" hits="12" branch="false" />
                <line number="20" hits="12" branch="false" />
                <line number="22" hits="12" branch="false" />
                <line number="23" hits="12" branch="false" />
                <line number="24" hits="12" branch="false" />
                <line number="25" hits="12" branch="false" />
                <line number="26" hits="12" branch="false" />
                <line number="27" hits="12" branch="false" />
                <line number="28" hits="12" branch="false" />
                <line number="29" hits="12" branch="false" />
                <line number="30" hits="12" branch="false" />
                <line number="31" hits="12" branch="false" />
                <line number="32" hits="12" branch="false" />
                <line number="33" hits="12" branch="false" />
                <line number="35" hits="12" branch="false" />
                <line number="36" hits="12" branch="false" />
                <line number="37" hits="12" branch="false" />
                <line number="38" hits="12" branch="false" />
                <line number="39" hits="12" branch="false" />
                <line number="40" hits="12" branch="false" />
                <line number="41" hits="12" branch="false" />
                <line number="42" hits="12" branch="false" />
                <line number="43" hits="12" branch="false" />
                <line number="44" hits="12" branch="false" />
                <line number="45" hits="12" branch="false" />
                <line number="47" hits="12" branch="false" />
                <line number="48" hits="12" branch="false" />
                <line number="49" hits="12" branch="false" />
                <line number="51" hits="12" branch="false" />
                <line number="52" hits="12" branch="false" />
                <line number="53" hits="12" branch="false" />
                <line number="54" hits="12" branch="false" />
                <line number="55" hits="12" branch="false" />
                <line number="56" hits="12" branch="false" />
                <line number="57" hits="12" branch="false" />
                <line number="58" hits="12" branch="false" />
                <line number="59" hits="12" branch="false" />
                <line number="60" hits="12" branch="false" />
                <line number="61" hits="12" branch="false" />
                <line number="62" hits="12" branch="false" />
              </lines>
            </method>
          </methods>
          <lines>
            <line number="9" hits="12" branch="false" />
            <line number="10" hits="12" branch="false" />
            <line number="11" hits="12" branch="false" />
            <line number="12" hits="12" branch="false" />
            <line number="13" hits="12" branch="false" />
            <line number="14" hits="12" branch="false" />
            <line number="15" hits="12" branch="false" />
            <line number="16" hits="12" branch="false" />
            <line number="17" hits="12" branch="false" />
            <line number="18" hits="12" branch="false" />
            <line number="19" hits="12" branch="false" />
            <line number="20" hits="12" branch="false" />
            <line number="22" hits="12" branch="false" />
            <line number="23" hits="12" branch="false" />
            <line number="24" hits="12" branch="false" />
            <line number="25" hits="12" branch="false" />
            <line number="26" hits="12" branch="false" />
            <line number="27" hits="12" branch="false" />
            <line number="28" hits="12" branch="false" />
            <line number="29" hits="12" branch="false" />
            <line number="30" hits="12" branch="false" />
            <line number="31" hits="12" branch="false" />
            <line number="32" hits="12" branch="false" />
            <line number="33" hits="12" branch="false" />
            <line number="35" hits="12" branch="false" />
            <line number="36" hits="12" branch="false" />
            <line number="37" hits="12" branch="false" />
            <line number="38" hits="12" branch="false" />
            <line number="39" hits="12" branch="false" />
            <line number="40" hits="12" branch="false" />
            <line number="41" hits="12" branch="false" />
            <line number="42" hits="12" branch="false" />
            <line number="43" hits="12" branch="false" />
            <line number="44" hits="12" branch="false" />
            <line number="45" hits="12" branch="false" />
            <line number="47" hits="12" branch="false" />
            <line number="48" hits="12" branch="false" />
            <line number="49" hits="12" branch="false" />
            <line number="51" hits="12" branch="false" />
            <line number="52" hits="12" branch="false" />
            <line number="53" hits="12" branch="false" />
            <line number="54" hits="12" branch="false" />
            <line number="55" hits="12" branch="false" />
            <line number="56" hits="12" branch="false" />
            <line number="57" hits="12" branch="false" />
            <line number="58" hits="12" branch="false" />
            <line number="59" hits="12" branch="false" />
            <line number="60" hits="12" branch="false" />
            <line number="61" hits="12" branch="false" />
            <line number="62" hits="12" branch="false" />
          </lines>
        </class>
      </classes>
    </package>
    <package name="SudokuTests" line-rate="0.9375" branch-rate="1" complexity="22">
      <classes>
        <class name="AutoGeneratedProgram" filename="C:\Users\45501\.nuget\packages\microsoft.net.test.sdk\16.7.1\build\netcoreapp2.1\Microsoft.NET.Test.Sdk.Program.cs" line-rate="0" branch-rate="1" complexity="1">
          <methods>
            <method name="Main" signature="(...)" line-rate="0" branch-rate="1" complexity="1">
              <lines>
                <line number="4" hits="0" branch="false" />
              </lines>
            </method>
          </methods>
          <lines>
            <line number="4" hits="0" branch="false" />
          </lines>
        </class>
        <class name="SudokuTests.SudokuMapTest" filename="C:\Users\45501\source\repos\SudokuSolver\SudokuTests\SudokuMapTest.cs" line-rate="0.9565217391304348" branch-rate="1" complexity="7">
          <methods>
            <method name="GenerateMap" signature="()" line-rate="1" branch-rate="1" complexity="1">
              <lines>
                <line number="61" hits="1" branch="false" />
                <line number="62" hits="1" branch="false" />
                <line number="63" hits="1" branch="false" />
                <line number="64" hits="1" branch="false" />
                <line number="65" hits="1" branch="false" />
                <line number="66" hits="1" branch="false" />
              </lines>
            </method>
            <method name="CheckTheMaxDepthOfBoard" signature="()" line-rate="0.8" branch-rate="1" complexity="1">
              <lines>
                <line number="71" hits="1" branch="false" />
                <line number="72" hits="1" branch="false" />
                <line number="73" hits="1" branch="false" />
                <line number="74" hits="1" branch="false" />
                <line number="77" hits="0" branch="false" />
              </lines>
            </method>
            <method name="DeclineGenerateMap" signature="()" line-rate="1" branch-rate="1" complexity="1">
              <lines>
                <line number="81" hits="1" branch="false" />
                <line number="82" hits="1" branch="false" />
                <line number="83" hits="1" branch="false" />
                <line number="84" hits="1" branch="false" />
                <line number="85" hits="1" branch="false" />
              </lines>
            </method>
            <method name="CheckBoardMapIfColumnsAreLessThan9" signature="()" line-rate="0.8" branch-rate="1" complexity="1">
              <lines>
                <line number="90" hits="1" branch="false" />
                <line number="91" hits="1" branch="false" />
                <line number="92" hits="1" branch="false" />
                <line number="93" hits="1" branch="false" />
                <line number="94" hits="0" branch="false" />
              </lines>
            </method>
            <method name="CheckBoardMapIfRowssAreLessThan9" signature="()" line-rate="0.8" branch-rate="1" complexity="1">
              <lines>
                <line number="99" hits="1" branch="false" />
                <line number="100" hits="1" branch="false" />
                <line number="101" hits="1" branch="false" />
                <line number="102" hits="1" branch="false" />
                <line number="103" hits="0" branch="false" />
              </lines>
            </method>
            <method name=".ctor" signature="()" line-rate="1" branch-rate="1" complexity="1">
              <lines>
                <line number="57" hits="5" branch="false" />
              </lines>
            </method>
            <method name=".cctor" signature="()" line-rate="1" branch-rate="1" complexity="1">
              <lines>
                <line number="11" hits="1" branch="false" />
                <line number="12" hits="1" branch="false" />
                <line number="13" hits="1" branch="false" />
                <line number="14" hits="1" branch="false" />
                <line number="15" hits="1" branch="false" />
                <line number="16" hits="1" branch="false" />
                <line number="17" hits="1" branch="false" />
                <line number="18" hits="1" branch="false" />
                <line number="19" hits="1" branch="false" />
                <line number="20" hits="1" branch="false" />
                <line number="21" hits="1" branch="false" />
                <line number="23" hits="1" branch="false" />
                <line number="24" hits="1" branch="false" />
                <line number="25" hits="1" branch="false" />
                <line number="26" hits="1" branch="false" />
                <line number="27" hits="1" branch="false" />
                <line number="28" hits="1" branch="false" />
                <line number="29" hits="1" branch="false" />
                <line number="30" hits="1" branch="false" />
                <line number="31" hits="1" branch="false" />
                <line number="32" hits="1" branch="false" />
                <line number="34" hits="1" branch="false" />
                <line number="35" hits="1" branch="false" />
                <line number="36" hits="1" branch="false" />
                <line number="37" hits="1" branch="false" />
                <line number="38" hits="1" branch="false" />
                <line number="39" hits="1" branch="false" />
                <line number="40" hits="1" branch="false" />
                <line number="41" hits="1" branch="false" />
                <line number="42" hits="1" branch="false" />
                <line number="43" hits="1" branch="false" />
                <line number="45" hits="1" branch="false" />
                <line number="46" hits="1" branch="false" />
                <line number="47" hits="1" branch="false" />
                <line number="48" hits="1" branch="false" />
                <line number="49" hits="1" branch="false" />
                <line number="50" hits="1" branch="false" />
                <line number="51" hits="1" branch="false" />
                <line number="52" hits="1" branch="false" />
                <line number="53" hits="1" branch="false" />
                <line number="54" hits="1" branch="false" />
                <line number="55" hits="1" branch="false" />
              </lines>
            </method>
          </methods>
          <lines>
            <line number="11" hits="1" branch="false" />
            <line number="12" hits="1" branch="false" />
            <line number="13" hits="1" branch="false" />
            <line number="14" hits="1" branch="false" />
            <line number="15" hits="1" branch="false" />
            <line number="16" hits="1" branch="false" />
            <line number="17" hits="1" branch="false" />
            <line number="18" hits="1" branch="false" />
            <line number="19" hits="1" branch="false" />
            <line number="20" hits="1" branch="false" />
            <line number="21" hits="1" branch="false" />
            <line number="23" hits="1" branch="false" />
            <line number="24" hits="1" branch="false" />
            <line number="25" hits="1" branch="false" />
            <line number="26" hits="1" branch="false" />
            <line number="27" hits="1" branch="false" />
            <line number="28" hits="1" branch="false" />
            <line number="29" hits="1" branch="false" />
            <line number="30" hits="1" branch="false" />
            <line number="31" hits="1" branch="false" />
            <line number="32" hits="1" branch="false" />
            <line number="34" hits="1" branch="false" />
            <line number="35" hits="1" branch="false" />
            <line number="36" hits="1" branch="false" />
            <line number="37" hits="1" branch="false" />
            <line number="38" hits="1" branch="false" />
            <line number="39" hits="1" branch="false" />
            <line number="40" hits="1" branch="false" />
            <line number="41" hits="1" branch="false" />
            <line number="42" hits="1" branch="false" />
            <line number="43" hits="1" branch="false" />
            <line number="45" hits="1" branch="false" />
            <line number="46" hits="1" branch="false" />
            <line number="47" hits="1" branch="false" />
            <line number="48" hits="1" branch="false" />
            <line number="49" hits="1" branch="false" />
            <line number="50" hits="1" branch="false" />
            <line number="51" hits="1" branch="false" />
            <line number="52" hits="1" branch="false" />
            <line number="53" hits="1" branch="false" />
            <line number="54" hits="1" branch="false" />
            <line number="55" hits="1" branch="false" />
            <line number="57" hits="5" branch="false" />
            <line number="61" hits="1" branch="false" />
            <line number="62" hits="1" branch="false" />
            <line number="63" hits="1" branch="false" />
            <line number="64" hits="1" branch="false" />
            <line number="65" hits="1" branch="false" />
            <line number="66" hits="1" branch="false" />
            <line number="71" hits="1" branch="false" />
            <line number="72" hits="1" branch="false" />
            <line number="73" hits="1" branch="false" />
            <line number="74" hits="1" branch="false" />
            <line number="77" hits="0" branch="false" />
            <line number="81" hits="1" branch="false" />
            <line number="82" hits="1" branch="false" />
            <line number="83" hits="1" branch="false" />
            <line number="84" hits="1" branch="false" />
            <line number="85" hits="1" branch="false" />
            <line number="90" hits="1" branch="false" />
            <line number="91" hits="1" branch="false" />
            <line number="92" hits="1" branch="false" />
            <line number="93" hits="1" branch="false" />
            <line number="94" hits="0" branch="false" />
            <line number="99" hits="1" branch="false" />
            <line number="100" hits="1" branch="false" />
            <line number="101" hits="1" branch="false" />
            <line number="102" hits="1" branch="false" />
            <line number="103" hits="0" branch="false" />
          </lines>
        </class>
        <class name="SudokuTests.SudokuSolverTest" filename="C:\Users\45501\source\repos\SudokuSolver\SudokuTests\SudokuSolverTest.cs" line-rate="0.9339622641509434" branch-rate="1" complexity="14">
          <methods>
            <method name="SolveSudokuTest" signature="()" line-rate="1" branch-rate="1" complexity="1">
              <lines>
                <line number="57" hits="1" branch="false" />
                <line number="58" hits="1" branch="false" />
                <line number="59" hits="1" branch="false" />
                <line number="60" hits="1" branch="false" />
                <line number="61" hits="1" branch="false" />
                <line number="62" hits="1" branch="false" />
                <line number="63" hits="1" branch="false" />
              </lines>
            </method>
            <method name="CompareTwoSudokusTest" signature="()" line-rate="1" branch-rate="1" complexity="1">
              <lines>
                <line number="67" hits="1" branch="false" />
                <line number="68" hits="1" branch="false" />
                <line number="69" hits="1" branch="false" />
                <line number="70" hits="1" branch="false" />
                <line number="71" hits="1" branch="false" />
                <line number="72" hits="1" branch="false" />
                <line number="73" hits="1" branch="false" />
              </lines>
            </method>
            <method name="RowParameterAboveRange" signature="()" line-rate="0.8333333333333334" branch-rate="1" complexity="1">
              <lines>
                <line number="78" hits="1" branch="false" />
                <line number="79" hits="1" branch="false" />
                <line number="80" hits="1" branch="false" />
                <line number="81" hits="1" branch="false" />
                <line number="82" hits="1" branch="false" />
                <line number="83" hits="0" branch="false" />
              </lines>
            </method>
            <method name="ColParameterAboveRange" signature="()" line-rate="0.8333333333333334" branch-rate="1" complexity="1">
              <lines>
                <line number="88" hits="1" branch="false" />
                <line number="89" hits="1" branch="false" />
                <line number="90" hits="1" branch="false" />
                <line number="91" hits="1" branch="false" />
                <line number="92" hits="1" branch="false" />
                <line number="93" hits="0" branch="false" />
              </lines>
            </method>
            <method name="IndexParameterAboveRange" signature="()" line-rate="0.6666666666666666" branch-rate="1" complexity="1">
              <lines>
                <line number="98" hits="1" branch="false" />
                <line number="99" hits="1" branch="false" />
                <line number="100" hits="0" branch="false" />
              </lines>
            </method>
            <method name="ColParameterNegativeRange" signature="()" line-rate="0.8333333333333334" branch-rate="1" complexity="1">
              <lines>
                <line number="105" hits="1" branch="false" />
                <line number="106" hits="1" branch="false" />
                <line number="107" hits="1" branch="false" />
                <line number="108" hits="1" branch="false" />
                <line number="109" hits="1" branch="false" />
                <line number="110" hits="0" branch="false" />
              </lines>
            </method>
            <method name="RowarameterNegativeRange" signature="()" line-rate="0.8333333333333334" branch-rate="1" complexity="1">
              <lines>
                <line number="114" hits="1" branch="false" />
                <line number="115" hits="1" branch="false" />
                <line number="116" hits="1" branch="false" />
                <line number="117" hits="1" branch="false" />
                <line number="118" hits="1" branch="false" />
                <line number="119" hits="0" branch="false" />
              </lines>
            </method>
            <method name="IndexParameterNegativeRange" signature="()" line-rate="0.8333333333333334" branch-rate="1" complexity="1">
              <lines>
                <line number="123" hits="1" branch="false" />
                <line number="124" hits="1" branch="false" />
                <line number="125" hits="1" branch="false" />
                <line number="126" hits="1" branch="false" />
                <line number="127" hits="1" branch="false" />
                <line number="128" hits="0" branch="false" />
              </lines>
            </method>
            <method name="RunSudokuTest" signature="()" line-rate="1" branch-rate="1" complexity="2">
              <lines>
                <line number="132" hits="1" branch="false" />
                <line number="133" hits="1" branch="false" />
                <line number="134" hits="1" branch="true" condition-coverage="100% (2/2)" />
                <line number="135" hits="1" branch="false" />
                <line number="136" hits="1" branch="false" />
              </lines>
            </method>
            <method name="RunWrongSudoku" signature="()" line-rate="0.8" branch-rate="1" complexity="1">
              <lines>
                <line number="141" hits="1" branch="false" />
                <line number="142" hits="1" branch="false" />
                <line number="143" hits="1" branch="false" />
                <line number="144" hits="1" branch="false" />
                <line number="145" hits="0" branch="false" />
              </lines>
            </method>
            <method name="CheckRightAnswerSudokuTest" signature="()" line-rate="1" branch-rate="1" complexity="1">
              <lines>
                <line number="149" hits="1" branch="false" />
                <line number="150" hits="1" branch="false" />
                <line number="151" hits="1" branch="false" />
                <line number="152" hits="1" branch="false" />
                <line number="153" hits="1" branch="false" />
              </lines>
            </method>
            <method name="CheckWrongAnswerSudokuTest" signature="()" line-rate="1" branch-rate="1" complexity="1">
              <lines>
                <line number="157" hits="1" branch="false" />
                <line number="158" hits="1" branch="false" />
                <line number="159" hits="1" branch="false" />
                <line number="160" hits="1" branch="false" />
                <line number="161" hits="1" branch="false" />
                <line number="162" hits="1" branch="false" />
              </lines>
            </method>
            <method name=".ctor" signature="()" line-rate="1" branch-rate="1" complexity="1">
              <lines>
                <line number="13" hits="12" branch="false" />
                <line number="14" hits="12" branch="false" />
                <line number="15" hits="12" branch="false" />
                <line number="16" hits="12" branch="false" />
                <line number="17" hits="12" branch="false" />
                <line number="18" hits="12" branch="false" />
                <line number="19" hits="12" branch="false" />
                <line number="20" hits="12" branch="false" />
                <line number="21" hits="12" branch="false" />
                <line number="22" hits="12" branch="false" />
                <line number="23" hits="12" branch="false" />
                <line number="24" hits="12" branch="false" />
                <line number="26" hits="12" branch="false" />
                <line number="27" hits="12" branch="false" />
                <line number="28" hits="12" branch="false" />
                <line number="29" hits="12" branch="false" />
                <line number="30" hits="12" branch="false" />
                <line number="31" hits="12" branch="false" />
                <line number="32" hits="12" branch="false" />
                <line number="33" hits="12" branch="false" />
                <line number="34" hits="12" branch="false" />
                <line number="35" hits="12" branch="false" />
                <line number="36" hits="12" branch="false" />
                <line number="37" hits="12" branch="false" />
                <line number="39" hits="12" branch="false" />
                <line number="40" hits="12" branch="false" />
                <line number="41" hits="12" branch="false" />
                <line number="42" hits="12" branch="false" />
                <line number="43" hits="12" branch="false" />
                <line number="44" hits="12" branch="false" />
                <line number="45" hits="12" branch="false" />
                <line number="46" hits="12" branch="false" />
                <line number="47" hits="12" branch="false" />
                <line number="48" hits="12" branch="false" />
                <line number="49" hits="12" branch="false" />
                <line number="50" hits="12" branch="false" />
                <line number="52" hits="12" branch="false" />
                <line number="53" hits="12" branch="false" />
              </lines>
            </method>
          </methods>
          <lines>
            <line number="13" hits="12" branch="false" />
            <line number="14" hits="12" branch="false" />
            <line number="15" hits="12" branch="false" />
            <line number="16" hits="12" branch="false" />
            <line number="17" hits="12" branch="false" />
            <line number="18" hits="12" branch="false" />
            <line number="19" hits="12" branch="false" />
            <line number="20" hits="12" branch="false" />
            <line number="21" hits="12" branch="false" />
            <line number="22" hits="12" branch="false" />
            <line number="23" hits="12" branch="false" />
            <line number="24" hits="12" branch="false" />
            <line number="26" hits="12" branch="false" />
            <line number="27" hits="12" branch="false" />
            <line number="28" hits="12" branch="false" />
            <line number="29" hits="12" branch="false" />
            <line number="30" hits="12" branch="false" />
            <line number="31" hits="12" branch="false" />
            <line number="32" hits="12" branch="false" />
            <line number="33" hits="12" branch="false" />
            <line number="34" hits="12" branch="false" />
            <line number="35" hits="12" branch="false" />
            <line number="36" hits="12" branch="false" />
            <line number="37" hits="12" branch="false" />
            <line number="39" hits="12" branch="false" />
            <line number="40" hits="12" branch="false" />
            <line number="41" hits="12" branch="false" />
            <line number="42" hits="12" branch="false" />
            <line number="43" hits="12" branch="false" />
            <line number="44" hits="12" branch="false" />
            <line number="45" hits="12" branch="false" />
            <line number="46" hits="12" branch="false" />
            <line number="47" hits="12" branch="false" />
            <line number="48" hits="12" branch="false" />
            <line number="49" hits="12" branch="false" />
            <line number="50" hits="12" branch="false" />
            <line number="52" hits="12" branch="false" />
            <line number="53" hits="12" branch="false" />
            <line number="57" hits="1" branch="false" />
            <line number="58" hits="1" branch="false" />
            <line number="59" hits="1" branch="false" />
            <line number="60" hits="1" branch="false" />
            <line number="61" hits="1" branch="false" />
            <line number="62" hits="1" branch="false" />
            <line number="63" hits="1" branch="false" />
            <line number="67" hits="1" branch="false" />
            <line number="68" hits="1" branch="false" />
            <line number="69" hits="1" branch="false" />
            <line number="70" hits="1" branch="false" />
            <line number="71" hits="1" branch="false" />
            <line number="72" hits="1" branch="false" />
            <line number="73" hits="1" branch="false" />
            <line number="78" hits="1" branch="false" />
            <line number="79" hits="1" branch="false" />
            <line number="80" hits="1" branch="false" />
            <line number="81" hits="1" branch="false" />
            <line number="82" hits="1" branch="false" />
            <line number="83" hits="0" branch="false" />
            <line number="88" hits="1" branch="false" />
            <line number="89" hits="1" branch="false" />
            <line number="90" hits="1" branch="false" />
            <line number="91" hits="1" branch="false" />
            <line number="92" hits="1" branch="false" />
            <line number="93" hits="0" branch="false" />
            <line number="98" hits="1" branch="false" />
            <line number="99" hits="1" branch="false" />
            <line number="100" hits="0" branch="false" />
            <line number="105" hits="1" branch="false" />
            <line number="106" hits="1" branch="false" />
            <line number="107" hits="1" branch="false" />
            <line number="108" hits="1" branch="false" />
            <line number="109" hits="1" branch="false" />
            <line number="110" hits="0" branch="false" />
            <line number="114" hits="1" branch="false" />
            <line number="115" hits="1" branch="false" />
            <line number="116" hits="1" branch="false" />
            <line number="117" hits="1" branch="false" />
            <line number="118" hits="1" branch="false" />
            <line number="119" hits="0" branch="false" />
            <line number="123" hits="1" branch="false" />
            <line number="124" hits="1" branch="false" />
            <line number="125" hits="1" branch="false" />
            <line number="126" hits="1" branch="false" />
            <line number="127" hits="1" branch="false" />
            <line number="128" hits="0" branch="false" />
            <line number="132" hits="1" branch="false" />
            <line number="133" hits="1" branch="false" />
            <line number="134" hits="1" branch="true" condition-coverage="100% (2/2)" />
            <line number="135" hits="1" branch="false" />
            <line number="136" hits="1" branch="false" />
            <line number="141" hits="1" branch="false" />
            <line number="142" hits="1" branch="false" />
            <line number="143" hits="1" branch="false" />
            <line number="144" hits="1" branch="false" />
            <line number="145" hits="0" branch="false" />
            <line number="149" hits="1" branch="false" />
            <line number="150" hits="1" branch="false" />
            <line number="151" hits="1" branch="false" />
            <line number="152" hits="1" branch="false" />
            <line number="153" hits="1" branch="false" />
            <line number="157" hits="1" branch="false" />
            <line number="158" hits="1" branch="false" />
            <line number="159" hits="1" branch="false" />
            <line number="160" hits="1" branch="false" />
            <line number="161" hits="1" branch="false" />
            <line number="162" hits="1" branch="false" />
          </lines>
        </class>
      </classes>
    </package>
  </packages>
</coverage>